#
# There is insufficient memory for the Java Runtime Environment to continue.
# Native memory allocation (malloc) failed to allocate 32744 bytes for ChunkPool::allocate
# Possible reasons:
#   The system is out of physical RAM or swap space
#   The process is running with CompressedOops enabled, and the Java Heap may be blocking the growth of the native heap
# Possible solutions:
#   Reduce memory load on the system
#   Increase physical memory or swap space
#   Check if swap backing store is full
#   Decrease Java heap size (-Xmx/-Xms)
#   Decrease number of Java threads
#   Decrease Java thread stack sizes (-Xss)
#   Set larger code cache with -XX:ReservedCodeCacheSize=
#   JVM is running with Unscaled Compressed Oops mode in which the Java heap is
#     placed in the first 4GB address space. The Java Heap base address is the
#     maximum limit for the native heap growth. Please use -XX:HeapBaseMinAddress
#     to set the Java Heap base and to place the Java Heap above 4GB virtual address.
# This output file may be truncated or incomplete.
#
#  Out of Memory Error (arena.cpp:78), pid=8764, tid=4516
#
# JRE version: OpenJDK Runtime Environment (17.0.6) (build 17.0.6+0-b2043.56-10027231)
# Java VM: OpenJDK 64-Bit Server VM (17.0.6+0-b2043.56-10027231, mixed mode, tiered, compressed oops, compressed class ptrs, g1 gc, windows-amd64)
# No core dump will be written. Minidumps are not enabled by default on client versions of Windows
#

---------------  S U M M A R Y ------------

Command Line: -Dorg.gradle.appname=gradlew org.gradle.wrapper.GradleWrapperMain -q -Ptarget-platform=android-x64 -Ptarget=C:\Flutter\women_app\lib\main.dart -Pbase-application-name=android.app.Application -Pdart-defines=RkxVVFRFUl9XRUJfQVVUT19ERVRFQ1Q9dHJ1ZQ==,RkxVVFRFUl9XRUJfQ0FOVkFTS0lUX1VSTD1odHRwczovL3d3dy5nc3RhdGljLmNvbS9mbHV0dGVyLWNhbnZhc2tpdC8wNTQ1Zjg3MDVkZjMwMTg3N2Q3ODcxMDdiYWMxYTZlOWZjOWVlMWFkLw== -Pdart-obfuscation=false -Ptrack-widget-creation=true -Ptree-shake-icons=false -Pfilesystem-scheme=org-dartlang-root assembleDebug

Host: AMD Ryzen 5 5500U with Radeon Graphics         , 12 cores, 5G,  Windows 11 , 64 bit Build 22621 (10.0.22621.3672)
Time: Wed Jul 17 15:11:38 2024 India Standard Time elapsed time: 74.347892 seconds (0d 0h 1m 14s)

---------------  T H R E A D  ---------------

Current thread (0x0000029493122be0):  JavaThread "C2 CompilerThread0" daemon [_thread_in_native, id=4516, stack(0x000000f9e1a00000,0x000000f9e1b00000)]


Current CompileTask:
C2:  74348 1589       4       java.lang.Character::charCount (12 bytes)

Stack: [0x000000f9e1a00000,0x000000f9e1b00000]
Native frames: (J=compiled Java code, j=interpreted, Vv=VM code, C=native code)
V  [jvm.dll+0x683c9a]
V  [jvm.dll+0x8427a4]
V  [jvm.dll+0x843f9e]
V  [jvm.dll+0x844603]
V  [jvm.dll+0x249b75]
V  [jvm.dll+0xabecc]
V  [jvm.dll+0xac27c]
V  [jvm.dll+0x21cf2e]
V  [jvm.dll+0x21ad3a]
V  [jvm.dll+0x1a4fdd]
V  [jvm.dll+0x22b098]
V  [jvm.dll+0x229159]
V  [jvm.dll+0x7f81ec]
V  [jvm.dll+0x7f274a]
V  [jvm.dll+0x682ad5]
C  [ucrtbase.dll+0x29333]
C  [KERNEL32.DLL+0x1257d]
C  [ntdll.dll+0x5af28]


---------------  P R O C E S S  ---------------

Threads class SMR info:
_java_thread_list=0x0000029494d46bd0, length=13, elements={
0x00000294f94c2430, 0x00000294ffb718f0, 0x00000294ffb74db0, 0x00000294ffbb2b70,
0x00000294ffbb5700, 0x00000294ffbb7530, 0x0000029493121ff0, 0x0000029493122be0,
0x0000029493123c80, 0x00000294931254c0, 0x00000294932a0540, 0x00000294932a5cc0,
0x0000029494b8a730
}

Java Threads: ( => current thread )
  0x00000294f94c2430 JavaThread "main" [_thread_in_vm, id=1368, stack(0x000000f9e0c00000,0x000000f9e0d00000)]
  0x00000294ffb718f0 JavaThread "Reference Handler" daemon [_thread_blocked, id=13372, stack(0x000000f9e1300000,0x000000f9e1400000)]
  0x00000294ffb74db0 JavaThread "Finalizer" daemon [_thread_blocked, id=13624, stack(0x000000f9e1400000,0x000000f9e1500000)]
  0x00000294ffbb2b70 JavaThread "Signal Dispatcher" daemon [_thread_blocked, id=16124, stack(0x000000f9e1600000,0x000000f9e1700000)]
  0x00000294ffbb5700 JavaThread "Attach Listener" daemon [_thread_blocked, id=16976, stack(0x000000f9e1700000,0x000000f9e1800000)]
  0x00000294ffbb7530 JavaThread "Service Thread" daemon [_thread_blocked, id=28888, stack(0x000000f9e1800000,0x000000f9e1900000)]
  0x0000029493121ff0 JavaThread "Monitor Deflation Thread" daemon [_thread_blocked, id=9000, stack(0x000000f9e1900000,0x000000f9e1a00000)]
=>0x0000029493122be0 JavaThread "C2 CompilerThread0" daemon [_thread_in_native, id=4516, stack(0x000000f9e1a00000,0x000000f9e1b00000)]
  0x0000029493123c80 JavaThread "C1 CompilerThread0" daemon [_thread_in_native, id=30504, stack(0x000000f9e1b00000,0x000000f9e1c00000)]
  0x00000294931254c0 JavaThread "Sweeper thread" daemon [_thread_blocked, id=6908, stack(0x000000f9e1c00000,0x000000f9e1d00000)]
  0x00000294932a0540 JavaThread "Notification Thread" daemon [_thread_blocked, id=13732, stack(0x000000f9e1d00000,0x000000f9e1e00000)]
  0x00000294932a5cc0 JavaThread "Common-Cleaner" daemon [_thread_blocked, id=26788, stack(0x000000f9e1f00000,0x000000f9e2000000)]
  0x0000029494b8a730 JavaThread "pool-1-thread-1" [_thread_in_native, id=12376, stack(0x000000f9e2400000,0x000000f9e2500000)]

Other Threads:
  0x00000294ffb88cc0 VMThread "VM Thread" [stack: 0x000000f9e1200000,0x000000f9e1300000] [id=1384]
  0x00000294932a0a10 WatcherThread [stack: 0x000000f9e1e00000,0x000000f9e1f00000] [id=12388]
  0x00000294f950d6d0 GCTaskThread "GC Thread#0" [stack: 0x000000f9e0d00000,0x000000f9e0e00000] [id=10156]
  0x0000029493997200 GCTaskThread "GC Thread#1" [stack: 0x000000f9e2000000,0x000000f9e2100000] [id=26224]
  0x00000294939961e0 GCTaskThread "GC Thread#2" [stack: 0x000000f9e2100000,0x000000f9e2200000] [id=15420]
  0x0000029493996ca0 GCTaskThread "GC Thread#3" [stack: 0x000000f9e2200000,0x000000f9e2300000] [id=28932]
  0x0000029493996f50 GCTaskThread "GC Thread#4" [stack: 0x000000f9e2300000,0x000000f9e2400000] [id=24528]
  0x0000029493996740 GCTaskThread "GC Thread#5" [stack: 0x000000f9e2500000,0x000000f9e2600000] [id=25160]
  0x00000294939974b0 GCTaskThread "GC Thread#6" [stack: 0x000000f9e2900000,0x000000f9e2a00000] [id=21956]
  0x00000294939969f0 GCTaskThread "GC Thread#7" [stack: 0x000000f9e2a00000,0x000000f9e2b00000] [id=18952]
  0x0000029493995f30 GCTaskThread "GC Thread#8" [stack: 0x000000f9e2b00000,0x000000f9e2c00000] [id=8948]
  0x0000029494ae20d0 GCTaskThread "GC Thread#9" [stack: 0x000000f9e2c00000,0x000000f9e2d00000] [id=14116]
  0x00000294f951a060 ConcurrentGCThread "G1 Main Marker" [stack: 0x000000f9e0e00000,0x000000f9e0f00000] [id=2492]
  0x00000294f951b990 ConcurrentGCThread "G1 Conc#0" [stack: 0x000000f9e0f00000,0x000000f9e1000000] [id=24712]
  0x00000294f9576540 ConcurrentGCThread "G1 Refine#0" [stack: 0x000000f9e1000000,0x000000f9e1100000] [id=18100]
  0x00000294ff9e00a0 ConcurrentGCThread "G1 Service" [stack: 0x000000f9e1100000,0x000000f9e1200000] [id=31068]

Threads with active compile tasks:
C2 CompilerThread0    75601 1589       4       java.lang.Character::charCount (12 bytes)
C1 CompilerThread0    75602 1591       3       java.util.regex.Pattern$CharPropertyGreedy::match (160 bytes)

VM state: not at safepoint (normal execution)

VM Mutex/Monitor currently owned by a thread: None

Heap address: 0x00000000a2600000, size: 1498 MB, Compressed Oops mode: 32-bit

CDS archive(s) not mapped
Compressed class space mapped at: 0x0000000100000000-0x0000000140000000, reserved size: 1073741824
Narrow klass base: 0x0000000000000000, Narrow klass shift: 3, Narrow klass range: 0x140000000

GC Precious Log:
 CPUs: 12 total, 12 available
 Memory: 5989M
 Large Page Support: Disabled
 NUMA Support: Disabled
 Compressed Oops: Enabled (32-bit)
 Heap Region Size: 1M
 Heap Min Capacity: 8M
 Heap Initial Capacity: 94M
 Heap Max Capacity: 1498M
 Pre-touch: Disabled
 Parallel Workers: 10
 Concurrent Workers: 3
 Concurrent Refinement Workers: 10
 Periodic GC: Disabled

Heap:
 garbage-first heap   total 96256K, used 13931K [0x00000000a2600000, 0x0000000100000000)
  region size 1024K, 4 young (4096K), 1 survivors (1024K)
 Metaspace       used 18058K, committed 18304K, reserved 1073152K
  class space    used 2056K, committed 2176K, reserved 1048576K

Heap Regions: E=young(eden), S=young(survivor), O=old, HS=humongous(starts), HC=humongous(continues), CS=collection set, F=free, OA=open archive, CA=closed archive, TAMS=top-at-mark-start (previous, next)
|   0|0x00000000a2600000, 0x00000000a2700000, 0x00000000a2700000|100%| O|  |TAMS 0x00000000a2600000, 0x00000000a2600000| Untracked 
|   1|0x00000000a2700000, 0x00000000a2800000, 0x00000000a2800000|100%| O|  |TAMS 0x00000000a2700000, 0x00000000a2700000| Untracked 
|   2|0x00000000a2800000, 0x00000000a2900000, 0x00000000a2900000|100%| O|  |TAMS 0x00000000a2800000, 0x00000000a2800000| Untracked 
|   3|0x00000000a2900000, 0x00000000a2a00000, 0x00000000a2a00000|100%|HS|  |TAMS 0x00000000a2900000, 0x00000000a2900000| Complete 
|   4|0x00000000a2a00000, 0x00000000a2b00000, 0x00000000a2b00000|100%|HC|  |TAMS 0x00000000a2a00000, 0x00000000a2a00000| Complete 
|   5|0x00000000a2b00000, 0x00000000a2c00000, 0x00000000a2c00000|100%|HC|  |TAMS 0x00000000a2b00000, 0x00000000a2b00000| Complete 
|   6|0x00000000a2c00000, 0x00000000a2d00000, 0x00000000a2d00000|100%| O|  |TAMS 0x00000000a2c00000, 0x00000000a2c00000| Untracked 
|   7|0x00000000a2d00000, 0x00000000a2e00000, 0x00000000a2e00000|100%| O|  |TAMS 0x00000000a2d00000, 0x00000000a2d00000| Untracked 
|   8|0x00000000a2e00000, 0x00000000a2f00000, 0x00000000a2f00000|100%| O|  |TAMS 0x00000000a2e00000, 0x00000000a2e00000| Untracked 
|   9|0x00000000a2f00000, 0x00000000a3000000, 0x00000000a3000000|100%| O|  |TAMS 0x00000000a2f00000, 0x00000000a2f00000| Untracked 
|  10|0x00000000a3000000, 0x00000000a3100000, 0x00000000a3100000|100%| O|  |TAMS 0x00000000a3000000, 0x00000000a3000000| Untracked 
|  11|0x00000000a3100000, 0x00000000a313ec00, 0x00000000a3200000| 24%| O|  |TAMS 0x00000000a3100000, 0x00000000a3100000| Untracked 
|  12|0x00000000a3200000, 0x00000000a3200000, 0x00000000a3300000|  0%| F|  |TAMS 0x00000000a3200000, 0x00000000a3200000| Untracked 
|  13|0x00000000a3300000, 0x00000000a3300000, 0x00000000a3400000|  0%| F|  |TAMS 0x00000000a3300000, 0x00000000a3300000| Untracked 
|  14|0x00000000a3400000, 0x00000000a3400000, 0x00000000a3500000|  0%| F|  |TAMS 0x00000000a3400000, 0x00000000a3400000| Untracked 
|  15|0x00000000a3500000, 0x00000000a3500000, 0x00000000a3600000|  0%| F|  |TAMS 0x00000000a3500000, 0x00000000a3500000| Untracked 
|  16|0x00000000a3600000, 0x00000000a3600000, 0x00000000a3700000|  0%| F|  |TAMS 0x00000000a3600000, 0x00000000a3600000| Untracked 
|  17|0x00000000a3700000, 0x00000000a3700000, 0x00000000a3800000|  0%| F|  |TAMS 0x00000000a3700000, 0x00000000a3700000| Untracked 
|  18|0x00000000a3800000, 0x00000000a3800000, 0x00000000a3900000|  0%| F|  |TAMS 0x00000000a3800000, 0x00000000a3800000| Untracked 
|  19|0x00000000a3900000, 0x00000000a3900000, 0x00000000a3a00000|  0%| F|  |TAMS 0x00000000a3900000, 0x00000000a3900000| Untracked 
|  20|0x00000000a3a00000, 0x00000000a3a00000, 0x00000000a3b00000|  0%| F|  |TAMS 0x00000000a3a00000, 0x00000000a3a00000| Untracked 
|  21|0x00000000a3b00000, 0x00000000a3b00000, 0x00000000a3c00000|  0%| F|  |TAMS 0x00000000a3b00000, 0x00000000a3b00000| Untracked 
|  22|0x00000000a3c00000, 0x00000000a3c00000, 0x00000000a3d00000|  0%| F|  |TAMS 0x00000000a3c00000, 0x00000000a3c00000| Untracked 
|  23|0x00000000a3d00000, 0x00000000a3d00000, 0x00000000a3e00000|  0%| F|  |TAMS 0x00000000a3d00000, 0x00000000a3d00000| Untracked 
|  24|0x00000000a3e00000, 0x00000000a3e00000, 0x00000000a3f00000|  0%| F|  |TAMS 0x00000000a3e00000, 0x00000000a3e00000| Untracked 
|  25|0x00000000a3f00000, 0x00000000a3f00000, 0x00000000a4000000|  0%| F|  |TAMS 0x00000000a3f00000, 0x00000000a3f00000| Untracked 
|  26|0x00000000a4000000, 0x00000000a4000000, 0x00000000a4100000|  0%| F|  |TAMS 0x00000000a4000000, 0x00000000a4000000| Untracked 
|  27|0x00000000a4100000, 0x00000000a4100000, 0x00000000a4200000|  0%| F|  |TAMS 0x00000000a4100000, 0x00000000a4100000| Untracked 
|  28|0x00000000a4200000, 0x00000000a4200000, 0x00000000a4300000|  0%| F|  |TAMS 0x00000000a4200000, 0x00000000a4200000| Untracked 
|  29|0x00000000a4300000, 0x00000000a4300000, 0x00000000a4400000|  0%| F|  |TAMS 0x00000000a4300000, 0x00000000a4300000| Untracked 
|  30|0x00000000a4400000, 0x00000000a4400000, 0x00000000a4500000|  0%| F|  |TAMS 0x00000000a4400000, 0x00000000a4400000| Untracked 
|  31|0x00000000a4500000, 0x00000000a4500000, 0x00000000a4600000|  0%| F|  |TAMS 0x00000000a4500000, 0x00000000a4500000| Untracked 
|  32|0x00000000a4600000, 0x00000000a4600000, 0x00000000a4700000|  0%| F|  |TAMS 0x00000000a4600000, 0x00000000a4600000| Untracked 
|  33|0x00000000a4700000, 0x00000000a4700000, 0x00000000a4800000|  0%| F|  |TAMS 0x00000000a4700000, 0x00000000a4700000| Untracked 
|  34|0x00000000a4800000, 0x00000000a4800000, 0x00000000a4900000|  0%| F|  |TAMS 0x00000000a4800000, 0x00000000a4800000| Untracked 
|  35|0x00000000a4900000, 0x00000000a4900000, 0x00000000a4a00000|  0%| F|  |TAMS 0x00000000a4900000, 0x00000000a4900000| Untracked 
|  36|0x00000000a4a00000, 0x00000000a4a00000, 0x00000000a4b00000|  0%| F|  |TAMS 0x00000000a4a00000, 0x00000000a4a00000| Untracked 
|  37|0x00000000a4b00000, 0x00000000a4b00000, 0x00000000a4c00000|  0%| F|  |TAMS 0x00000000a4b00000, 0x00000000a4b00000| Untracked 
|  38|0x00000000a4c00000, 0x00000000a4c00000, 0x00000000a4d00000|  0%| F|  |TAMS 0x00000000a4c00000, 0x00000000a4c00000| Untracked 
|  39|0x00000000a4d00000, 0x00000000a4d00000, 0x00000000a4e00000|  0%| F|  |TAMS 0x00000000a4d00000, 0x00000000a4d00000| Untracked 
|  40|0x00000000a4e00000, 0x00000000a4e00000, 0x00000000a4f00000|  0%| F|  |TAMS 0x00000000a4e00000, 0x00000000a4e00000| Untracked 
|  41|0x00000000a4f00000, 0x00000000a4f00000, 0x00000000a5000000|  0%| F|  |TAMS 0x00000000a4f00000, 0x00000000a4f00000| Untracked 
|  42|0x00000000a5000000, 0x00000000a5000000, 0x00000000a5100000|  0%| F|  |TAMS 0x00000000a5000000, 0x00000000a5000000| Untracked 
|  43|0x00000000a5100000, 0x00000000a5100000, 0x00000000a5200000|  0%| F|  |TAMS 0x00000000a5100000, 0x00000000a5100000| Untracked 
|  44|0x00000000a5200000, 0x00000000a5200000, 0x00000000a5300000|  0%| F|  |TAMS 0x00000000a5200000, 0x00000000a5200000| Untracked 
|  45|0x00000000a5300000, 0x00000000a5300000, 0x00000000a5400000|  0%| F|  |TAMS 0x00000000a5300000, 0x00000000a5300000| Untracked 
|  46|0x00000000a5400000, 0x00000000a5400000, 0x00000000a5500000|  0%| F|  |TAMS 0x00000000a5400000, 0x00000000a5400000| Untracked 
|  47|0x00000000a5500000, 0x00000000a5500000, 0x00000000a5600000|  0%| F|  |TAMS 0x00000000a5500000, 0x00000000a5500000| Untracked 
|  48|0x00000000a5600000, 0x00000000a5600000, 0x00000000a5700000|  0%| F|  |TAMS 0x00000000a5600000, 0x00000000a5600000| Untracked 
|  49|0x00000000a5700000, 0x00000000a5700000, 0x00000000a5800000|  0%| F|  |TAMS 0x00000000a5700000, 0x00000000a5700000| Untracked 
|  50|0x00000000a5800000, 0x00000000a5800000, 0x00000000a5900000|  0%| F|  |TAMS 0x00000000a5800000, 0x00000000a5800000| Untracked 
|  51|0x00000000a5900000, 0x00000000a5900000, 0x00000000a5a00000|  0%| F|  |TAMS 0x00000000a5900000, 0x00000000a5900000| Untracked 
|  52|0x00000000a5a00000, 0x00000000a5a00000, 0x00000000a5b00000|  0%| F|  |TAMS 0x00000000a5a00000, 0x00000000a5a00000| Untracked 
|  53|0x00000000a5b00000, 0x00000000a5b00000, 0x00000000a5c00000|  0%| F|  |TAMS 0x00000000a5b00000, 0x00000000a5b00000| Untracked 
|  54|0x00000000a5c00000, 0x00000000a5c00000, 0x00000000a5d00000|  0%| F|  |TAMS 0x00000000a5c00000, 0x00000000a5c00000| Untracked 
|  55|0x00000000a5d00000, 0x00000000a5d00000, 0x00000000a5e00000|  0%| F|  |TAMS 0x00000000a5d00000, 0x00000000a5d00000| Untracked 
|  56|0x00000000a5e00000, 0x00000000a5e00000, 0x00000000a5f00000|  0%| F|  |TAMS 0x00000000a5e00000, 0x00000000a5e00000| Untracked 
|  57|0x00000000a5f00000, 0x00000000a5f00000, 0x00000000a6000000|  0%| F|  |TAMS 0x00000000a5f00000, 0x00000000a5f00000| Untracked 
|  58|0x00000000a6000000, 0x00000000a6000000, 0x00000000a6100000|  0%| F|  |TAMS 0x00000000a6000000, 0x00000000a6000000| Untracked 
|  59|0x00000000a6100000, 0x00000000a6100000, 0x00000000a6200000|  0%| F|  |TAMS 0x00000000a6100000, 0x00000000a6100000| Untracked 
|  60|0x00000000a6200000, 0x00000000a6200000, 0x00000000a6300000|  0%| F|  |TAMS 0x00000000a6200000, 0x00000000a6200000| Untracked 
|  61|0x00000000a6300000, 0x00000000a6300000, 0x00000000a6400000|  0%| F|  |TAMS 0x00000000a6300000, 0x00000000a6300000| Untracked 
|  62|0x00000000a6400000, 0x00000000a6400000, 0x00000000a6500000|  0%| F|  |TAMS 0x00000000a6400000, 0x00000000a6400000| Untracked 
|  63|0x00000000a6500000, 0x00000000a6500000, 0x00000000a6600000|  0%| F|  |TAMS 0x00000000a6500000, 0x00000000a6500000| Untracked 
|  64|0x00000000a6600000, 0x00000000a6600000, 0x00000000a6700000|  0%| F|  |TAMS 0x00000000a6600000, 0x00000000a6600000| Untracked 
|  65|0x00000000a6700000, 0x00000000a6700000, 0x00000000a6800000|  0%| F|  |TAMS 0x00000000a6700000, 0x00000000a6700000| Untracked 
|  66|0x00000000a6800000, 0x00000000a6800000, 0x00000000a6900000|  0%| F|  |TAMS 0x00000000a6800000, 0x00000000a6800000| Untracked 
|  67|0x00000000a6900000, 0x00000000a6900000, 0x00000000a6a00000|  0%| F|  |TAMS 0x00000000a6900000, 0x00000000a6900000| Untracked 
|  68|0x00000000a6a00000, 0x00000000a6a00000, 0x00000000a6b00000|  0%| F|  |TAMS 0x00000000a6a00000, 0x00000000a6a00000| Untracked 
|  69|0x00000000a6b00000, 0x00000000a6b00000, 0x00000000a6c00000|  0%| F|  |TAMS 0x00000000a6b00000, 0x00000000a6b00000| Untracked 
|  70|0x00000000a6c00000, 0x00000000a6c00000, 0x00000000a6d00000|  0%| F|  |TAMS 0x00000000a6c00000, 0x00000000a6c00000| Untracked 
|  71|0x00000000a6d00000, 0x00000000a6d00000, 0x00000000a6e00000|  0%| F|  |TAMS 0x00000000a6d00000, 0x00000000a6d00000| Untracked 
|  72|0x00000000a6e00000, 0x00000000a6e00000, 0x00000000a6f00000|  0%| F|  |TAMS 0x00000000a6e00000, 0x00000000a6e00000| Untracked 
|  73|0x00000000a6f00000, 0x00000000a6f00000, 0x00000000a7000000|  0%| F|  |TAMS 0x00000000a6f00000, 0x00000000a6f00000| Untracked 
|  74|0x00000000a7000000, 0x00000000a7000000, 0x00000000a7100000|  0%| F|  |TAMS 0x00000000a7000000, 0x00000000a7000000| Untracked 
|  75|0x00000000a7100000, 0x00000000a7100000, 0x00000000a7200000|  0%| F|  |TAMS 0x00000000a7100000, 0x00000000a7100000| Untracked 
|  76|0x00000000a7200000, 0x00000000a7200000, 0x00000000a7300000|  0%| F|  |TAMS 0x00000000a7200000, 0x00000000a7200000| Untracked 
|  77|0x00000000a7300000, 0x00000000a7300000, 0x00000000a7400000|  0%| F|  |TAMS 0x00000000a7300000, 0x00000000a7300000| Untracked 
|  78|0x00000000a7400000, 0x00000000a7400000, 0x00000000a7500000|  0%| F|  |TAMS 0x00000000a7400000, 0x00000000a7400000| Untracked 
|  79|0x00000000a7500000, 0x00000000a7500000, 0x00000000a7600000|  0%| F|  |TAMS 0x00000000a7500000, 0x00000000a7500000| Untracked 
|  80|0x00000000a7600000, 0x00000000a7600000, 0x00000000a7700000|  0%| F|  |TAMS 0x00000000a7600000, 0x00000000a7600000| Untracked 
|  81|0x00000000a7700000, 0x00000000a7700000, 0x00000000a7800000|  0%| F|  |TAMS 0x00000000a7700000, 0x00000000a7700000| Untracked 
|  82|0x00000000a7800000, 0x00000000a7800000, 0x00000000a7900000|  0%| F|  |TAMS 0x00000000a7800000, 0x00000000a7800000| Untracked 
|  83|0x00000000a7900000, 0x00000000a7900000, 0x00000000a7a00000|  0%| F|  |TAMS 0x00000000a7900000, 0x00000000a7900000| Untracked 
|  84|0x00000000a7a00000, 0x00000000a7a00000, 0x00000000a7b00000|  0%| F|  |TAMS 0x00000000a7a00000, 0x00000000a7a00000| Untracked 
|  85|0x00000000a7b00000, 0x00000000a7b00000, 0x00000000a7c00000|  0%| F|  |TAMS 0x00000000a7b00000, 0x00000000a7b00000| Untracked 
|  86|0x00000000a7c00000, 0x00000000a7c00000, 0x00000000a7d00000|  0%| F|  |TAMS 0x00000000a7c00000, 0x00000000a7c00000| Untracked 
|  87|0x00000000a7d00000, 0x00000000a7d00000, 0x00000000a7e00000|  0%| F|  |TAMS 0x00000000a7d00000, 0x00000000a7d00000| Untracked 
|  88|0x00000000a7e00000, 0x00000000a7e00000, 0x00000000a7f00000|  0%| F|  |TAMS 0x00000000a7e00000, 0x00000000a7e00000| Untracked 
|  89|0x00000000a7f00000, 0x00000000a7f00000, 0x00000000a8000000|  0%| F|  |TAMS 0x00000000a7f00000, 0x00000000a7f00000| Untracked 
|  90|0x00000000a8000000, 0x00000000a805c2c0, 0x00000000a8100000| 36%| S|CS|TAMS 0x00000000a8000000, 0x00000000a8000000| Complete 
|  91|0x00000000a8100000, 0x00000000a81da020, 0x00000000a8200000| 85%| E|  |TAMS 0x00000000a8100000, 0x00000000a8100000| Complete 
|  92|0x00000000a8200000, 0x00000000a8300000, 0x00000000a8300000|100%| E|CS|TAMS 0x00000000a8200000, 0x00000000a8200000| Complete 
|  93|0x00000000a8300000, 0x00000000a8400000, 0x00000000a8400000|100%| E|CS|TAMS 0x00000000a8300000, 0x00000000a8300000| Complete 

Card table byte_map: [0x00000294fd1c0000,0x00000294fd4b0000] _byte_map_base: 0x00000294fccad000

Marking Bits (Prev, Next): (CMBitMap*) 0x00000294f950dbf0, (CMBitMap*) 0x00000294f950dc30
 Prev Bits: [0x00000294fd7a0000, 0x00000294fef08000)
 Next Bits: [0x000002948f000000, 0x0000029490768000)

Polling page: 0x00000294f7450000

Metaspace:

Usage:
  Non-class:     15.63 MB used.
      Class:      2.01 MB used.
       Both:     17.64 MB used.

Virtual space:
  Non-class space:       24.00 MB reserved,      15.75 MB ( 66%) committed,  3 nodes.
      Class space:        1.00 GB reserved,       2.12 MB ( <1%) committed,  1 nodes.
             Both:        1.02 GB reserved,      17.88 MB (  2%) committed. 

Chunk freelists:
   Non-Class:  3.98 MB
       Class:  1.73 MB
        Both:  5.71 MB

MaxMetaspaceSize: unlimited
CompressedClassSpaceSize: 1.00 GB
Initial GC threshold: 21.00 MB
Current GC threshold: 21.00 MB
CDS: off
MetaspaceReclaimPolicy: balanced
 - commit_granule_bytes: 65536.
 - commit_granule_words: 8192.
 - virtual_space_node_default_size: 1048576.
 - enlarge_chunks_in_place: 1.
 - new_chunks_are_fully_committed: 0.
 - uncommit_free_chunks: 1.
 - use_allocation_guard: 0.
 - handle_deallocations: 1.


Internal statistics:

num_allocs_failed_limit: 0.
num_arena_births: 88.
num_arena_deaths: 0.
num_vsnodes_births: 4.
num_vsnodes_deaths: 0.
num_space_committed: 286.
num_space_uncommitted: 0.
num_chunks_returned_to_freelist: 0.
num_chunks_taken_from_freelist: 329.
num_chunk_merges: 0.
num_chunk_splits: 217.
num_chunks_enlarged: 182.
num_purges: 0.
num_inconsistent_stats: 0.

CodeHeap 'non-profiled nmethods': size=120000Kb used=617Kb max_used=617Kb free=119383Kb
 bounds [0x0000029487ad0000, 0x0000029487d40000, 0x000002948f000000]
CodeHeap 'profiled nmethods': size=120000Kb used=3195Kb max_used=3195Kb free=116804Kb
 bounds [0x0000029480000000, 0x0000029480320000, 0x0000029487530000]
CodeHeap 'non-nmethods': size=5760Kb used=1174Kb max_used=1187Kb free=4585Kb
 bounds [0x0000029487530000, 0x00000294877a0000, 0x0000029487ad0000]
 total_blobs=2059 nmethods=1584 adapters=388
 compilation: enabled
              stopped_count=0, restarted_count=0
 full_count=0

Compilation events (20 events):
Event: 68.871 Thread 0x0000029493122be0 1573       4       java.util.HashMap::resize (356 bytes)
Event: 69.006 Thread 0x0000029493122be0 nmethod 1573 0x0000029487b65890 code [0x0000029487b65a60, 0x0000029487b665b8]
Event: 69.007 Thread 0x0000029493122be0 1574       4       java.util.HashMap::putVal (300 bytes)
Event: 70.015 Thread 0x0000029493122be0 nmethod 1574 0x0000029487b66910 code [0x0000029487b66b20, 0x0000029487b687c8]
Event: 70.385 Thread 0x0000029493123c80 1575       3       java.lang.invoke.MethodTypeForm::cachedLambdaForm (23 bytes)
Event: 70.406 Thread 0x0000029493123c80 nmethod 1575 0x000002948031b890 code [0x000002948031ba40, 0x000002948031bd88]
Event: 70.406 Thread 0x0000029493123c80 1576       3       java.lang.invoke.MethodHandles$Lookup::hasFullPrivilegeAccess (18 bytes)
Event: 70.421 Thread 0x0000029493123c80 nmethod 1576 0x000002948031be90 code [0x000002948031c020, 0x000002948031c198]
Event: 70.438 Thread 0x0000029493122be0 1577       4       jdk.internal.org.objectweb.asm.Symbol::<init> (38 bytes)
Event: 70.443 Thread 0x0000029493122be0 nmethod 1577 0x0000029487b69490 code [0x0000029487b69600, 0x0000029487b69918]
Event: 70.904 Thread 0x0000029493123c80 1578       3       java.lang.StringUTF16::getChar (60 bytes)
Event: 70.905 Thread 0x0000029493123c80 nmethod 1578 0x000002948031c210 code [0x000002948031c3a0, 0x000002948031c518]
Event: 70.905 Thread 0x0000029493122be0 1579       4       java.lang.StringUTF16::getChar (60 bytes)
Event: 70.907 Thread 0x0000029493122be0 nmethod 1579 0x0000029487b69990 code [0x0000029487b69b00, 0x0000029487b69bd8]
Event: 73.901 Thread 0x0000029493123c80 1580       3       java.lang.invoke.DirectMethodHandle::allocateInstance (16 bytes)
Event: 73.903 Thread 0x0000029493123c80 nmethod 1580 0x000002948031c610 code [0x000002948031c7c0, 0x000002948031c9e8]
Event: 73.903 Thread 0x0000029493123c80 1582       3       java.lang.invoke.DirectMethodHandle::constructorMethod (10 bytes)
Event: 73.903 Thread 0x0000029493123c80 nmethod 1582 0x000002948031cb10 code [0x000002948031cca0, 0x000002948031ce78]
Event: 73.941 Thread 0x0000029493123c80 1583       3       java.nio.CharBuffer::charAt (16 bytes)
Event: 73.943 Thread 0x0000029493122be0 1589       4       java.lang.Character::charCount (12 bytes)

GC Heap History (8 events):
Event: 14.605 GC heap before
{Heap before GC invocations=0 (full 0):
 garbage-first heap   total 96256K, used 28672K [0x00000000a2600000, 0x0000000100000000)
  region size 1024K, 23 young (23552K), 0 survivors (0K)
 Metaspace       used 11301K, committed 11456K, reserved 1064960K
  class space    used 1195K, committed 1280K, reserved 1048576K
}
Event: 14.866 GC heap after
{Heap after GC invocations=1 (full 0):
 garbage-first heap   total 96256K, used 9416K [0x00000000a2600000, 0x0000000100000000)
  region size 1024K, 3 young (3072K), 3 survivors (3072K)
 Metaspace       used 11301K, committed 11456K, reserved 1064960K
  class space    used 1195K, committed 1280K, reserved 1048576K
}
Event: 19.634 GC heap before
{Heap before GC invocations=1 (full 0):
 garbage-first heap   total 96256K, used 18632K [0x00000000a2600000, 0x0000000100000000)
  region size 1024K, 12 young (12288K), 3 survivors (3072K)
 Metaspace       used 14390K, committed 14528K, reserved 1064960K
  class space    used 1671K, committed 1728K, reserved 1048576K
}
Event: 20.427 GC heap after
{Heap after GC invocations=2 (full 0):
 garbage-first heap   total 96256K, used 10193K [0x00000000a2600000, 0x0000000100000000)
  region size 1024K, 1 young (1024K), 1 survivors (1024K)
 Metaspace       used 14390K, committed 14528K, reserved 1064960K
  class space    used 1671K, committed 1728K, reserved 1048576K
}
Event: 54.720 GC heap before
{Heap before GC invocations=2 (full 0):
 garbage-first heap   total 96256K, used 15313K [0x00000000a2600000, 0x0000000100000000)
  region size 1024K, 6 young (6144K), 1 survivors (1024K)
 Metaspace       used 16722K, committed 16960K, reserved 1064960K
  class space    used 1927K, committed 2048K, reserved 1048576K
}
Event: 54.891 GC heap after
{Heap after GC invocations=3 (full 0):
 garbage-first heap   total 96256K, used 11467K [0x00000000a2600000, 0x0000000100000000)
  region size 1024K, 1 young (1024K), 1 survivors (1024K)
 Metaspace       used 16722K, committed 16960K, reserved 1064960K
  class space    used 1927K, committed 2048K, reserved 1048576K
}
Event: 57.667 GC heap before
{Heap before GC invocations=3 (full 0):
 garbage-first heap   total 96256K, used 14539K [0x00000000a2600000, 0x0000000100000000)
  region size 1024K, 4 young (4096K), 1 survivors (1024K)
 Metaspace       used 16928K, committed 17152K, reserved 1064960K
  class space    used 1936K, committed 2048K, reserved 1048576K
}
Event: 57.703 GC heap after
{Heap after GC invocations=4 (full 0):
 garbage-first heap   total 96256K, used 11883K [0x00000000a2600000, 0x0000000100000000)
  region size 1024K, 1 young (1024K), 1 survivors (1024K)
 Metaspace       used 16928K, committed 17152K, reserved 1064960K
  class space    used 1936K, committed 2048K, reserved 1048576K
}

Dll operation events (2 events):
Event: 0.199 Loaded shared library C:\Program Files\Android\Android Studio\jbr\bin\java.dll
Event: 0.690 Loaded shared library C:\Program Files\Android\Android Studio\jbr\bin\verify.dll

Deoptimization events (20 events):
Event: 70.602 Thread 0x0000029494b89d90 Uncommon trap: trap_request=0xffffff45 fr.pc=0x0000029487b23a48 relative=0x0000000000000048
Event: 70.602 Thread 0x0000029494b89d90 Uncommon trap: reason=unstable_if action=reinterpret pc=0x0000029487b23a48 method=java.lang.CharacterData.of(I)Ljava/lang/CharacterData; @ 4 c2
Event: 70.602 Thread 0x0000029494b89d90 DEOPT PACKING pc=0x0000029487b23a48 sp=0x000000f9e0afe170
Event: 70.602 Thread 0x0000029494b89d90 DEOPT UNPACKING pc=0x00000294875869a3 sp=0x000000f9e0afe108 mode 2
Event: 71.322 Thread 0x0000029494b89d90 Uncommon trap: trap_request=0xffffff45 fr.pc=0x0000029487b52db8 relative=0x00000000000004f8
Event: 71.322 Thread 0x0000029494b89d90 Uncommon trap: reason=unstable_if action=reinterpret pc=0x0000029487b52db8 method=java.lang.AbstractStringBuilder.putStringAt(ILjava/lang/String;II)V @ 8 c2
Event: 71.322 Thread 0x0000029494b89d90 DEOPT PACKING pc=0x0000029487b52db8 sp=0x000000f9e0afea10
Event: 71.322 Thread 0x0000029494b89d90 DEOPT UNPACKING pc=0x00000294875869a3 sp=0x000000f9e0afe8f0 mode 2
Event: 71.322 Thread 0x0000029494b89d90 Uncommon trap: trap_request=0xffffff45 fr.pc=0x0000029487b0714c relative=0x000000000000012c
Event: 71.322 Thread 0x0000029494b89d90 Uncommon trap: reason=unstable_if action=reinterpret pc=0x0000029487b0714c method=java.lang.AbstractStringBuilder.putStringAt(ILjava/lang/String;II)V @ 8 c2
Event: 71.322 Thread 0x0000029494b89d90 DEOPT PACKING pc=0x0000029487b0714c sp=0x000000f9e0afe990
Event: 71.322 Thread 0x0000029494b89d90 DEOPT UNPACKING pc=0x00000294875869a3 sp=0x000000f9e0afe8d8 mode 2
Event: 71.322 Thread 0x0000029494b89d90 Uncommon trap: trap_request=0xffffff45 fr.pc=0x0000029487b060dc relative=0x000000000000005c
Event: 71.322 Thread 0x0000029494b89d90 Uncommon trap: reason=unstable_if action=reinterpret pc=0x0000029487b060dc method=java.lang.AbstractStringBuilder.isLatin1()Z @ 10 c2
Event: 71.322 Thread 0x0000029494b89d90 DEOPT PACKING pc=0x0000029487b060dc sp=0x000000f9e0afe880
Event: 71.323 Thread 0x0000029494b89d90 DEOPT UNPACKING pc=0x00000294875869a3 sp=0x000000f9e0afe810 mode 2
Event: 71.323 Thread 0x0000029494b89d90 Uncommon trap: trap_request=0xffffff45 fr.pc=0x0000029487b3a4ec relative=0x00000000000003cc
Event: 71.323 Thread 0x0000029494b89d90 Uncommon trap: reason=unstable_if action=reinterpret pc=0x0000029487b3a4ec method=java.lang.AbstractStringBuilder.isLatin1()Z @ 10 c2
Event: 71.323 Thread 0x0000029494b89d90 DEOPT PACKING pc=0x0000029487b3a4ec sp=0x000000f9e0afea60
Event: 71.323 Thread 0x0000029494b89d90 DEOPT UNPACKING pc=0x00000294875869a3 sp=0x000000f9e0afe9e0 mode 2

Classes unloaded (0 events):
No events

Classes redefined (0 events):
No events

Internal exceptions (20 events):
Event: 13.696 Thread 0x00000294f94c2430 Exception <a 'java/lang/NoSuchMethodError'{0x00000000a6eda0a0}: 'java.lang.Object java.lang.invoke.Invokers$Holder.invoker(java.lang.Object, java.lang.Object, java.lang.Object)'> (0x00000000a6eda0a0) 
thrown [s\src\hotspot\share\interpreter\linkResolver.cpp, line 771]
Event: 13.793 Thread 0x00000294f94c2430 Exception <a 'java/lang/NoSuchMethodError'{0x00000000a6ee3148}: 'java.lang.Object java.lang.invoke.DirectMethodHandle$Holder.invokeStatic(java.lang.Object, java.lang.Object, int)'> (0x00000000a6ee3148) 
thrown [s\src\hotspot\share\interpreter\linkResolver.cpp, line 771]
Event: 13.838 Thread 0x00000294f94c2430 Exception <a 'java/lang/NoSuchMethodError'{0x00000000a6eef090}: 'void java.lang.invoke.DelegatingMethodHandle$Holder.delegate(java.lang.Object, java.lang.Object, int, java.lang.Object)'> (0x00000000a6eef090) 
thrown [s\src\hotspot\share\interpreter\linkResolver.cpp, line 771]
Event: 13.912 Thread 0x00000294f94c2430 Exception <a 'java/lang/NoSuchMethodError'{0x00000000a6ef31d8}: 'int java.lang.invoke.DirectMethodHandle$Holder.invokeSpecial(java.lang.Object, java.lang.Object, java.lang.Object)'> (0x00000000a6ef31d8) 
thrown [s\src\hotspot\share\interpreter\linkResolver.cpp, line 771]
Event: 14.038 Thread 0x00000294f94c2430 Exception <a 'java/lang/NoSuchMethodError'{0x00000000a6d069d0}: 'java.lang.Object java.lang.invoke.Invokers$Holder.invokeExact_MT(java.lang.Object, java.lang.Object, java.lang.Object, java.lang.Object)'> (0x00000000a6d069d0) 
thrown [s\src\hotspot\share\interpreter\linkResolver.cpp, line 771]
Event: 15.496 Thread 0x00000294f94c2430 Exception <a 'java/lang/NoSuchMethodError'{0x00000000a800b890}: 'java.lang.Object java.lang.invoke.DirectMethodHandle$Holder.invokeInterface(java.lang.Object, java.lang.Object, java.lang.Object)'> (0x00000000a800b890) 
thrown [s\src\hotspot\share\interpreter\linkResolver.cpp, line 771]
Event: 15.546 Thread 0x00000294f94c2430 Exception <a 'java/lang/NoSuchMethodError'{0x00000000a802d1e0}: 'void java.lang.invoke.DirectMethodHandle$Holder.invokeSpecial(java.lang.Object, java.lang.Object, java.lang.Object)'> (0x00000000a802d1e0) 
thrown [s\src\hotspot\share\interpreter\linkResolver.cpp, line 771]
Event: 15.819 Thread 0x00000294f94c2430 Implicit null exception at 0x0000029487b1b713 to 0x0000029487b1bb4c
Event: 15.819 Thread 0x00000294f94c2430 Implicit null exception at 0x0000029487b0a211 to 0x0000029487b0a63c
Event: 16.231 Thread 0x00000294f94c2430 Exception <a 'java/lang/NoSuchMethodError'{0x00000000a7fcb6a0}: 'java.lang.Object java.lang.invoke.DirectMethodHandle$Holder.invokeStaticInit(java.lang.Object)'> (0x00000000a7fcb6a0) 
thrown [s\src\hotspot\share\interpreter\linkResolver.cpp, line 771]
Event: 17.812 Thread 0x00000294f94c2430 Exception <a 'java/lang/NoSuchMethodError'{0x00000000a7bc4820}: 'java.lang.Object java.lang.invoke.DirectMethodHandle$Holder.invokeStaticInit(java.lang.Object, int, int, int, int)'> (0x00000000a7bc4820) 
thrown [s\src\hotspot\share\interpreter\linkResolver.cpp, line 771]
Event: 20.955 Thread 0x00000294f94c2430 Exception <a 'java/lang/NoSuchMethodError'{0x00000000a837ca50}: 'java.lang.Object java.lang.invoke.DirectMethodHandle$Holder.invokeStaticInit(java.lang.Object, java.lang.Object, int, int, int, int)'> (0x00000000a837ca50) 
thrown [s\src\hotspot\share\interpreter\linkResolver.cpp, line 771]
Event: 26.305 Thread 0x00000294f94c2430 Exception <a 'java/lang/NoSuchMethodError'{0x00000000a83a9998}: 'void java.lang.invoke.DirectMethodHandle$Holder.invokeStatic(java.lang.Object, java.lang.Object, java.lang.Object)'> (0x00000000a83a9998) 
thrown [s\src\hotspot\share\interpreter\linkResolver.cpp, line 771]
Event: 29.558 Thread 0x00000294f94c2430 Implicit null exception at 0x0000029487b063f2 to 0x0000029487b069c0
Event: 29.559 Thread 0x00000294f94c2430 Implicit null exception at 0x0000029487b10af2 to 0x0000029487b110d0
Event: 67.038 Thread 0x0000029494b89d90 Exception <a 'java/lang/NoSuchMethodError'{0x00000000a82e1e50}: 'void java.lang.invoke.DirectMethodHandle$Holder.invokeStatic(java.lang.Object, long)'> (0x00000000a82e1e50) 
thrown [s\src\hotspot\share\interpreter\linkResolver.cpp, line 771]
Event: 67.084 Thread 0x0000029494b89d90 Exception <a 'java/lang/NoSuchMethodError'{0x00000000a82e7760}: 'java.lang.Object java.lang.invoke.DirectMethodHandle$Holder.newInvokeSpecial(java.lang.Object, long)'> (0x00000000a82e7760) 
thrown [s\src\hotspot\share\interpreter\linkResolver.cpp, line 771]
Event: 67.188 Thread 0x0000029494b89d90 Exception <a 'java/lang/NoSuchMethodError'{0x00000000a82f2608}: 'java.lang.Object java.lang.invoke.DirectMethodHandle$Holder.invokeStaticInit(java.lang.Object, java.lang.Object, long, java.lang.Object)'> (0x00000000a82f2608) 
thrown [s\src\hotspot\share\interpreter\linkResolver.cpp, line 771]
Event: 67.189 Thread 0x0000029494b89d90 Exception <a 'java/lang/NoSuchMethodError'{0x00000000a82f8ee0}: 'java.lang.Object java.lang.invoke.DirectMethodHandle$Holder.newInvokeSpecial(java.lang.Object, java.lang.Object, long)'> (0x00000000a82f8ee0) 
thrown [s\src\hotspot\share\interpreter\linkResolver.cpp, line 771]
Event: 67.190 Thread 0x0000029494b89d90 Exception <a 'java/lang/NoSuchMethodError'{0x00000000a82fd1d0}: 'java.lang.Object java.lang.invoke.Invokers$Holder.linkToTargetMethod(java.lang.Object, long, java.lang.Object)'> (0x00000000a82fd1d0) 
thrown [s\src\hotspot\share\interpreter\linkResolver.cpp, line 771]

VM Operations (20 events):
Event: 56.893 Executing VM operation: Cleanup
Event: 56.909 Executing VM operation: Cleanup done
Event: 57.664 Executing VM operation: G1CollectForAllocation
Event: 57.704 Executing VM operation: G1CollectForAllocation done
Event: 58.717 Executing VM operation: Cleanup
Event: 58.717 Executing VM operation: Cleanup done
Event: 60.444 Executing VM operation: HandshakeAllThreads
Event: 60.470 Executing VM operation: HandshakeAllThreads done
Event: 60.470 Executing VM operation: Cleanup
Event: 60.470 Executing VM operation: Cleanup done
Event: 66.534 Executing VM operation: Cleanup
Event: 66.534 Executing VM operation: Cleanup done
Event: 67.517 Executing VM operation: HandshakeAllThreads
Event: 67.520 Executing VM operation: HandshakeAllThreads done
Event: 68.532 Executing VM operation: Cleanup
Event: 68.565 Executing VM operation: Cleanup done
Event: 70.889 Executing VM operation: HandshakeAllThreads
Event: 70.899 Executing VM operation: HandshakeAllThreads done
Event: 71.901 Executing VM operation: Cleanup
Event: 71.935 Executing VM operation: Cleanup done

Events (20 events):
Event: 70.317 loading class java/util/stream/Sink$OfInt done
Event: 70.317 loading class java/util/stream/FindOps$FindSink$OfInt done
Event: 70.318 loading class java/util/OptionalInt
Event: 70.384 loading class java/util/OptionalInt done
Event: 70.439 loading class java/util/stream/IntPipeline$10$1
Event: 70.511 loading class java/util/stream/Sink$ChainedInt
Event: 70.526 loading class java/util/stream/Sink$ChainedInt done
Event: 70.526 loading class java/util/stream/IntPipeline$10$1 done
Event: 70.555 loading class java/lang/StringUTF16$CharsSpliterator
Event: 70.602 loading class java/lang/StringUTF16$CharsSpliterator done
Event: 70.602 loading class java/lang/CharacterData00
Event: 70.697 loading class java/lang/CharacterData00 done
Event: 70.909 loading class java/text/DecimalFormat
Event: 71.119 loading class java/text/DecimalFormat done
Event: 71.120 loading class java/text/FieldPosition
Event: 71.279 loading class java/text/FieldPosition done
Event: 71.280 loading class java/text/DigitList
Event: 71.295 loading class java/text/DigitList done
Event: 73.905 loading class java/util/regex/Matcher$ImmutableMatchResult
Event: 73.936 loading class java/util/regex/Matcher$ImmutableMatchResult done


Dynamic libraries:
0x00007ff6a7d70000 - 0x00007ff6a7d7a000 	C:\Program Files\Android\Android Studio\jbr\bin\java.exe
0x00007ff9cbff0000 - 0x00007ff9cc207000 	C:\WINDOWS\SYSTEM32\ntdll.dll
0x00007ff9c9d30000 - 0x00007ff9c9df4000 	C:\WINDOWS\System32\KERNEL32.DLL
0x00007ff9c96d0000 - 0x00007ff9c9a7d000 	C:\WINDOWS\System32\KERNELBASE.dll
0x00007ff9c95b0000 - 0x00007ff9c96c1000 	C:\WINDOWS\System32\ucrtbase.dll
0x00007ff9bf170000 - 0x00007ff9bf187000 	C:\Program Files\Android\Android Studio\jbr\bin\jli.dll
0x00007ff9cbc30000 - 0x00007ff9cbdde000 	C:\WINDOWS\System32\USER32.dll
0x00007ff9c9a80000 - 0x00007ff9c9aa6000 	C:\WINDOWS\System32\win32u.dll
0x00007ff9cbde0000 - 0x00007ff9cbe09000 	C:\WINDOWS\System32\GDI32.dll
0x00007ff9c9c10000 - 0x00007ff9c9d29000 	C:\WINDOWS\System32\gdi32full.dll
0x00007ff9c9ab0000 - 0x00007ff9c9b4a000 	C:\WINDOWS\System32\msvcp_win.dll
0x00007ff9a3f30000 - 0x00007ff9a3f4b000 	C:\Program Files\Android\Android Studio\jbr\bin\VCRUNTIME140.dll
0x00007ff9ac890000 - 0x00007ff9acb23000 	C:\WINDOWS\WinSxS\amd64_microsoft.windows.common-controls_6595b64144ccf1df_6.0.22621.3672_none_2713b9d173822955\COMCTL32.dll
0x00007ff9c9fb0000 - 0x00007ff9ca057000 	C:\WINDOWS\System32\msvcrt.dll
0x00007ff9ca080000 - 0x00007ff9ca0b1000 	C:\WINDOWS\System32\IMM32.DLL
0x00007ff9b76e0000 - 0x00007ff9b76ec000 	C:\Program Files\Android\Android Studio\jbr\bin\vcruntime140_1.dll
0x00007ff959240000 - 0x00007ff9592cd000 	C:\Program Files\Android\Android Studio\jbr\bin\msvcp140.dll
0x00007ff934530000 - 0x00007ff93519e000 	C:\Program Files\Android\Android Studio\jbr\bin\server\jvm.dll
0x00007ff9ca0c0000 - 0x00007ff9ca172000 	C:\WINDOWS\System32\ADVAPI32.dll
0x00007ff9ca730000 - 0x00007ff9ca7d9000 	C:\WINDOWS\System32\sechost.dll
0x00007ff9c9410000 - 0x00007ff9c9438000 	C:\WINDOWS\System32\bcrypt.dll
0x00007ff9ca180000 - 0x00007ff9ca294000 	C:\WINDOWS\System32\RPCRT4.dll
0x00007ff9a3f20000 - 0x00007ff9a3f29000 	C:\WINDOWS\SYSTEM32\WSOCK32.dll
0x00007ff9cb200000 - 0x00007ff9cb271000 	C:\WINDOWS\System32\WS2_32.dll
0x00007ff9c4b50000 - 0x00007ff9c4b84000 	C:\WINDOWS\SYSTEM32\WINMM.dll
0x00007ff9c0f10000 - 0x00007ff9c0f1a000 	C:\WINDOWS\SYSTEM32\VERSION.dll
0x00007ff9c8350000 - 0x00007ff9c8368000 	C:\WINDOWS\SYSTEM32\kernel.appcore.dll
0x00007ff9a3f10000 - 0x00007ff9a3f1a000 	C:\Program Files\Android\Android Studio\jbr\bin\jimage.dll
0x00007ff9c6d70000 - 0x00007ff9c6fa2000 	C:\WINDOWS\SYSTEM32\DBGHELP.DLL
0x00007ff9cb3b0000 - 0x00007ff9cb738000 	C:\WINDOWS\System32\combase.dll
0x00007ff9cb280000 - 0x00007ff9cb357000 	C:\WINDOWS\System32\OLEAUT32.dll
0x00007ff9c1220000 - 0x00007ff9c1252000 	C:\WINDOWS\SYSTEM32\dbgcore.DLL
0x00007ff9c9320000 - 0x00007ff9c939b000 	C:\WINDOWS\System32\bcryptPrimitives.dll
0x00007ff99b3c0000 - 0x00007ff99b3e5000 	C:\Program Files\Android\Android Studio\jbr\bin\java.dll
0x00007ff99b3a0000 - 0x00007ff99b3b8000 	C:\Program Files\Android\Android Studio\jbr\bin\zip.dll
0x00007ff9ca9a0000 - 0x00007ff9cb1ff000 	C:\WINDOWS\System32\SHELL32.dll
0x00007ff9c7270000 - 0x00007ff9c7b6c000 	C:\WINDOWS\SYSTEM32\windows.storage.dll
0x00007ff9c7130000 - 0x00007ff9c726f000 	C:\WINDOWS\SYSTEM32\wintypes.dll
0x00007ff9ca3b0000 - 0x00007ff9ca4a4000 	C:\WINDOWS\System32\SHCORE.dll
0x00007ff9ca690000 - 0x00007ff9ca6ee000 	C:\WINDOWS\System32\shlwapi.dll
0x00007ff9c9250000 - 0x00007ff9c9271000 	C:\WINDOWS\SYSTEM32\profapi.dll
0x00007ff99b380000 - 0x00007ff99b399000 	C:\Program Files\Android\Android Studio\jbr\bin\net.dll
0x00007ff9c5000000 - 0x00007ff9c5136000 	C:\WINDOWS\SYSTEM32\WINHTTP.dll
0x00007ff9c87c0000 - 0x00007ff9c8829000 	C:\WINDOWS\system32\mswsock.dll
0x00007ff99aa20000 - 0x00007ff99aa36000 	C:\Program Files\Android\Android Studio\jbr\bin\nio.dll
0x00007ff99b370000 - 0x00007ff99b380000 	C:\Program Files\Android\Android Studio\jbr\bin\verify.dll
0x00007ff95a9e0000 - 0x00007ff95aa07000 	C:\Users\ankit\.gradle\native\e1d6ef7f7dcc3fd88c89a11ec53ec762bb8ba0a96d01ffa2cd45eb1d1d8dd5c5\windows-amd64\native-platform.dll
0x00007ff99a9f0000 - 0x00007ff99a9f9000 	C:\Program Files\Android\Android Studio\jbr\bin\management.dll
0x00007ff99a9e0000 - 0x00007ff99a9eb000 	C:\Program Files\Android\Android Studio\jbr\bin\management_ext.dll
0x00007ff9ca700000 - 0x00007ff9ca708000 	C:\WINDOWS\System32\PSAPI.DLL
0x00007ff9c8a30000 - 0x00007ff9c8a4b000 	C:\WINDOWS\SYSTEM32\CRYPTSP.dll
0x00007ff9c82b0000 - 0x00007ff9c82e5000 	C:\WINDOWS\system32\rsaenh.dll
0x00007ff9c88c0000 - 0x00007ff9c88e8000 	C:\WINDOWS\SYSTEM32\USERENV.dll
0x00007ff9c8a20000 - 0x00007ff9c8a2c000 	C:\WINDOWS\SYSTEM32\CRYPTBASE.dll
0x00007ff9c7dd0000 - 0x00007ff9c7dfd000 	C:\WINDOWS\SYSTEM32\IPHLPAPI.DLL
0x00007ff9ca6f0000 - 0x00007ff9ca6f9000 	C:\WINDOWS\System32\NSI.dll
0x00007ff9c4f60000 - 0x00007ff9c4f79000 	C:\WINDOWS\SYSTEM32\dhcpcsvc6.DLL
0x00007ff9c4ea0000 - 0x00007ff9c4ebf000 	C:\WINDOWS\SYSTEM32\dhcpcsvc.DLL
0x00007ff9c7e40000 - 0x00007ff9c7f38000 	C:\WINDOWS\SYSTEM32\DNSAPI.dll
0x00007ff99aa10000 - 0x00007ff99aa18000 	C:\WINDOWS\system32\wshunix.dll

dbghelp: loaded successfully - version: 4.0.5 - missing functions: none
symbol engine: initialized successfully - sym options: 0x614 - pdb path: .;C:\Program Files\Android\Android Studio\jbr\bin;C:\WINDOWS\SYSTEM32;C:\WINDOWS\WinSxS\amd64_microsoft.windows.common-controls_6595b64144ccf1df_6.0.22621.3672_none_2713b9d173822955;C:\Program Files\Android\Android Studio\jbr\bin\server;C:\Users\ankit\.gradle\native\e1d6ef7f7dcc3fd88c89a11ec53ec762bb8ba0a96d01ffa2cd45eb1d1d8dd5c5\windows-amd64

VM Arguments:
jvm_args: -Dorg.gradle.appname=gradlew 
java_command: org.gradle.wrapper.GradleWrapperMain -q -Ptarget-platform=android-x64 -Ptarget=C:\Flutter\women_app\lib\main.dart -Pbase-application-name=android.app.Application -Pdart-defines=RkxVVFRFUl9XRUJfQVVUT19ERVRFQ1Q9dHJ1ZQ==,RkxVVFRFUl9XRUJfQ0FOVkFTS0lUX1VSTD1odHRwczovL3d3dy5nc3RhdGljLmNvbS9mbHV0dGVyLWNhbnZhc2tpdC8wNTQ1Zjg3MDVkZjMwMTg3N2Q3ODcxMDdiYWMxYTZlOWZjOWVlMWFkLw== -Pdart-obfuscation=false -Ptrack-widget-creation=true -Ptree-shake-icons=false -Pfilesystem-scheme=org-dartlang-root assembleDebug
java_class_path (initial): C:\Flutter\women_app\android\\gradle\wrapper\gradle-wrapper.jar
Launcher Type: SUN_STANDARD

[Global flags]
     intx CICompilerCount                          = 4                                         {product} {ergonomic}
     uint ConcGCThreads                            = 3                                         {product} {ergonomic}
     uint G1ConcRefinementThreads                  = 10                                        {product} {ergonomic}
   size_t G1HeapRegionSize                         = 1048576                                   {product} {ergonomic}
    uintx GCDrainStackTargetSize                   = 64                                        {product} {ergonomic}
   size_t InitialHeapSize                          = 98566144                                  {product} {ergonomic}
   size_t MarkStackSize                            = 4194304                                   {product} {ergonomic}
   size_t MaxHeapSize                              = 1570766848                                {product} {ergonomic}
   size_t MaxNewSize                               = 941621248                                 {product} {ergonomic}
   size_t MinHeapDeltaBytes                        = 1048576                                   {product} {ergonomic}
   size_t MinHeapSize                              = 8388608                                   {product} {ergonomic}
    uintx NonNMethodCodeHeapSize                   = 5839372                                {pd product} {ergonomic}
    uintx NonProfiledCodeHeapSize                  = 122909434                              {pd product} {ergonomic}
    uintx ProfiledCodeHeapSize                     = 122909434                              {pd product} {ergonomic}
    uintx ReservedCodeCacheSize                    = 251658240                              {pd product} {ergonomic}
     bool SegmentedCodeCache                       = true                                      {product} {ergonomic}
   size_t SoftMaxHeapSize                          = 1570766848                             {manageable} {ergonomic}
     bool UseCompressedClassPointers               = true                           {product lp64_product} {ergonomic}
     bool UseCompressedOops                        = true                           {product lp64_product} {ergonomic}
     bool UseG1GC                                  = true                                      {product} {ergonomic}
     bool UseLargePagesIndividualAllocation        = false                                  {pd product} {ergonomic}

Logging:
Log output configuration:
 #0: stdout all=warning uptime,level,tags
 #1: stderr all=off uptime,level,tags

Environment Variables:
JAVA_HOME=C:\Program Files\Android\Android Studio\jbr
CLASSPATH=C:\Flutter\women_app\android\\gradle\wrapper\gradle-wrapper.jar
PATH=C:\Program Files\Android\Android Studio\jbr\bin;C:\Program Files (x86)\VMware\VMware Workstation\bin\;C:\Program Files\Python311\Scripts\;C:\Program Files\Python311\;C:\Program Files\Common Files\Oracle\Java\javapath;C:\WINDOWS\system32;C:\WINDOWS;C:\WINDOWS\System32\Wbem;C:\WINDOWS\System32\WindowsPowerShell\v1.0\;C:\WINDOWS\System32\OpenSSH\;C:\Program Files\Java\jdk-20\bin;C:\Program Files\Git\cmd;C:\Program Files\Git\mingw64\bin;C:\Program Files\Git\usr\bin;C:\Users\ankit\AppData\Local\Pub\Cache\bin;C:\Program Files\nodejs\;C:\Program Files\MySQL\MySQL Server 8.0\bin;C:\MinGW\bin;C:\Users\ankit\AppData\Local\Microsoft\WindowsApps;C:\Users\ankit\AppData\Local\Programs\Microsoft VS Code\bin;C:\src\flutter\bin;C:\Android\sdk;C:\Android\sdk\platform-tools;C:\Users\ankit\AppData\Roaming\npm;C:\src\flutter\bin\mingit\cmd;C:\src\flutter\bin\mingit\cmd
USERNAME=ankit
OS=Windows_NT
PROCESSOR_IDENTIFIER=AMD64 Family 23 Model 104 Stepping 1, AuthenticAMD
TMP=C:\Users\ankit\AppData\Local\Temp
TEMP=C:\Users\ankit\AppData\Local\Temp


JNI global refs:
JNI global refs: 19, weak refs: 16

JNI global refs memory usage: 843, weak refs: 841


---------------  S Y S T E M  ---------------

OS:
 Windows 11 , 64 bit Build 22621 (10.0.22621.3672)
OS uptime: 2 days 19:41 hours

CPU: total 12 (initial active 12) (12 cores per cpu, 2 threads per core) family 23 model 104 stepping 1 microcode 0x0, cx8, cmov, fxsr, ht, mmx, 3dnowpref, sse, sse2, sse3, ssse3, sse4a, sse4.1, sse4.2, popcnt, lzcnt, tsc, tscinvbit, avx, avx2, aes, clmul, bmi1, bmi2, adx, sha, fma, vzeroupper, clflush, clflushopt

Memory: 4k page, system-wide physical 5989M (0M free)
TotalPageFile size 24421M (AvailPageFile size 0M)
current process WorkingSet (physical memory assigned to process): 8M, peak: 51M
current process commit charge ("private bytes"): 197M, peak: 200M

vm_info: OpenJDK 64-Bit Server VM (17.0.6+0-b2043.56-10027231) for windows-amd64 JRE (17.0.6+0-b2043.56-10027231), built on Apr 28 2023 00:43:19 by "androidbuild" with MS VC++ 16.10 / 16.11 (VS2019)

END.
