#
# There is insufficient memory for the Java Runtime Environment to continue.
# Native memory allocation (malloc) failed to allocate 32784 bytes for Chunk::new
# Possible reasons:
#   The system is out of physical RAM or swap space
#   The process is running with CompressedOops enabled, and the Java Heap may be blocking the growth of the native heap
# Possible solutions:
#   Reduce memory load on the system
#   Increase physical memory or swap space
#   Check if swap backing store is full
#   Decrease Java heap size (-Xmx/-Xms)
#   Decrease number of Java threads
#   Decrease Java thread stack sizes (-Xss)
#   Set larger code cache with -XX:ReservedCodeCacheSize=
#   JVM is running with Unscaled Compressed Oops mode in which the Java heap is
#     placed in the first 4GB address space. The Java Heap base address is the
#     maximum limit for the native heap growth. Please use -XX:HeapBaseMinAddress
#     to set the Java Heap base and to place the Java Heap above 4GB virtual address.
# This output file may be truncated or incomplete.
#
#  Out of Memory Error (arena.cpp:189), pid=23088, tid=8480
#
# JRE version: OpenJDK Runtime Environment (17.0.6) (build 17.0.6+0-b2043.56-10027231)
# Java VM: OpenJDK 64-Bit Server VM (17.0.6+0-b2043.56-10027231, mixed mode, tiered, compressed oops, compressed class ptrs, g1 gc, windows-amd64)
# No core dump will be written. Minidumps are not enabled by default on client versions of Windows
#

---------------  S U M M A R Y ------------

Command Line: --add-opens=java.base/java.util=ALL-UNNAMED --add-opens=java.base/java.lang=ALL-UNNAMED --add-opens=java.base/java.lang.invoke=ALL-UNNAMED --add-opens=java.base/java.util=ALL-UNNAMED --add-opens=java.prefs/java.util.prefs=ALL-UNNAMED --add-opens=java.prefs/java.util.prefs=ALL-UNNAMED --add-opens=java.base/java.nio.charset=ALL-UNNAMED --add-opens=java.base/java.net=ALL-UNNAMED --add-opens=java.base/java.util.concurrent.atomic=ALL-UNNAMED -Xmx1536M -Dfile.encoding=windows-1252 -Duser.country=IN -Duser.language=en -Duser.variant org.gradle.launcher.daemon.bootstrap.GradleDaemon 7.5

Host: AMD Ryzen 5 5500U with Radeon Graphics         , 12 cores, 5G,  Windows 11 , 64 bit Build 22621 (10.0.22621.3672)
Time: Wed Jul 24 22:40:26 2024 India Standard Time elapsed time: 57.247561 seconds (0d 0h 0m 57s)

---------------  T H R E A D  ---------------

Current thread (0x000001e9fe134820):  JavaThread "C2 CompilerThread0" daemon [_thread_in_native, id=8480, stack(0x0000005a90c00000,0x0000005a90d00000)]


Current CompileTask:
C2:  57247 10647       4       java.util.jar.JarFile::getEntry (35 bytes)

Stack: [0x0000005a90c00000,0x0000005a90d00000]
Native frames: (J=compiled Java code, j=interpreted, Vv=VM code, C=native code)
V  [jvm.dll+0x683c9a]
V  [jvm.dll+0x8427a4]
V  [jvm.dll+0x843f9e]
V  [jvm.dll+0x844603]
V  [jvm.dll+0x249b75]
V  [jvm.dll+0xabcac]
V  [jvm.dll+0xac27c]
V  [jvm.dll+0xabdbb]
V  [jvm.dll+0x660dec]
V  [jvm.dll+0x60f6a7]
V  [jvm.dll+0x614edb]
V  [jvm.dll+0x615ca2]
V  [jvm.dll+0x614204]
V  [jvm.dll+0x21c078]
V  [jvm.dll+0x21b621]
V  [jvm.dll+0x1a4fdd]
V  [jvm.dll+0x22b098]
V  [jvm.dll+0x229159]
V  [jvm.dll+0x7f81ec]
V  [jvm.dll+0x7f274a]
V  [jvm.dll+0x682ad5]
C  [ucrtbase.dll+0x29333]
C  [KERNEL32.DLL+0x1257d]
C  [ntdll.dll+0x5af28]


---------------  P R O C E S S  ---------------

Threads class SMR info:
_java_thread_list=0x000001e98172fae0, length=184, elements={
0x000001e9e4852830, 0x000001e9fd7b1330, 0x000001e9fd7b2070, 0x000001e9fd7c91c0,
0x000001e9fd7c9d70, 0x000001e9fd7ca920, 0x000001e9fe133010, 0x000001e9fe134820,
0x000001e9fe1406e0, 0x000001e9fe140fe0, 0x000001e9fe29fad0, 0x000001e9fe29ffa0,
0x000001e9ff4c78a0, 0x000001e9ffb07120, 0x000001e9ffc67be0, 0x000001e9ff4242f0,
0x000001e9ff68b5d0, 0x000001e9ff5ed220, 0x000001e9ff5eb070, 0x000001e9ff5ebee0,
0x000001e9ff5ec3b0, 0x000001e9ff5ee090, 0x000001e9ff5ec880, 0x000001e9ff5ecd50,
0x000001e9ff5eb540, 0x000001e9ff5edbc0, 0x000001e9ff5ee560, 0x000001e9ff5eba10,
0x000001e9ff5eea30, 0x000001e9828eff70, 0x000001e9828f0440, 0x000001e9828eec30,
0x000001e9828eca80, 0x000001e9828ecf50, 0x000001e9828ea8d0, 0x000001e9828eb270,
0x000001e9828f0910, 0x000001e9828f1c50, 0x000001e9828ec0e0, 0x000001e9828f0de0,
0x000001e9828ee760, 0x000001e9828ed420, 0x000001e9828ea400, 0x000001e9828eddc0,
0x000001e9828ebc10, 0x000001e9828f12b0, 0x000001e9828f1780, 0x000001e9828ec5b0,
0x000001e9828ee290, 0x000001e9828ef100, 0x000001e981056d00, 0x000001e981059380,
0x000001e981058040, 0x000001e98105c3a0, 0x000001e981055e90, 0x000001e981059850,
0x000001e981059d20, 0x000001e9810589e0, 0x000001e981056360, 0x000001e981058510,
0x000001e981056830, 0x000001e98105a1f0, 0x000001e981058eb0, 0x000001e98105b530,
0x000001e98105a6c0, 0x000001e98105bed0, 0x000001e98105ab90, 0x000001e98105b060,
0x000001e98105d210, 0x000001e98105ba00, 0x000001e98105c870, 0x000001e98105cd40,
0x000001e9810571d0, 0x000001e9810576a0, 0x000001e9810559c0, 0x000001e981057b70,
0x000001e981165ed0, 0x000001e981168080, 0x000001e981168550, 0x000001e9811693c0,
0x000001e981168a20, 0x000001e9811663a0, 0x000001e981168ef0, 0x000001e98116a230,
0x000001e981166870, 0x000001e981167bb0, 0x000001e981166d40, 0x000001e98116bf10,
0x000001e98116ba40, 0x000001e98116abd0, 0x000001e981167210, 0x000001e981169890,
0x000001e98116c8b0, 0x000001e98116c3e0, 0x000001e981169d60, 0x000001e98116a700,
0x000001e98116b0a0, 0x000001e9811676e0, 0x000001e98116b570, 0x000001e98116cd80,
0x000001e981165530, 0x000001e981165a00, 0x000001e9810a8200, 0x000001e9810a6ec0,
0x000001e9810a6050, 0x000001e9810a9540, 0x000001e9810a5b80, 0x000001e9810a7390,
0x000001e9810a4840, 0x000001e9810a69f0, 0x000001e9810a8ba0, 0x000001e9810a9ee0,
0x000001e9810ab6f0, 0x000001e9810aa3b0, 0x000001e9810abbc0, 0x000001e9810aa880,
0x000001e9810aad50, 0x000001e9810a7860, 0x000001e9810ac090, 0x000001e9810a7d30,
0x000001e9810a86d0, 0x000001e9810a56b0, 0x000001e9810a6520, 0x000001e9810a51e0,
0x000001e9810a9070, 0x000001e9810a4d10, 0x000001e9810a9a10, 0x000001e9810ab220,
0x000001e9831ca260, 0x000001e9831ca730, 0x000001e9831c5090, 0x000001e9831cac00,
0x000001e9831cb0d0, 0x000001e9831cb5a0, 0x000001e9831cba70, 0x000001e9831c7be0,
0x000001e9831c98c0, 0x000001e9831cbf40, 0x000001e9831c80b0, 0x000001e9831c9d90,
0x000001e9831cc410, 0x000001e9831c7240, 0x000001e9831c8580, 0x000001e9831c63d0,
0x000001e9831c8a50, 0x000001e9831cc8e0, 0x000001e9831c5560, 0x000001e9831c5a30,
0x000001e9831c6d70, 0x000001e9831c5f00, 0x000001e9831c7710, 0x000001e9831c68a0,
0x000001e9831c8f20, 0x000001e9831c93f0, 0x000001e9833de9f0, 0x000001e9833e23b0,
0x000001e9833e4090, 0x000001e9833de520, 0x000001e9833e4a30, 0x000001e9833df390,
0x000001e9833e0200, 0x000001e9833e1070, 0x000001e9833e06d0, 0x000001e9833df860,
0x000001e9833e3bc0, 0x000001e9833e0ba0, 0x000001e9833e1a10, 0x000001e9833e4f00,
0x000001e9833de050, 0x000001e9833dfd30, 0x000001e9833e1540, 0x000001e9833e2880,
0x000001e9833e2d50, 0x000001e9833e3220, 0x000001e9833e36f0, 0x000001e9833e53d0,
0x000001e9833e4560, 0x000001e9833e58a0, 0x000001e9ff589b50, 0x000001e9ff58e380,
0x000001e9ff590060, 0x000001e9ff58b360, 0x000001e9ff58d040, 0x000001e9ff590530
}

Java Threads: ( => current thread )
  0x000001e9e4852830 JavaThread "main" [_thread_blocked, id=9512, stack(0x0000005a8ff00000,0x0000005a90000000)]
  0x000001e9fd7b1330 JavaThread "Reference Handler" daemon [_thread_blocked, id=18464, stack(0x0000005a90600000,0x0000005a90700000)]
  0x000001e9fd7b2070 JavaThread "Finalizer" daemon [_thread_blocked, id=10592, stack(0x0000005a90700000,0x0000005a90800000)]
  0x000001e9fd7c91c0 JavaThread "Signal Dispatcher" daemon [_thread_blocked, id=5096, stack(0x0000005a90800000,0x0000005a90900000)]
  0x000001e9fd7c9d70 JavaThread "Attach Listener" daemon [_thread_blocked, id=21408, stack(0x0000005a90900000,0x0000005a90a00000)]
  0x000001e9fd7ca920 JavaThread "Service Thread" daemon [_thread_blocked, id=22788, stack(0x0000005a90a00000,0x0000005a90b00000)]
  0x000001e9fe133010 JavaThread "Monitor Deflation Thread" daemon [_thread_blocked, id=3368, stack(0x0000005a90b00000,0x0000005a90c00000)]
=>0x000001e9fe134820 JavaThread "C2 CompilerThread0" daemon [_thread_in_native, id=8480, stack(0x0000005a90c00000,0x0000005a90d00000)]
  0x000001e9fe1406e0 JavaThread "C1 CompilerThread0" daemon [_thread_in_vm, id=14652, stack(0x0000005a90d00000,0x0000005a90e00000)]
  0x000001e9fe140fe0 JavaThread "Sweeper thread" daemon [_thread_blocked, id=14204, stack(0x0000005a90e00000,0x0000005a90f00000)]
  0x000001e9fe29fad0 JavaThread "Common-Cleaner" daemon [_thread_blocked, id=15364, stack(0x0000005a90f00000,0x0000005a91000000)]
  0x000001e9fe29ffa0 JavaThread "Notification Thread" daemon [_thread_blocked, id=16148, stack(0x0000005a91000000,0x0000005a91100000)]
  0x000001e9ff4c78a0 JavaThread "Daemon health stats" [_thread_blocked, id=9420, stack(0x0000005a91600000,0x0000005a91700000)]
  0x000001e9ffb07120 JavaThread "Incoming local TCP Connector on port 53922" [_thread_in_native, id=12452, stack(0x0000005a91700000,0x0000005a91800000)]
  0x000001e9ffc67be0 JavaThread "Daemon periodic checks" [_thread_blocked, id=16328, stack(0x0000005a91800000,0x0000005a91900000)]
  0x000001e9ff4242f0 JavaThread "Daemon" [_thread_blocked, id=15132, stack(0x0000005a91900000,0x0000005a91a00000)]
  0x000001e9ff68b5d0 JavaThread "Handler for socket connection from /127.0.0.1:53922 to /127.0.0.1:53924" [_thread_in_native, id=16592, stack(0x0000005a91a00000,0x0000005a91b00000)]
  0x000001e9ff5ed220 JavaThread "Cancel handler" [_thread_blocked, id=10092, stack(0x0000005a91b00000,0x0000005a91c00000)]
  0x000001e9ff5eb070 JavaThread "Daemon worker" [_thread_in_vm, id=17996, stack(0x0000005a91c00000,0x0000005a91d00000)]
  0x000001e9ff5ebee0 JavaThread "Asynchronous log dispatcher for DefaultDaemonConnection: socket connection from /127.0.0.1:53922 to /127.0.0.1:53924" [_thread_blocked, id=10480, stack(0x0000005a91d00000,0x0000005a91e00000)]
  0x000001e9ff5ec3b0 JavaThread "Stdin handler" [_thread_blocked, id=10420, stack(0x0000005a91e00000,0x0000005a91f00000)]
  0x000001e9ff5ee090 JavaThread "Daemon client event forwarder" [_thread_blocked, id=7328, stack(0x0000005a91f00000,0x0000005a92000000)]
  0x000001e9ff5ec880 JavaThread "Cache worker for journal cache (C:\Users\ankit\.gradle\caches\journal-1)" [_thread_blocked, id=22840, stack(0x0000005a92000000,0x0000005a92100000)]
  0x000001e9ff5ecd50 JavaThread "File lock request listener" [_thread_in_native, id=7916, stack(0x0000005a92100000,0x0000005a92200000)]
  0x000001e9ff5eb540 JavaThread "File lock release action executor" [_thread_blocked, id=16444, stack(0x0000005a92200000,0x0000005a92300000)]
  0x000001e9ff5edbc0 JavaThread "Cache worker for file hash cache (C:\Users\ankit\.gradle\caches\7.5\fileHashes)" [_thread_blocked, id=23376, stack(0x0000005a92a00000,0x0000005a92b00000)]
  0x000001e9ff5ee560 JavaThread "File watcher server" daemon [_thread_in_native, id=10208, stack(0x0000005a92b00000,0x0000005a92c00000)]
  0x000001e9ff5eba10 JavaThread "File watcher consumer" daemon [_thread_blocked, id=5148, stack(0x0000005a92c00000,0x0000005a92d00000)]
  0x000001e9ff5eea30 JavaThread "Cache worker for checksums cache (C:\Flutter\women_app\android\.gradle\7.5\checksums)" [_thread_blocked, id=22492, stack(0x0000005a92d00000,0x0000005a92e00000)]
  0x000001e9828eff70 JavaThread "Cache worker for cache directory md-rule (C:\Users\ankit\.gradle\caches\7.5\md-rule)" [_thread_blocked, id=19588, stack(0x0000005a92e00000,0x0000005a92f00000)]
  0x000001e9828f0440 JavaThread "Cache worker for file content cache (C:\Users\ankit\.gradle\caches\7.5\fileContent)" [_thread_blocked, id=19920, stack(0x0000005a92f00000,0x0000005a93000000)]
  0x000001e9828eec30 JavaThread "Cache worker for file hash cache (C:\Flutter\women_app\android\.gradle\7.5\fileHashes)" [_thread_blocked, id=16528, stack(0x0000005a93000000,0x0000005a93100000)]
  0x000001e9828eca80 JavaThread "Cache worker for cache directory md-supplier (C:\Users\ankit\.gradle\caches\7.5\md-supplier)" [_thread_blocked, id=1392, stack(0x0000005a93100000,0x0000005a93200000)]
  0x000001e9828ecf50 JavaThread "Cache worker for execution history cache (C:\Users\ankit\.gradle\caches\7.5\executionHistory)" [_thread_blocked, id=20580, stack(0x0000005a93200000,0x0000005a93300000)]
  0x000001e9828ea8d0 JavaThread "jar transforms" [_thread_blocked, id=14628, stack(0x0000005a93300000,0x0000005a93400000)]
  0x000001e9828eb270 JavaThread "jar transforms Thread 2" [_thread_blocked, id=23340, stack(0x0000005a93400000,0x0000005a93500000)]
  0x000001e9828f0910 JavaThread "jar transforms Thread 3" [_thread_blocked, id=9324, stack(0x0000005a93500000,0x0000005a93600000)]
  0x000001e9828f1c50 JavaThread "jar transforms Thread 4" [_thread_blocked, id=4544, stack(0x0000005a93600000,0x0000005a93700000)]
  0x000001e9828ec0e0 JavaThread "Cache worker for dependencies-accessors (C:\Flutter\women_app\android\.gradle\7.5\dependencies-accessors)" [_thread_blocked, id=11680, stack(0x0000005a93700000,0x0000005a93800000)]
  0x000001e9828f0de0 JavaThread "jar transforms Thread 5" [_thread_blocked, id=16176, stack(0x0000005a93800000,0x0000005a93900000)]
  0x000001e9828ee760 JavaThread "Cache worker for Build Output Cleanup Cache (C:\Flutter\women_app\android\.gradle\buildOutputCleanup)" [_thread_blocked, id=5080, stack(0x0000005a93900000,0x0000005a93a00000)]
  0x000001e9828ed420 JavaThread "Unconstrained build operations" [_thread_blocked, id=23432, stack(0x0000005a93a00000,0x0000005a93b00000)]
  0x000001e9828ea400 JavaThread "Unconstrained build operations Thread 2" [_thread_blocked, id=16964, stack(0x0000005a93b00000,0x0000005a93c00000)]
  0x000001e9828eddc0 JavaThread "Unconstrained build operations Thread 3" [_thread_blocked, id=20428, stack(0x0000005a93c00000,0x0000005a93d00000)]
  0x000001e9828ebc10 JavaThread "Unconstrained build operations Thread 4" [_thread_blocked, id=7176, stack(0x0000005a93d00000,0x0000005a93e00000)]
  0x000001e9828f12b0 JavaThread "Unconstrained build operations Thread 5" [_thread_blocked, id=17560, stack(0x0000005a93e00000,0x0000005a93f00000)]
  0x000001e9828f1780 JavaThread "Unconstrained build operations Thread 6" [_thread_blocked, id=21420, stack(0x0000005a93f00000,0x0000005a94000000)]
  0x000001e9828ec5b0 JavaThread "Unconstrained build operations Thread 7" [_thread_blocked, id=12204, stack(0x0000005a94000000,0x0000005a94100000)]
  0x000001e9828ee290 JavaThread "Unconstrained build operations Thread 8" [_thread_blocked, id=2124, stack(0x0000005a94100000,0x0000005a94200000)]
  0x000001e9828ef100 JavaThread "Unconstrained build operations Thread 9" [_thread_blocked, id=10196, stack(0x0000005a94200000,0x0000005a94300000)]
  0x000001e981056d00 JavaThread "Unconstrained build operations Thread 10" [_thread_blocked, id=20632, stack(0x0000005a94300000,0x0000005a94400000)]
  0x000001e981059380 JavaThread "Unconstrained build operations Thread 11" [_thread_blocked, id=1544, stack(0x0000005a94400000,0x0000005a94500000)]
  0x000001e981058040 JavaThread "Unconstrained build operations Thread 12" [_thread_blocked, id=16372, stack(0x0000005a94500000,0x0000005a94600000)]
  0x000001e98105c3a0 JavaThread "Unconstrained build operations Thread 13" [_thread_blocked, id=23012, stack(0x0000005a94600000,0x0000005a94700000)]
  0x000001e981055e90 JavaThread "Unconstrained build operations Thread 14" [_thread_blocked, id=6444, stack(0x0000005a94700000,0x0000005a94800000)]
  0x000001e981059850 JavaThread "Unconstrained build operations Thread 15" [_thread_blocked, id=12236, stack(0x0000005a94800000,0x0000005a94900000)]
  0x000001e981059d20 JavaThread "Unconstrained build operations Thread 16" [_thread_blocked, id=4016, stack(0x0000005a94900000,0x0000005a94a00000)]
  0x000001e9810589e0 JavaThread "Unconstrained build operations Thread 17" [_thread_blocked, id=16368, stack(0x0000005a94a00000,0x0000005a94b00000)]
  0x000001e981056360 JavaThread "Unconstrained build operations Thread 18" [_thread_blocked, id=16400, stack(0x0000005a94b00000,0x0000005a94c00000)]
  0x000001e981058510 JavaThread "Unconstrained build operations Thread 19" [_thread_blocked, id=12052, stack(0x0000005a94c00000,0x0000005a94d00000)]
  0x000001e981056830 JavaThread "Unconstrained build operations Thread 20" [_thread_blocked, id=21924, stack(0x0000005a94d00000,0x0000005a94e00000)]
  0x000001e98105a1f0 JavaThread "Unconstrained build operations Thread 21" [_thread_blocked, id=12044, stack(0x0000005a94e00000,0x0000005a94f00000)]
  0x000001e981058eb0 JavaThread "Unconstrained build operations Thread 22" [_thread_blocked, id=18344, stack(0x0000005a94f00000,0x0000005a95000000)]
  0x000001e98105b530 JavaThread "Unconstrained build operations Thread 23" [_thread_blocked, id=14236, stack(0x0000005a95000000,0x0000005a95100000)]
  0x000001e98105a6c0 JavaThread "Unconstrained build operations Thread 24" [_thread_blocked, id=1876, stack(0x0000005a95100000,0x0000005a95200000)]
  0x000001e98105bed0 JavaThread "Unconstrained build operations Thread 25" [_thread_blocked, id=11668, stack(0x0000005a95200000,0x0000005a95300000)]
  0x000001e98105ab90 JavaThread "Unconstrained build operations Thread 26" [_thread_blocked, id=5704, stack(0x0000005a95300000,0x0000005a95400000)]
  0x000001e98105b060 JavaThread "Unconstrained build operations Thread 27" [_thread_blocked, id=20168, stack(0x0000005a95400000,0x0000005a95500000)]
  0x000001e98105d210 JavaThread "Unconstrained build operations Thread 28" [_thread_blocked, id=20924, stack(0x0000005a95500000,0x0000005a95600000)]
  0x000001e98105ba00 JavaThread "Unconstrained build operations Thread 29" [_thread_blocked, id=5908, stack(0x0000005a95600000,0x0000005a95700000)]
  0x000001e98105c870 JavaThread "Unconstrained build operations Thread 30" [_thread_blocked, id=22808, stack(0x0000005a95700000,0x0000005a95800000)]
  0x000001e98105cd40 JavaThread "Unconstrained build operations Thread 31" [_thread_blocked, id=7920, stack(0x0000005a95800000,0x0000005a95900000)]
  0x000001e9810571d0 JavaThread "Unconstrained build operations Thread 32" [_thread_blocked, id=20736, stack(0x0000005a95900000,0x0000005a95a00000)]
  0x000001e9810576a0 JavaThread "Unconstrained build operations Thread 33" [_thread_blocked, id=23136, stack(0x0000005a95a00000,0x0000005a95b00000)]
  0x000001e9810559c0 JavaThread "Unconstrained build operations Thread 34" [_thread_blocked, id=19568, stack(0x0000005a95b00000,0x0000005a95c00000)]
  0x000001e981057b70 JavaThread "Unconstrained build operations Thread 35" [_thread_blocked, id=14640, stack(0x0000005a95c00000,0x0000005a95d00000)]
  0x000001e981165ed0 JavaThread "Unconstrained build operations Thread 36" [_thread_blocked, id=20692, stack(0x0000005a95d00000,0x0000005a95e00000)]
  0x000001e981168080 JavaThread "Unconstrained build operations Thread 37" [_thread_blocked, id=17660, stack(0x0000005a95e00000,0x0000005a95f00000)]
  0x000001e981168550 JavaThread "Unconstrained build operations Thread 38" [_thread_blocked, id=15904, stack(0x0000005a95f00000,0x0000005a96000000)]
  0x000001e9811693c0 JavaThread "Unconstrained build operations Thread 39" [_thread_blocked, id=17876, stack(0x0000005a96000000,0x0000005a96100000)]
  0x000001e981168a20 JavaThread "Unconstrained build operations Thread 40" [_thread_blocked, id=22588, stack(0x0000005a96100000,0x0000005a96200000)]
  0x000001e9811663a0 JavaThread "Unconstrained build operations Thread 41" [_thread_blocked, id=17264, stack(0x0000005a96200000,0x0000005a96300000)]
  0x000001e981168ef0 JavaThread "Unconstrained build operations Thread 42" [_thread_blocked, id=18200, stack(0x0000005a96300000,0x0000005a96400000)]
  0x000001e98116a230 JavaThread "Unconstrained build operations Thread 43" [_thread_blocked, id=19108, stack(0x0000005a96400000,0x0000005a96500000)]
  0x000001e981166870 JavaThread "Unconstrained build operations Thread 44" [_thread_blocked, id=22288, stack(0x0000005a96500000,0x0000005a96600000)]
  0x000001e981167bb0 JavaThread "Unconstrained build operations Thread 45" [_thread_blocked, id=21896, stack(0x0000005a96600000,0x0000005a96700000)]
  0x000001e981166d40 JavaThread "Unconstrained build operations Thread 46" [_thread_blocked, id=18728, stack(0x0000005a96700000,0x0000005a96800000)]
  0x000001e98116bf10 JavaThread "Unconstrained build operations Thread 47" [_thread_blocked, id=17748, stack(0x0000005a96800000,0x0000005a96900000)]
  0x000001e98116ba40 JavaThread "Unconstrained build operations Thread 48" [_thread_blocked, id=16364, stack(0x0000005a96900000,0x0000005a96a00000)]
  0x000001e98116abd0 JavaThread "Unconstrained build operations Thread 49" [_thread_blocked, id=20832, stack(0x0000005a96a00000,0x0000005a96b00000)]
  0x000001e981167210 JavaThread "Unconstrained build operations Thread 50" [_thread_blocked, id=20840, stack(0x0000005a96b00000,0x0000005a96c00000)]
  0x000001e981169890 JavaThread "Unconstrained build operations Thread 51" [_thread_blocked, id=9884, stack(0x0000005a96c00000,0x0000005a96d00000)]
  0x000001e98116c8b0 JavaThread "Unconstrained build operations Thread 52" [_thread_blocked, id=16932, stack(0x0000005a96d00000,0x0000005a96e00000)]
  0x000001e98116c3e0 JavaThread "Unconstrained build operations Thread 53" [_thread_blocked, id=3416, stack(0x0000005a96e00000,0x0000005a96f00000)]
  0x000001e981169d60 JavaThread "Unconstrained build operations Thread 54" [_thread_blocked, id=13212, stack(0x0000005a96f00000,0x0000005a97000000)]
  0x000001e98116a700 JavaThread "Unconstrained build operations Thread 55" [_thread_blocked, id=3300, stack(0x0000005a97000000,0x0000005a97100000)]
  0x000001e98116b0a0 JavaThread "Unconstrained build operations Thread 56" [_thread_blocked, id=3168, stack(0x0000005a97100000,0x0000005a97200000)]
  0x000001e9811676e0 JavaThread "Unconstrained build operations Thread 57" [_thread_blocked, id=7860, stack(0x0000005a97200000,0x0000005a97300000)]
  0x000001e98116b570 JavaThread "Unconstrained build operations Thread 58" [_thread_blocked, id=7892, stack(0x0000005a97300000,0x0000005a97400000)]
  0x000001e98116cd80 JavaThread "Unconstrained build operations Thread 59" [_thread_blocked, id=16992, stack(0x0000005a97400000,0x0000005a97500000)]
  0x000001e981165530 JavaThread "Unconstrained build operations Thread 60" [_thread_blocked, id=23064, stack(0x0000005a97500000,0x0000005a97600000)]
  0x000001e981165a00 JavaThread "Unconstrained build operations Thread 61" [_thread_blocked, id=16360, stack(0x0000005a97600000,0x0000005a97700000)]
  0x000001e9810a8200 JavaThread "Unconstrained build operations Thread 62" [_thread_blocked, id=13996, stack(0x0000005a97700000,0x0000005a97800000)]
  0x000001e9810a6ec0 JavaThread "Unconstrained build operations Thread 63" [_thread_blocked, id=20488, stack(0x0000005a97800000,0x0000005a97900000)]
  0x000001e9810a6050 JavaThread "Unconstrained build operations Thread 64" [_thread_blocked, id=5992, stack(0x0000005a97900000,0x0000005a97a00000)]
  0x000001e9810a9540 JavaThread "Unconstrained build operations Thread 65" [_thread_blocked, id=22072, stack(0x0000005a97a00000,0x0000005a97b00000)]
  0x000001e9810a5b80 JavaThread "Unconstrained build operations Thread 66" [_thread_blocked, id=2068, stack(0x0000005a97b00000,0x0000005a97c00000)]
  0x000001e9810a7390 JavaThread "Unconstrained build operations Thread 67" [_thread_blocked, id=5644, stack(0x0000005a97c00000,0x0000005a97d00000)]
  0x000001e9810a4840 JavaThread "Unconstrained build operations Thread 68" [_thread_blocked, id=8792, stack(0x0000005a97d00000,0x0000005a97e00000)]
  0x000001e9810a69f0 JavaThread "Unconstrained build operations Thread 69" [_thread_blocked, id=18792, stack(0x0000005a97e00000,0x0000005a97f00000)]
  0x000001e9810a8ba0 JavaThread "Unconstrained build operations Thread 70" [_thread_blocked, id=19164, stack(0x0000005a97f00000,0x0000005a98000000)]
  0x000001e9810a9ee0 JavaThread "Unconstrained build operations Thread 71" [_thread_blocked, id=22544, stack(0x0000005a98000000,0x0000005a98100000)]
  0x000001e9810ab6f0 JavaThread "Unconstrained build operations Thread 72" [_thread_blocked, id=17088, stack(0x0000005a98100000,0x0000005a98200000)]
  0x000001e9810aa3b0 JavaThread "Unconstrained build operations Thread 73" [_thread_blocked, id=14036, stack(0x0000005a98200000,0x0000005a98300000)]
  0x000001e9810abbc0 JavaThread "Unconstrained build operations Thread 74" [_thread_blocked, id=17892, stack(0x0000005a98300000,0x0000005a98400000)]
  0x000001e9810aa880 JavaThread "Unconstrained build operations Thread 75" [_thread_blocked, id=13688, stack(0x0000005a98400000,0x0000005a98500000)]
  0x000001e9810aad50 JavaThread "Unconstrained build operations Thread 76" [_thread_blocked, id=13680, stack(0x0000005a98500000,0x0000005a98600000)]
  0x000001e9810a7860 JavaThread "Unconstrained build operations Thread 77" [_thread_blocked, id=18184, stack(0x0000005a98600000,0x0000005a98700000)]
  0x000001e9810ac090 JavaThread "Unconstrained build operations Thread 78" [_thread_blocked, id=7836, stack(0x0000005a98700000,0x0000005a98800000)]
  0x000001e9810a7d30 JavaThread "Unconstrained build operations Thread 79" [_thread_blocked, id=17904, stack(0x0000005a98800000,0x0000005a98900000)]
  0x000001e9810a86d0 JavaThread "Unconstrained build operations Thread 80" [_thread_blocked, id=22352, stack(0x0000005a98900000,0x0000005a98a00000)]
  0x000001e9810a56b0 JavaThread "Unconstrained build operations Thread 81" [_thread_blocked, id=21952, stack(0x0000005a98a00000,0x0000005a98b00000)]
  0x000001e9810a6520 JavaThread "Unconstrained build operations Thread 82" [_thread_blocked, id=5684, stack(0x0000005a98b00000,0x0000005a98c00000)]
  0x000001e9810a51e0 JavaThread "Unconstrained build operations Thread 83" [_thread_blocked, id=23036, stack(0x0000005a98c00000,0x0000005a98d00000)]
  0x000001e9810a9070 JavaThread "Unconstrained build operations Thread 84" [_thread_blocked, id=13496, stack(0x0000005a98d00000,0x0000005a98e00000)]
  0x000001e9810a4d10 JavaThread "Unconstrained build operations Thread 85" [_thread_blocked, id=18064, stack(0x0000005a98e00000,0x0000005a98f00000)]
  0x000001e9810a9a10 JavaThread "Unconstrained build operations Thread 86" [_thread_blocked, id=14364, stack(0x0000005a98f00000,0x0000005a99000000)]
  0x000001e9810ab220 JavaThread "Unconstrained build operations Thread 87" [_thread_blocked, id=21620, stack(0x0000005a99000000,0x0000005a99100000)]
  0x000001e9831ca260 JavaThread "Unconstrained build operations Thread 88" [_thread_blocked, id=4412, stack(0x0000005a99100000,0x0000005a99200000)]
  0x000001e9831ca730 JavaThread "Unconstrained build operations Thread 89" [_thread_blocked, id=21756, stack(0x0000005a99200000,0x0000005a99300000)]
  0x000001e9831c5090 JavaThread "Unconstrained build operations Thread 90" [_thread_blocked, id=15500, stack(0x0000005a99300000,0x0000005a99400000)]
  0x000001e9831cac00 JavaThread "Unconstrained build operations Thread 91" [_thread_blocked, id=19952, stack(0x0000005a99400000,0x0000005a99500000)]
  0x000001e9831cb0d0 JavaThread "Unconstrained build operations Thread 92" [_thread_blocked, id=21436, stack(0x0000005a99500000,0x0000005a99600000)]
  0x000001e9831cb5a0 JavaThread "Unconstrained build operations Thread 93" [_thread_blocked, id=10816, stack(0x0000005a99600000,0x0000005a99700000)]
  0x000001e9831cba70 JavaThread "Unconstrained build operations Thread 94" [_thread_blocked, id=22248, stack(0x0000005a99700000,0x0000005a99800000)]
  0x000001e9831c7be0 JavaThread "Unconstrained build operations Thread 95" [_thread_blocked, id=16088, stack(0x0000005a99800000,0x0000005a99900000)]
  0x000001e9831c98c0 JavaThread "Unconstrained build operations Thread 96" [_thread_blocked, id=22124, stack(0x0000005a99900000,0x0000005a99a00000)]
  0x000001e9831cbf40 JavaThread "Unconstrained build operations Thread 97" [_thread_blocked, id=21236, stack(0x0000005a99a00000,0x0000005a99b00000)]
  0x000001e9831c80b0 JavaThread "Unconstrained build operations Thread 98" [_thread_blocked, id=20928, stack(0x0000005a99b00000,0x0000005a99c00000)]
  0x000001e9831c9d90 JavaThread "Unconstrained build operations Thread 99" [_thread_blocked, id=19732, stack(0x0000005a99c00000,0x0000005a99d00000)]
  0x000001e9831cc410 JavaThread "Unconstrained build operations Thread 100" [_thread_blocked, id=20456, stack(0x0000005a99d00000,0x0000005a99e00000)]
  0x000001e9831c7240 JavaThread "Unconstrained build operations Thread 101" [_thread_blocked, id=22428, stack(0x0000005a99e00000,0x0000005a99f00000)]
  0x000001e9831c8580 JavaThread "Unconstrained build operations Thread 102" [_thread_blocked, id=14972, stack(0x0000005a99f00000,0x0000005a9a000000)]
  0x000001e9831c63d0 JavaThread "Unconstrained build operations Thread 103" [_thread_blocked, id=5592, stack(0x0000005a9a000000,0x0000005a9a100000)]
  0x000001e9831c8a50 JavaThread "Unconstrained build operations Thread 104" [_thread_blocked, id=4168, stack(0x0000005a9a100000,0x0000005a9a200000)]
  0x000001e9831cc8e0 JavaThread "Unconstrained build operations Thread 105" [_thread_blocked, id=17248, stack(0x0000005a9a200000,0x0000005a9a300000)]
  0x000001e9831c5560 JavaThread "Unconstrained build operations Thread 106" [_thread_blocked, id=14384, stack(0x0000005a9a300000,0x0000005a9a400000)]
  0x000001e9831c5a30 JavaThread "Unconstrained build operations Thread 107" [_thread_blocked, id=22960, stack(0x0000005a9a400000,0x0000005a9a500000)]
  0x000001e9831c6d70 JavaThread "Unconstrained build operations Thread 108" [_thread_blocked, id=11476, stack(0x0000005a9a500000,0x0000005a9a600000)]
  0x000001e9831c5f00 JavaThread "Unconstrained build operations Thread 109" [_thread_blocked, id=7072, stack(0x0000005a9a600000,0x0000005a9a700000)]
  0x000001e9831c7710 JavaThread "Unconstrained build operations Thread 110" [_thread_blocked, id=17832, stack(0x0000005a9a700000,0x0000005a9a800000)]
  0x000001e9831c68a0 JavaThread "Unconstrained build operations Thread 111" [_thread_blocked, id=14604, stack(0x0000005a9a800000,0x0000005a9a900000)]
  0x000001e9831c8f20 JavaThread "Unconstrained build operations Thread 112" [_thread_blocked, id=16524, stack(0x0000005a9a900000,0x0000005a9aa00000)]
  0x000001e9831c93f0 JavaThread "Unconstrained build operations Thread 113" [_thread_blocked, id=11756, stack(0x0000005a9aa00000,0x0000005a9ab00000)]
  0x000001e9833de9f0 JavaThread "Unconstrained build operations Thread 114" [_thread_blocked, id=22244, stack(0x0000005a9ab00000,0x0000005a9ac00000)]
  0x000001e9833e23b0 JavaThread "Unconstrained build operations Thread 115" [_thread_blocked, id=17256, stack(0x0000005a9ac00000,0x0000005a9ad00000)]
  0x000001e9833e4090 JavaThread "Unconstrained build operations Thread 116" [_thread_blocked, id=15496, stack(0x0000005a9ad00000,0x0000005a9ae00000)]
  0x000001e9833de520 JavaThread "Unconstrained build operations Thread 117" [_thread_blocked, id=8988, stack(0x0000005a9ae00000,0x0000005a9af00000)]
  0x000001e9833e4a30 JavaThread "Unconstrained build operations Thread 118" [_thread_blocked, id=22260, stack(0x0000005a9af00000,0x0000005a9b000000)]
  0x000001e9833df390 JavaThread "Unconstrained build operations Thread 119" [_thread_blocked, id=10364, stack(0x0000005a9b000000,0x0000005a9b100000)]
  0x000001e9833e0200 JavaThread "Unconstrained build operations Thread 120" [_thread_blocked, id=11504, stack(0x0000005a9b100000,0x0000005a9b200000)]
  0x000001e9833e1070 JavaThread "jar transforms Thread 6" [_thread_blocked, id=22208, stack(0x0000005a9b200000,0x0000005a9b300000)]
  0x000001e9833e06d0 JavaThread "jar transforms Thread 7" [_thread_blocked, id=9864, stack(0x0000005a9b300000,0x0000005a9b400000)]
  0x000001e9833df860 JavaThread "jar transforms Thread 8" [_thread_blocked, id=13784, stack(0x0000005a9b400000,0x0000005a9b500000)]
  0x000001e9833e3bc0 JavaThread "jar transforms Thread 9" [_thread_blocked, id=20952, stack(0x0000005a9b500000,0x0000005a9b600000)]
  0x000001e9833e0ba0 JavaThread "jar transforms Thread 10" [_thread_blocked, id=15948, stack(0x0000005a9b600000,0x0000005a9b700000)]
  0x000001e9833e1a10 JavaThread "jar transforms Thread 11" [_thread_blocked, id=17052, stack(0x0000005a9b700000,0x0000005a9b800000)]
  0x000001e9833e4f00 JavaThread "jar transforms Thread 12" [_thread_blocked, id=12032, stack(0x0000005a9b800000,0x0000005a9b900000)]
  0x000001e9833de050 JavaThread "Cache worker for kotlin-dsl (C:\Users\ankit\.gradle\caches\7.5\kotlin-dsl)" [_thread_blocked, id=8620, stack(0x0000005a9b900000,0x0000005a9ba00000)]
  0x000001e9833dfd30 JavaThread "Cache worker for Build Output Cleanup Cache (C:\src\flutter\packages\flutter_tools\gradle\.gradle\buildOutputCleanup)" [_thread_blocked, id=2240, stack(0x0000005a9ba00000,0x0000005a9bb00000)]
  0x000001e9833e1540 JavaThread "Memory manager" [_thread_blocked, id=22152, stack(0x0000005a9bb00000,0x0000005a9bc00000)]
  0x000001e9833e2880 JavaThread "included builds" [_thread_blocked, id=19580, stack(0x0000005a9bc00000,0x0000005a9bd00000)]
  0x000001e9833e2d50 JavaThread "Execution worker" [_thread_blocked, id=20548, stack(0x0000005a9bd00000,0x0000005a9be00000)]
  0x000001e9833e3220 JavaThread "Execution worker Thread 2" [_thread_blocked, id=19236, stack(0x0000005a9be00000,0x0000005a9bf00000)]
  0x000001e9833e36f0 JavaThread "Execution worker Thread 3" [_thread_blocked, id=10256, stack(0x0000005a9bf00000,0x0000005a9c000000)]
  0x000001e9833e53d0 JavaThread "Execution worker Thread 4" [_thread_blocked, id=15560, stack(0x0000005a9c000000,0x0000005a9c100000)]
  0x000001e9833e4560 JavaThread "Execution worker Thread 5" [_thread_blocked, id=16972, stack(0x0000005a9c100000,0x0000005a9c200000)]
  0x000001e9833e58a0 JavaThread "Execution worker Thread 6" [_thread_blocked, id=15476, stack(0x0000005a9c200000,0x0000005a9c300000)]
  0x000001e9ff589b50 JavaThread "Execution worker Thread 7" [_thread_blocked, id=17228, stack(0x0000005a9c300000,0x0000005a9c400000)]
  0x000001e9ff58e380 JavaThread "Execution worker Thread 8" [_thread_blocked, id=22440, stack(0x0000005a9c400000,0x0000005a9c500000)]
  0x000001e9ff590060 JavaThread "Execution worker Thread 9" [_thread_blocked, id=20272, stack(0x0000005a9c500000,0x0000005a9c600000)]
  0x000001e9ff58b360 JavaThread "Execution worker Thread 10" [_thread_blocked, id=22380, stack(0x0000005a9c600000,0x0000005a9c700000)]
  0x000001e9ff58d040 JavaThread "Execution worker Thread 11" [_thread_blocked, id=13924, stack(0x0000005a9c700000,0x0000005a9c800000)]
  0x000001e9ff590530 JavaThread "Cache worker for execution history cache (C:\src\flutter\packages\flutter_tools\gradle\.gradle\7.5\executionHistory)" [_thread_blocked, id=16852, stack(0x0000005a9c800000,0x0000005a9c900000)]

Other Threads:
  0x000001e9fd7abdd0 VMThread "VM Thread" [stack: 0x0000005a90500000,0x0000005a90600000] [id=21984]
  0x000001e9e48c27f0 WatcherThread [stack: 0x0000005a91100000,0x0000005a91200000] [id=22412]
  0x000001e9e48a06f0 GCTaskThread "GC Thread#0" [stack: 0x0000005a90000000,0x0000005a90100000] [id=20032]
  0x000001e9ff207350 GCTaskThread "GC Thread#1" [stack: 0x0000005a91200000,0x0000005a91300000] [id=22792]
  0x000001e9fe4e0f40 GCTaskThread "GC Thread#2" [stack: 0x0000005a91300000,0x0000005a91400000] [id=17800]
  0x000001e9ff1e0410 GCTaskThread "GC Thread#3" [stack: 0x0000005a91400000,0x0000005a91500000] [id=18336]
  0x000001e9ffb38cd0 GCTaskThread "GC Thread#4" [stack: 0x0000005a91500000,0x0000005a91600000] [id=22076]
  0x000001e9ffb5af70 GCTaskThread "GC Thread#5" [stack: 0x0000005a92300000,0x0000005a92400000] [id=18936]
  0x000001e9fe476d70 GCTaskThread "GC Thread#6" [stack: 0x0000005a92400000,0x0000005a92500000] [id=19600]
  0x000001e9fe26e6b0 GCTaskThread "GC Thread#7" [stack: 0x0000005a92500000,0x0000005a92600000] [id=22296]
  0x000001e9fe469140 GCTaskThread "GC Thread#8" [stack: 0x0000005a92600000,0x0000005a92700000] [id=7244]
  0x000001e9ff4d5640 GCTaskThread "GC Thread#9" [stack: 0x0000005a92700000,0x0000005a92800000] [id=11220]
  0x000001e9e48ad4d0 ConcurrentGCThread "G1 Main Marker" [stack: 0x0000005a90100000,0x0000005a90200000] [id=20268]
  0x000001e9e48add80 ConcurrentGCThread "G1 Conc#0" [stack: 0x0000005a90200000,0x0000005a90300000] [id=3016]
  0x000001e9ff4d6e70 ConcurrentGCThread "G1 Conc#1" [stack: 0x0000005a92800000,0x0000005a92900000] [id=20848]
  0x000001e9ff4d5ba0 ConcurrentGCThread "G1 Conc#2" [stack: 0x0000005a92900000,0x0000005a92a00000] [id=22524]
  0x000001e9e490d260 ConcurrentGCThread "G1 Refine#0" [stack: 0x0000005a90300000,0x0000005a90400000] [id=3348]
  0x000001e9834eca00 ConcurrentGCThread "G1 Refine#1" [stack: 0x0000005a9cb00000,0x0000005a9cc00000] [id=18216]
  0x000001e9e490db20 ConcurrentGCThread "G1 Service" [stack: 0x0000005a90400000,0x0000005a90500000] [id=3532]

Threads with active compile tasks:
C2 CompilerThread0    57380 10647       4       java.util.jar.JarFile::getEntry (35 bytes)

VM state: not at safepoint (normal execution)

VM Mutex/Monitor currently owned by a thread: None

Heap address: 0x00000000a0000000, size: 1536 MB, Compressed Oops mode: 32-bit

CDS archive(s) not mapped
Compressed class space mapped at: 0x0000000100000000-0x0000000140000000, reserved size: 1073741824
Narrow klass base: 0x0000000000000000, Narrow klass shift: 3, Narrow klass range: 0x140000000

GC Precious Log:
 CPUs: 12 total, 12 available
 Memory: 5989M
 Large Page Support: Disabled
 NUMA Support: Disabled
 Compressed Oops: Enabled (32-bit)
 Heap Region Size: 1M
 Heap Min Capacity: 8M
 Heap Initial Capacity: 94M
 Heap Max Capacity: 1536M
 Pre-touch: Disabled
 Parallel Workers: 10
 Concurrent Workers: 3
 Concurrent Refinement Workers: 10
 Periodic GC: Disabled

Heap:
 garbage-first heap   total 158720K, used 107241K [0x00000000a0000000, 0x0000000100000000)
  region size 1024K, 6 young (6144K), 1 survivors (1024K)
 Metaspace       used 90784K, committed 91520K, reserved 1130496K
  class space    used 12547K, committed 12864K, reserved 1048576K

Heap Regions: E=young(eden), S=young(survivor), O=old, HS=humongous(starts), HC=humongous(continues), CS=collection set, F=free, OA=open archive, CA=closed archive, TAMS=top-at-mark-start (previous, next)
|   0|0x00000000a0000000, 0x00000000a0100000, 0x00000000a0100000|100%| O|  |TAMS 0x00000000a0100000, 0x00000000a0000000| Untracked 
|   1|0x00000000a0100000, 0x00000000a0200000, 0x00000000a0200000|100%| O|  |TAMS 0x00000000a0200000, 0x00000000a0100000| Untracked 
|   2|0x00000000a0200000, 0x00000000a0300000, 0x00000000a0300000|100%| O|  |TAMS 0x00000000a0300000, 0x00000000a0200000| Untracked 
|   3|0x00000000a0300000, 0x00000000a0400000, 0x00000000a0400000|100%|HS|  |TAMS 0x00000000a0400000, 0x00000000a0300000| Complete 
|   4|0x00000000a0400000, 0x00000000a0500000, 0x00000000a0500000|100%|HC|  |TAMS 0x00000000a0500000, 0x00000000a0400000| Complete 
|   5|0x00000000a0500000, 0x00000000a0600000, 0x00000000a0600000|100%|HC|  |TAMS 0x00000000a0600000, 0x00000000a0500000| Complete 
|   6|0x00000000a0600000, 0x00000000a0700000, 0x00000000a0700000|100%| O|  |TAMS 0x00000000a0700000, 0x00000000a0600000| Untracked 
|   7|0x00000000a0700000, 0x00000000a0800000, 0x00000000a0800000|100%| O|  |TAMS 0x00000000a0800000, 0x00000000a0700000| Untracked 
|   8|0x00000000a0800000, 0x00000000a0900000, 0x00000000a0900000|100%| O|  |TAMS 0x00000000a0900000, 0x00000000a0800000| Untracked 
|   9|0x00000000a0900000, 0x00000000a0a00000, 0x00000000a0a00000|100%| O|  |TAMS 0x00000000a0a00000, 0x00000000a0900000| Untracked 
|  10|0x00000000a0a00000, 0x00000000a0b00000, 0x00000000a0b00000|100%| O|  |TAMS 0x00000000a0b00000, 0x00000000a0a00000| Untracked 
|  11|0x00000000a0b00000, 0x00000000a0c00000, 0x00000000a0c00000|100%| O|  |TAMS 0x00000000a0c00000, 0x00000000a0b00000| Untracked 
|  12|0x00000000a0c00000, 0x00000000a0d00000, 0x00000000a0d00000|100%| O|  |TAMS 0x00000000a0d00000, 0x00000000a0c00000| Untracked 
|  13|0x00000000a0d00000, 0x00000000a0e00000, 0x00000000a0e00000|100%| O|  |TAMS 0x00000000a0e00000, 0x00000000a0d00000| Untracked 
|  14|0x00000000a0e00000, 0x00000000a0f00000, 0x00000000a0f00000|100%| O|  |TAMS 0x00000000a0f00000, 0x00000000a0e00000| Untracked 
|  15|0x00000000a0f00000, 0x00000000a1000000, 0x00000000a1000000|100%| O|  |TAMS 0x00000000a1000000, 0x00000000a0f00000| Untracked 
|  16|0x00000000a1000000, 0x00000000a1100000, 0x00000000a1100000|100%| O|  |TAMS 0x00000000a1100000, 0x00000000a1000000| Untracked 
|  17|0x00000000a1100000, 0x00000000a1200000, 0x00000000a1200000|100%| O|  |TAMS 0x00000000a1200000, 0x00000000a1100000| Untracked 
|  18|0x00000000a1200000, 0x00000000a1300000, 0x00000000a1300000|100%| O|  |TAMS 0x00000000a1300000, 0x00000000a1200000| Untracked 
|  19|0x00000000a1300000, 0x00000000a1400000, 0x00000000a1400000|100%| O|  |TAMS 0x00000000a1400000, 0x00000000a1300000| Untracked 
|  20|0x00000000a1400000, 0x00000000a1500000, 0x00000000a1500000|100%| O|  |TAMS 0x00000000a1500000, 0x00000000a1400000| Untracked 
|  21|0x00000000a1500000, 0x00000000a1600000, 0x00000000a1600000|100%| O|  |TAMS 0x00000000a1600000, 0x00000000a1500000| Untracked 
|  22|0x00000000a1600000, 0x00000000a1700000, 0x00000000a1700000|100%| O|  |TAMS 0x00000000a1700000, 0x00000000a1600000| Untracked 
|  23|0x00000000a1700000, 0x00000000a1800000, 0x00000000a1800000|100%| O|  |TAMS 0x00000000a1800000, 0x00000000a1700000| Untracked 
|  24|0x00000000a1800000, 0x00000000a1900000, 0x00000000a1900000|100%| O|  |TAMS 0x00000000a1900000, 0x00000000a1800000| Untracked 
|  25|0x00000000a1900000, 0x00000000a1a00000, 0x00000000a1a00000|100%| O|  |TAMS 0x00000000a1a00000, 0x00000000a1900000| Untracked 
|  26|0x00000000a1a00000, 0x00000000a1b00000, 0x00000000a1b00000|100%| O|  |TAMS 0x00000000a1b00000, 0x00000000a1a00000| Untracked 
|  27|0x00000000a1b00000, 0x00000000a1c00000, 0x00000000a1c00000|100%| O|  |TAMS 0x00000000a1c00000, 0x00000000a1b00000| Untracked 
|  28|0x00000000a1c00000, 0x00000000a1d00000, 0x00000000a1d00000|100%| O|  |TAMS 0x00000000a1d00000, 0x00000000a1c00000| Untracked 
|  29|0x00000000a1d00000, 0x00000000a1e00000, 0x00000000a1e00000|100%|HS|  |TAMS 0x00000000a1e00000, 0x00000000a1d00000| Complete 
|  30|0x00000000a1e00000, 0x00000000a1f00000, 0x00000000a1f00000|100%| O|  |TAMS 0x00000000a1f00000, 0x00000000a1e00000| Untracked 
|  31|0x00000000a1f00000, 0x00000000a2000000, 0x00000000a2000000|100%| O|  |TAMS 0x00000000a2000000, 0x00000000a1f00000| Untracked 
|  32|0x00000000a2000000, 0x00000000a2100000, 0x00000000a2100000|100%| O|  |TAMS 0x00000000a2100000, 0x00000000a2000000| Untracked 
|  33|0x00000000a2100000, 0x00000000a2200000, 0x00000000a2200000|100%| O|  |TAMS 0x00000000a2200000, 0x00000000a2100000| Untracked 
|  34|0x00000000a2200000, 0x00000000a2300000, 0x00000000a2300000|100%| O|  |TAMS 0x00000000a2300000, 0x00000000a2200000| Untracked 
|  35|0x00000000a2300000, 0x00000000a2400000, 0x00000000a2400000|100%| O|  |TAMS 0x00000000a2400000, 0x00000000a2300000| Untracked 
|  36|0x00000000a2400000, 0x00000000a2500000, 0x00000000a2500000|100%|HS|  |TAMS 0x00000000a2500000, 0x00000000a2400000| Complete 
|  37|0x00000000a2500000, 0x00000000a2600000, 0x00000000a2600000|100%|HC|  |TAMS 0x00000000a2600000, 0x00000000a2500000| Complete 
|  38|0x00000000a2600000, 0x00000000a2700000, 0x00000000a2700000|100%|HS|  |TAMS 0x00000000a2700000, 0x00000000a2600000| Complete 
|  39|0x00000000a2700000, 0x00000000a2800000, 0x00000000a2800000|100%|HS|  |TAMS 0x00000000a2800000, 0x00000000a2700000| Complete 
|  40|0x00000000a2800000, 0x00000000a2900000, 0x00000000a2900000|100%|HC|  |TAMS 0x00000000a2900000, 0x00000000a2800000| Complete 
|  41|0x00000000a2900000, 0x00000000a2a00000, 0x00000000a2a00000|100%|HC|  |TAMS 0x00000000a2a00000, 0x00000000a2900000| Complete 
|  42|0x00000000a2a00000, 0x00000000a2b00000, 0x00000000a2b00000|100%|HC|  |TAMS 0x00000000a2b00000, 0x00000000a2a00000| Complete 
|  43|0x00000000a2b00000, 0x00000000a2c00000, 0x00000000a2c00000|100%| O|  |TAMS 0x00000000a2c00000, 0x00000000a2b00000| Untracked 
|  44|0x00000000a2c00000, 0x00000000a2d00000, 0x00000000a2d00000|100%|HS|  |TAMS 0x00000000a2d00000, 0x00000000a2c00000| Complete 
|  45|0x00000000a2d00000, 0x00000000a2e00000, 0x00000000a2e00000|100%|HC|  |TAMS 0x00000000a2e00000, 0x00000000a2d00000| Complete 
|  46|0x00000000a2e00000, 0x00000000a2f00000, 0x00000000a2f00000|100%| O|  |TAMS 0x00000000a2f00000, 0x00000000a2e00000| Untracked 
|  47|0x00000000a2f00000, 0x00000000a3000000, 0x00000000a3000000|100%| O|  |TAMS 0x00000000a3000000, 0x00000000a2f00000| Untracked 
|  48|0x00000000a3000000, 0x00000000a3100000, 0x00000000a3100000|100%| O|  |TAMS 0x00000000a3100000, 0x00000000a3000000| Untracked 
|  49|0x00000000a3100000, 0x00000000a3200000, 0x00000000a3200000|100%| O|  |TAMS 0x00000000a3200000, 0x00000000a3100000| Untracked 
|  50|0x00000000a3200000, 0x00000000a3300000, 0x00000000a3300000|100%| O|  |TAMS 0x00000000a3300000, 0x00000000a3200000| Untracked 
|  51|0x00000000a3300000, 0x00000000a3300000, 0x00000000a3400000|  0%| F|  |TAMS 0x00000000a3300000, 0x00000000a3300000| Untracked 
|  52|0x00000000a3400000, 0x00000000a3500000, 0x00000000a3500000|100%| O|  |TAMS 0x00000000a3500000, 0x00000000a3400000| Untracked 
|  53|0x00000000a3500000, 0x00000000a3600000, 0x00000000a3600000|100%| O|  |TAMS 0x00000000a3600000, 0x00000000a3500000| Untracked 
|  54|0x00000000a3600000, 0x00000000a3700000, 0x00000000a3700000|100%| O|  |TAMS 0x00000000a3700000, 0x00000000a3600000| Untracked 
|  55|0x00000000a3700000, 0x00000000a3800000, 0x00000000a3800000|100%| O|  |TAMS 0x00000000a3800000, 0x00000000a3700000| Untracked 
|  56|0x00000000a3800000, 0x00000000a3900000, 0x00000000a3900000|100%| O|  |TAMS 0x00000000a3900000, 0x00000000a3800000| Untracked 
|  57|0x00000000a3900000, 0x00000000a3a00000, 0x00000000a3a00000|100%| O|  |TAMS 0x00000000a3a00000, 0x00000000a3900000| Untracked 
|  58|0x00000000a3a00000, 0x00000000a3b00000, 0x00000000a3b00000|100%| O|  |TAMS 0x00000000a3b00000, 0x00000000a3a00000| Untracked 
|  59|0x00000000a3b00000, 0x00000000a3c00000, 0x00000000a3c00000|100%| O|  |TAMS 0x00000000a3c00000, 0x00000000a3b00000| Untracked 
|  60|0x00000000a3c00000, 0x00000000a3d00000, 0x00000000a3d00000|100%| O|  |TAMS 0x00000000a3d00000, 0x00000000a3c00000| Untracked 
|  61|0x00000000a3d00000, 0x00000000a3e00000, 0x00000000a3e00000|100%| O|  |TAMS 0x00000000a3e00000, 0x00000000a3d00000| Untracked 
|  62|0x00000000a3e00000, 0x00000000a3f00000, 0x00000000a3f00000|100%| O|  |TAMS 0x00000000a3f00000, 0x00000000a3e00000| Untracked 
|  63|0x00000000a3f00000, 0x00000000a4000000, 0x00000000a4000000|100%| O|  |TAMS 0x00000000a4000000, 0x00000000a3f00000| Untracked 
|  64|0x00000000a4000000, 0x00000000a4100000, 0x00000000a4100000|100%| O|  |TAMS 0x00000000a4100000, 0x00000000a4000000| Untracked 
|  65|0x00000000a4100000, 0x00000000a4200000, 0x00000000a4200000|100%| O|  |TAMS 0x00000000a4200000, 0x00000000a4100000| Untracked 
|  66|0x00000000a4200000, 0x00000000a4300000, 0x00000000a4300000|100%| O|  |TAMS 0x00000000a4300000, 0x00000000a4200000| Untracked 
|  67|0x00000000a4300000, 0x00000000a4400000, 0x00000000a4400000|100%| O|  |TAMS 0x00000000a4400000, 0x00000000a4300000| Untracked 
|  68|0x00000000a4400000, 0x00000000a4500000, 0x00000000a4500000|100%| O|  |TAMS 0x00000000a4500000, 0x00000000a4400000| Untracked 
|  69|0x00000000a4500000, 0x00000000a4600000, 0x00000000a4600000|100%| O|  |TAMS 0x00000000a4600000, 0x00000000a4500000| Untracked 
|  70|0x00000000a4600000, 0x00000000a4700000, 0x00000000a4700000|100%| O|  |TAMS 0x00000000a4700000, 0x00000000a4600000| Untracked 
|  71|0x00000000a4700000, 0x00000000a4800000, 0x00000000a4800000|100%| O|  |TAMS 0x00000000a4800000, 0x00000000a4700000| Untracked 
|  72|0x00000000a4800000, 0x00000000a4900000, 0x00000000a4900000|100%| O|  |TAMS 0x00000000a481dc00, 0x00000000a4800000| Untracked 
|  73|0x00000000a4900000, 0x00000000a4a00000, 0x00000000a4a00000|100%| O|  |TAMS 0x00000000a4900000, 0x00000000a4900000| Untracked 
|  74|0x00000000a4a00000, 0x00000000a4b00000, 0x00000000a4b00000|100%| O|  |TAMS 0x00000000a4a00000, 0x00000000a4a00000| Untracked 
|  75|0x00000000a4b00000, 0x00000000a4c00000, 0x00000000a4c00000|100%| O|  |TAMS 0x00000000a4b00000, 0x00000000a4b00000| Untracked 
|  76|0x00000000a4c00000, 0x00000000a4d00000, 0x00000000a4d00000|100%| O|  |TAMS 0x00000000a4c00000, 0x00000000a4c00000| Untracked 
|  77|0x00000000a4d00000, 0x00000000a4e00000, 0x00000000a4e00000|100%| O|  |TAMS 0x00000000a4d00000, 0x00000000a4d00000| Untracked 
|  78|0x00000000a4e00000, 0x00000000a4f00000, 0x00000000a4f00000|100%|HS|  |TAMS 0x00000000a4e00000, 0x00000000a4e00000| Complete 
|  79|0x00000000a4f00000, 0x00000000a5000000, 0x00000000a5000000|100%|HS|  |TAMS 0x00000000a4f00000, 0x00000000a4f00000| Complete 
|  80|0x00000000a5000000, 0x00000000a5100000, 0x00000000a5100000|100%|HS|  |TAMS 0x00000000a5000000, 0x00000000a5000000| Complete 
|  81|0x00000000a5100000, 0x00000000a5200000, 0x00000000a5200000|100%|HC|  |TAMS 0x00000000a5100000, 0x00000000a5100000| Complete 
|  82|0x00000000a5200000, 0x00000000a5300000, 0x00000000a5300000|100%|HC|  |TAMS 0x00000000a5200000, 0x00000000a5200000| Complete 
|  83|0x00000000a5300000, 0x00000000a5400000, 0x00000000a5400000|100%|HS|  |TAMS 0x00000000a5300000, 0x00000000a5300000| Complete 
|  84|0x00000000a5400000, 0x00000000a5500000, 0x00000000a5500000|100%|HC|  |TAMS 0x00000000a5400000, 0x00000000a5400000| Complete 
|  85|0x00000000a5500000, 0x00000000a5600000, 0x00000000a5600000|100%| O|  |TAMS 0x00000000a5500000, 0x00000000a5500000| Untracked 
|  86|0x00000000a5600000, 0x00000000a5700000, 0x00000000a5700000|100%| O|  |TAMS 0x00000000a5600000, 0x00000000a5600000| Untracked 
|  87|0x00000000a5700000, 0x00000000a5800000, 0x00000000a5800000|100%| O|  |TAMS 0x00000000a5700000, 0x00000000a5700000| Untracked 
|  88|0x00000000a5800000, 0x00000000a5900000, 0x00000000a5900000|100%| O|  |TAMS 0x00000000a5800000, 0x00000000a5800000| Untracked 
|  89|0x00000000a5900000, 0x00000000a5a00000, 0x00000000a5a00000|100%| O|  |TAMS 0x00000000a5900000, 0x00000000a5900000| Untracked 
|  90|0x00000000a5a00000, 0x00000000a5b00000, 0x00000000a5b00000|100%| O|  |TAMS 0x00000000a5a00000, 0x00000000a5a00000| Untracked 
|  91|0x00000000a5b00000, 0x00000000a5c00000, 0x00000000a5c00000|100%| O|  |TAMS 0x00000000a5b00000, 0x00000000a5b00000| Untracked 
|  92|0x00000000a5c00000, 0x00000000a5d00000, 0x00000000a5d00000|100%| O|  |TAMS 0x00000000a5c00000, 0x00000000a5c00000| Untracked 
|  93|0x00000000a5d00000, 0x00000000a5e00000, 0x00000000a5e00000|100%| O|  |TAMS 0x00000000a5d00000, 0x00000000a5d00000| Untracked 
|  94|0x00000000a5e00000, 0x00000000a5f00000, 0x00000000a5f00000|100%| O|  |TAMS 0x00000000a5e00000, 0x00000000a5e00000| Untracked 
|  95|0x00000000a5f00000, 0x00000000a6000000, 0x00000000a6000000|100%| O|  |TAMS 0x00000000a5f00000, 0x00000000a5f00000| Untracked 
|  96|0x00000000a6000000, 0x00000000a6100000, 0x00000000a6100000|100%| O|  |TAMS 0x00000000a6000000, 0x00000000a6000000| Untracked 
|  97|0x00000000a6100000, 0x00000000a613a400, 0x00000000a6200000| 22%| O|  |TAMS 0x00000000a6100000, 0x00000000a6100000| Untracked 
|  98|0x00000000a6200000, 0x00000000a6200000, 0x00000000a6300000|  0%| F|  |TAMS 0x00000000a6200000, 0x00000000a6200000| Untracked 
|  99|0x00000000a6300000, 0x00000000a6300000, 0x00000000a6400000|  0%| F|  |TAMS 0x00000000a6300000, 0x00000000a6300000| Untracked 
| 100|0x00000000a6400000, 0x00000000a6400000, 0x00000000a6500000|  0%| F|  |TAMS 0x00000000a6400000, 0x00000000a6400000| Untracked 
| 101|0x00000000a6500000, 0x00000000a6500000, 0x00000000a6600000|  0%| F|  |TAMS 0x00000000a6500000, 0x00000000a6500000| Untracked 
| 102|0x00000000a6600000, 0x00000000a6600000, 0x00000000a6700000|  0%| F|  |TAMS 0x00000000a6600000, 0x00000000a6600000| Untracked 
| 103|0x00000000a6700000, 0x00000000a6700000, 0x00000000a6800000|  0%| F|  |TAMS 0x00000000a6700000, 0x00000000a6700000| Untracked 
| 104|0x00000000a6800000, 0x00000000a6800000, 0x00000000a6900000|  0%| F|  |TAMS 0x00000000a6800000, 0x00000000a6800000| Untracked 
| 105|0x00000000a6900000, 0x00000000a6900000, 0x00000000a6a00000|  0%| F|  |TAMS 0x00000000a6900000, 0x00000000a6900000| Untracked 
| 106|0x00000000a6a00000, 0x00000000a6a00000, 0x00000000a6b00000|  0%| F|  |TAMS 0x00000000a6a00000, 0x00000000a6a00000| Untracked 
| 107|0x00000000a6b00000, 0x00000000a6b00000, 0x00000000a6c00000|  0%| F|  |TAMS 0x00000000a6b00000, 0x00000000a6b00000| Untracked 
| 108|0x00000000a6c00000, 0x00000000a6c00000, 0x00000000a6d00000|  0%| F|  |TAMS 0x00000000a6c00000, 0x00000000a6c00000| Untracked 
| 109|0x00000000a6d00000, 0x00000000a6d00000, 0x00000000a6e00000|  0%| F|  |TAMS 0x00000000a6d00000, 0x00000000a6d00000| Untracked 
| 110|0x00000000a6e00000, 0x00000000a6e00000, 0x00000000a6f00000|  0%| F|  |TAMS 0x00000000a6e00000, 0x00000000a6e00000| Untracked 
| 111|0x00000000a6f00000, 0x00000000a6f00000, 0x00000000a7000000|  0%| F|  |TAMS 0x00000000a6f00000, 0x00000000a6f00000| Untracked 
| 112|0x00000000a7000000, 0x00000000a7000000, 0x00000000a7100000|  0%| F|  |TAMS 0x00000000a7000000, 0x00000000a7000000| Untracked 
| 113|0x00000000a7100000, 0x00000000a7100000, 0x00000000a7200000|  0%| F|  |TAMS 0x00000000a7100000, 0x00000000a7100000| Untracked 
| 114|0x00000000a7200000, 0x00000000a7200000, 0x00000000a7300000|  0%| F|  |TAMS 0x00000000a7200000, 0x00000000a7200000| Untracked 
| 115|0x00000000a7300000, 0x00000000a7300000, 0x00000000a7400000|  0%| F|  |TAMS 0x00000000a7300000, 0x00000000a7300000| Untracked 
| 116|0x00000000a7400000, 0x00000000a7400000, 0x00000000a7500000|  0%| F|  |TAMS 0x00000000a7400000, 0x00000000a7400000| Untracked 
| 117|0x00000000a7500000, 0x00000000a7500000, 0x00000000a7600000|  0%| F|  |TAMS 0x00000000a7500000, 0x00000000a7500000| Untracked 
| 118|0x00000000a7600000, 0x00000000a7600000, 0x00000000a7700000|  0%| F|  |TAMS 0x00000000a7600000, 0x00000000a7600000| Untracked 
| 119|0x00000000a7700000, 0x00000000a7700000, 0x00000000a7800000|  0%| F|  |TAMS 0x00000000a7700000, 0x00000000a7700000| Untracked 
| 120|0x00000000a7800000, 0x00000000a7800000, 0x00000000a7900000|  0%| F|  |TAMS 0x00000000a7800000, 0x00000000a7800000| Untracked 
| 121|0x00000000a7900000, 0x00000000a7900000, 0x00000000a7a00000|  0%| F|  |TAMS 0x00000000a7900000, 0x00000000a7900000| Untracked 
| 122|0x00000000a7a00000, 0x00000000a7a00000, 0x00000000a7b00000|  0%| F|  |TAMS 0x00000000a7a00000, 0x00000000a7a00000| Untracked 
| 123|0x00000000a7b00000, 0x00000000a7b00000, 0x00000000a7c00000|  0%| F|  |TAMS 0x00000000a7b00000, 0x00000000a7b00000| Untracked 
| 124|0x00000000a7c00000, 0x00000000a7c00000, 0x00000000a7d00000|  0%| F|  |TAMS 0x00000000a7c00000, 0x00000000a7c00000| Untracked 
| 125|0x00000000a7d00000, 0x00000000a7d00000, 0x00000000a7e00000|  0%| F|  |TAMS 0x00000000a7d00000, 0x00000000a7d00000| Untracked 
| 126|0x00000000a7e00000, 0x00000000a7e00000, 0x00000000a7f00000|  0%| F|  |TAMS 0x00000000a7e00000, 0x00000000a7e00000| Untracked 
| 127|0x00000000a7f00000, 0x00000000a7f00000, 0x00000000a8000000|  0%| F|  |TAMS 0x00000000a7f00000, 0x00000000a7f00000| Untracked 
| 128|0x00000000a8000000, 0x00000000a8000000, 0x00000000a8100000|  0%| F|  |TAMS 0x00000000a8000000, 0x00000000a8000000| Untracked 
| 129|0x00000000a8100000, 0x00000000a8100000, 0x00000000a8200000|  0%| F|  |TAMS 0x00000000a8100000, 0x00000000a8100000| Untracked 
| 130|0x00000000a8200000, 0x00000000a8200000, 0x00000000a8300000|  0%| F|  |TAMS 0x00000000a8200000, 0x00000000a8200000| Untracked 
| 131|0x00000000a8300000, 0x00000000a8300000, 0x00000000a8400000|  0%| F|  |TAMS 0x00000000a8300000, 0x00000000a8300000| Untracked 
| 132|0x00000000a8400000, 0x00000000a8400000, 0x00000000a8500000|  0%| F|  |TAMS 0x00000000a8400000, 0x00000000a8400000| Untracked 
| 133|0x00000000a8500000, 0x00000000a8500000, 0x00000000a8600000|  0%| F|  |TAMS 0x00000000a8500000, 0x00000000a8500000| Untracked 
| 134|0x00000000a8600000, 0x00000000a8600000, 0x00000000a8700000|  0%| F|  |TAMS 0x00000000a8600000, 0x00000000a8600000| Untracked 
| 135|0x00000000a8700000, 0x00000000a8700000, 0x00000000a8800000|  0%| F|  |TAMS 0x00000000a8700000, 0x00000000a8700000| Untracked 
| 136|0x00000000a8800000, 0x00000000a8800000, 0x00000000a8900000|  0%| F|  |TAMS 0x00000000a8800000, 0x00000000a8800000| Untracked 
| 137|0x00000000a8900000, 0x00000000a8900000, 0x00000000a8a00000|  0%| F|  |TAMS 0x00000000a8900000, 0x00000000a8900000| Untracked 
| 138|0x00000000a8a00000, 0x00000000a8a00000, 0x00000000a8b00000|  0%| F|  |TAMS 0x00000000a8a00000, 0x00000000a8a00000| Untracked 
| 139|0x00000000a8b00000, 0x00000000a8b00000, 0x00000000a8c00000|  0%| F|  |TAMS 0x00000000a8b00000, 0x00000000a8b00000| Untracked 
| 140|0x00000000a8c00000, 0x00000000a8c00000, 0x00000000a8d00000|  0%| F|  |TAMS 0x00000000a8c00000, 0x00000000a8c00000| Untracked 
| 141|0x00000000a8d00000, 0x00000000a8d00000, 0x00000000a8e00000|  0%| F|  |TAMS 0x00000000a8d00000, 0x00000000a8d00000| Untracked 
| 142|0x00000000a8e00000, 0x00000000a8e00000, 0x00000000a8f00000|  0%| F|  |TAMS 0x00000000a8e00000, 0x00000000a8e00000| Untracked 
| 143|0x00000000a8f00000, 0x00000000a8f00000, 0x00000000a9000000|  0%| F|  |TAMS 0x00000000a8f00000, 0x00000000a8f00000| Untracked 
| 144|0x00000000a9000000, 0x00000000a9000000, 0x00000000a9100000|  0%| F|  |TAMS 0x00000000a9000000, 0x00000000a9000000| Untracked 
| 145|0x00000000a9100000, 0x00000000a9173478, 0x00000000a9200000| 45%| E|  |TAMS 0x00000000a9100000, 0x00000000a9100000| Complete 
| 146|0x00000000a9200000, 0x00000000a9300000, 0x00000000a9300000|100%| E|CS|TAMS 0x00000000a9200000, 0x00000000a9200000| Complete 
| 147|0x00000000a9300000, 0x00000000a9400000, 0x00000000a9400000|100%| E|CS|TAMS 0x00000000a9300000, 0x00000000a9300000| Complete 
| 148|0x00000000a9400000, 0x00000000a9500000, 0x00000000a9500000|100%| E|CS|TAMS 0x00000000a9400000, 0x00000000a9400000| Complete 
| 149|0x00000000a9500000, 0x00000000a95801c0, 0x00000000a9600000| 50%| S|CS|TAMS 0x00000000a9500000, 0x00000000a9500000| Complete 
| 150|0x00000000a9600000, 0x00000000a9700000, 0x00000000a9700000|100%| E|CS|TAMS 0x00000000a9600000, 0x00000000a9600000| Complete 
|1532|0x00000000ffc00000, 0x00000000ffd00000, 0x00000000ffd00000|100%| O|  |TAMS 0x00000000ffd00000, 0x00000000ffc00000| Untracked 
|1533|0x00000000ffd00000, 0x00000000ffe00000, 0x00000000ffe00000|100%| O|  |TAMS 0x00000000ffe00000, 0x00000000ffd00000| Untracked 
|1534|0x00000000ffe00000, 0x00000000fff00000, 0x00000000fff00000|100%| O|  |TAMS 0x00000000fff00000, 0x00000000ffe00000| Untracked 
|1535|0x00000000fff00000, 0x0000000100000000, 0x0000000100000000|100%| O|  |TAMS 0x0000000100000000, 0x00000000fff00000| Untracked 

Card table byte_map: [0x000001e9f7560000,0x000001e9f7860000] _byte_map_base: 0x000001e9f7060000

Marking Bits (Prev, Next): (CMBitMap*) 0x000001e9e48a0be0, (CMBitMap*) 0x000001e9e48a0ba0
 Prev Bits: [0x000001e9f9360000, 0x000001e9fab60000)
 Next Bits: [0x000001e9f7b60000, 0x000001e9f9360000)

Polling page: 0x000001e9e2620000

Metaspace:

Usage:
  Non-class:     76.41 MB used.
      Class:     12.25 MB used.
       Both:     88.66 MB used.

Virtual space:
  Non-class space:       80.00 MB reserved,      76.81 MB ( 96%) committed,  10 nodes.
      Class space:        1.00 GB reserved,      12.56 MB (  1%) committed,  1 nodes.
             Both:        1.08 GB reserved,      89.38 MB (  8%) committed. 

Chunk freelists:
   Non-Class:  2.76 MB
       Class:  3.45 MB
        Both:  6.20 MB

MaxMetaspaceSize: unlimited
CompressedClassSpaceSize: 1.00 GB
Initial GC threshold: 21.00 MB
Current GC threshold: 146.56 MB
CDS: off
MetaspaceReclaimPolicy: balanced
 - commit_granule_bytes: 65536.
 - commit_granule_words: 8192.
 - virtual_space_node_default_size: 1048576.
 - enlarge_chunks_in_place: 1.
 - new_chunks_are_fully_committed: 0.
 - uncommit_free_chunks: 1.
 - use_allocation_guard: 0.
 - handle_deallocations: 1.


Internal statistics:

num_allocs_failed_limit: 6.
num_arena_births: 968.
num_arena_deaths: 0.
num_vsnodes_births: 11.
num_vsnodes_deaths: 0.
num_space_committed: 1430.
num_space_uncommitted: 0.
num_chunks_returned_to_freelist: 6.
num_chunks_taken_from_freelist: 4368.
num_chunk_merges: 3.
num_chunk_splits: 2872.
num_chunks_enlarged: 1905.
num_purges: 0.
num_inconsistent_stats: 0.

CodeHeap 'non-profiled nmethods': size=120000Kb used=4877Kb max_used=4877Kb free=115122Kb
 bounds [0x000001e9ef7e0000, 0x000001e9efcb0000, 0x000001e9f6d10000]
CodeHeap 'profiled nmethods': size=120000Kb used=18748Kb max_used=18748Kb free=101251Kb
 bounds [0x000001e9e7d10000, 0x000001e9e8f60000, 0x000001e9ef240000]
CodeHeap 'non-nmethods': size=5760Kb used=2388Kb max_used=2447Kb free=3371Kb
 bounds [0x000001e9ef240000, 0x000001e9ef4c0000, 0x000001e9ef7e0000]
 total_blobs=10490 nmethods=9565 adapters=837
 compilation: enabled
              stopped_count=0, restarted_count=0
 full_count=0

Compilation events (20 events):
Event: 56.498 Thread 0x000001e9fe134820 nmethod 10463 0x000001e9efc9fe90 code [0x000001e9efca0000, 0x000001e9efca0078]
Event: 56.498 Thread 0x000001e9fe134820 10559       4       org.gradle.api.internal.provider.AbstractProperty::attachOwner (6 bytes)
Event: 56.500 Thread 0x000001e9fe134820 nmethod 10559 0x000001e9efca0190 code [0x000001e9efca0300, 0x000001e9efca0438]
Event: 56.500 Thread 0x000001e9fe134820 10637       4       org.gradle.internal.concurrent.CompositeStoppable::toStoppable (37 bytes)
Event: 56.500 Thread 0x000001e9fe1406e0 10639       3       org.gradle.internal.typeconversion.TypedNotationConverter::<init> (30 bytes)
Event: 56.514 Thread 0x000001e9fe1406e0 nmethod 10639 0x000001e9e8f5bf90 code [0x000001e9e8f5c120, 0x000001e9e8f5c2f8]
Event: 56.516 Thread 0x000001e9fe134820 nmethod 10637 0x000001e9efca0490 code [0x000001e9efca0620, 0x000001e9efca0758]
Event: 56.516 Thread 0x000001e9fe134820 10638   !   4       org.gradle.internal.service.DefaultServiceRegistry$SingletonService::prepare (111 bytes)
Event: 56.520 Thread 0x000001e9fe1406e0 10640       3       org.gradle.groovy.scripts.DelegatingScriptSource::getClassName (10 bytes)
Event: 56.520 Thread 0x000001e9fe1406e0 nmethod 10640 0x000001e9e8f5c390 code [0x000001e9e8f5c540, 0x000001e9e8f5c708]
Event: 56.546 Thread 0x000001e9fe134820 nmethod 10638 0x000001e9efca0810 code [0x000001e9efca09c0, 0x000001e9efca0f58]
Event: 56.786 Thread 0x000001e9fe134820 10641       4       com.google.common.cache.LocalCache$1::notifyNewValue (1 bytes)
Event: 56.786 Thread 0x000001e9fe134820 nmethod 10641 0x000001e9efca1090 code [0x000001e9efca1200, 0x000001e9efca1278]
Event: 56.798 Thread 0x000001e9fe134820 10642       4       java.beans.Introspector::decapitalize (68 bytes)
Event: 56.875 Thread 0x000001e9fe134820 nmethod 10642 0x000001e9efca1390 code [0x000001e9efca1580, 0x000001e9efca1f28]
Event: 56.980 Thread 0x000001e9fe134820 10643 %     4       org.codehaus.groovy.runtime.metaclass.MetaMethodIndex::resize @ 20 (103 bytes)
Event: 56.981 Thread 0x000001e9fe1406e0 10645 %     3       org.codehaus.groovy.runtime.metaclass.MetaMethodIndex::copyMethodsToSuper @ 29 (91 bytes)
Event: 56.982 Thread 0x000001e9fe1406e0 nmethod 10645% 0x000001e9e8f5c810 code [0x000001e9e8f5ca00, 0x000001e9e8f5d068]
Event: 56.996 Thread 0x000001e9fe134820 nmethod 10643% 0x000001e9efca2510 code [0x000001e9efca26a0, 0x000001e9efca2bf8]
Event: 56.997 Thread 0x000001e9fe134820 10647       4       java.util.jar.JarFile::getEntry (35 bytes)

GC Heap History (20 events):
Event: 35.445 GC heap before
{Heap before GC invocations=38 (full 0):
 garbage-first heap   total 124928K, used 103355K [0x00000000a0000000, 0x0000000100000000)
  region size 1024K, 37 young (37888K), 5 survivors (5120K)
 Metaspace       used 80288K, committed 80896K, reserved 1122304K
  class space    used 10827K, committed 11072K, reserved 1048576K
}
Event: 35.451 GC heap after
{Heap after GC invocations=39 (full 0):
 garbage-first heap   total 124928K, used 71480K [0x00000000a0000000, 0x0000000100000000)
  region size 1024K, 3 young (3072K), 3 survivors (3072K)
 Metaspace       used 80288K, committed 80896K, reserved 1122304K
  class space    used 10827K, committed 11072K, reserved 1048576K
}
Event: 36.072 GC heap before
{Heap before GC invocations=39 (full 0):
 garbage-first heap   total 124928K, used 103224K [0x00000000a0000000, 0x0000000100000000)
  region size 1024K, 34 young (34816K), 3 survivors (3072K)
 Metaspace       used 80896K, committed 81664K, reserved 1122304K
  class space    used 10942K, committed 11264K, reserved 1048576K
}
Event: 36.082 GC heap after
{Heap after GC invocations=40 (full 0):
 garbage-first heap   total 124928K, used 74188K [0x00000000a0000000, 0x0000000100000000)
  region size 1024K, 5 young (5120K), 5 survivors (5120K)
 Metaspace       used 80896K, committed 81664K, reserved 1122304K
  class space    used 10942K, committed 11264K, reserved 1048576K
}
Event: 36.406 GC heap before
{Heap before GC invocations=40 (full 0):
 garbage-first heap   total 124928K, used 103884K [0x00000000a0000000, 0x0000000100000000)
  region size 1024K, 34 young (34816K), 5 survivors (5120K)
 Metaspace       used 80988K, committed 81664K, reserved 1122304K
  class space    used 10955K, committed 11264K, reserved 1048576K
}
Event: 36.417 GC heap after
{Heap after GC invocations=41 (full 0):
 garbage-first heap   total 124928K, used 75404K [0x00000000a0000000, 0x0000000100000000)
  region size 1024K, 2 young (2048K), 2 survivors (2048K)
 Metaspace       used 80988K, committed 81664K, reserved 1122304K
  class space    used 10955K, committed 11264K, reserved 1048576K
}
Event: 36.878 GC heap before
{Heap before GC invocations=41 (full 0):
 garbage-first heap   total 124928K, used 102028K [0x00000000a0000000, 0x0000000100000000)
  region size 1024K, 29 young (29696K), 2 survivors (2048K)
 Metaspace       used 81262K, committed 81984K, reserved 1122304K
  class space    used 10994K, committed 11328K, reserved 1048576K
}
Event: 36.883 GC heap after
{Heap after GC invocations=42 (full 0):
 garbage-first heap   total 124928K, used 78362K [0x00000000a0000000, 0x0000000100000000)
  region size 1024K, 4 young (4096K), 4 survivors (4096K)
 Metaspace       used 81262K, committed 81984K, reserved 1122304K
  class space    used 10994K, committed 11328K, reserved 1048576K
}
Event: 38.560 GC heap before
{Heap before GC invocations=43 (full 0):
 garbage-first heap   total 132096K, used 100890K [0x00000000a0000000, 0x0000000100000000)
  region size 1024K, 29 young (29696K), 4 survivors (4096K)
 Metaspace       used 83695K, committed 84416K, reserved 1122304K
  class space    used 11401K, committed 11712K, reserved 1048576K
}
Event: 38.570 GC heap after
{Heap after GC invocations=44 (full 0):
 garbage-first heap   total 132096K, used 77748K [0x00000000a0000000, 0x0000000100000000)
  region size 1024K, 2 young (2048K), 2 survivors (2048K)
 Metaspace       used 83695K, committed 84416K, reserved 1122304K
  class space    used 11401K, committed 11712K, reserved 1048576K
}
Event: 43.043 GC heap before
{Heap before GC invocations=44 (full 0):
 garbage-first heap   total 132096K, used 109492K [0x00000000a0000000, 0x0000000100000000)
  region size 1024K, 33 young (33792K), 2 survivors (2048K)
 Metaspace       used 87009K, committed 87744K, reserved 1130496K
  class space    used 11991K, committed 12288K, reserved 1048576K
}
Event: 43.061 GC heap after
{Heap after GC invocations=45 (full 0):
 garbage-first heap   total 132096K, used 79515K [0x00000000a0000000, 0x0000000100000000)
  region size 1024K, 4 young (4096K), 4 survivors (4096K)
 Metaspace       used 87009K, committed 87744K, reserved 1130496K
  class space    used 11991K, committed 12288K, reserved 1048576K
}
Event: 44.031 GC heap before
{Heap before GC invocations=45 (full 0):
 garbage-first heap   total 132096K, used 110235K [0x00000000a0000000, 0x0000000100000000)
  region size 1024K, 34 young (34816K), 4 survivors (4096K)
 Metaspace       used 88062K, committed 88832K, reserved 1130496K
  class space    used 12148K, committed 12480K, reserved 1048576K
}
Event: 44.059 GC heap after
{Heap after GC invocations=46 (full 0):
 garbage-first heap   total 132096K, used 83063K [0x00000000a0000000, 0x0000000100000000)
  region size 1024K, 5 young (5120K), 5 survivors (5120K)
 Metaspace       used 88062K, committed 88832K, reserved 1130496K
  class space    used 12148K, committed 12480K, reserved 1048576K
}
Event: 49.630 GC heap before
{Heap before GC invocations=46 (full 0):
 garbage-first heap   total 132096K, used 109687K [0x00000000a0000000, 0x0000000100000000)
  region size 1024K, 31 young (31744K), 5 survivors (5120K)
 Metaspace       used 89197K, committed 89984K, reserved 1130496K
  class space    used 12299K, committed 12608K, reserved 1048576K
}
Event: 49.882 GC heap after
{Heap after GC invocations=47 (full 0):
 garbage-first heap   total 158720K, used 87002K [0x00000000a0000000, 0x0000000100000000)
  region size 1024K, 4 young (4096K), 4 survivors (4096K)
 Metaspace       used 89197K, committed 89984K, reserved 1130496K
  class space    used 12299K, committed 12608K, reserved 1048576K
}
Event: 56.081 GC heap before
{Heap before GC invocations=48 (full 0):
 garbage-first heap   total 158720K, used 136154K [0x00000000a0000000, 0x0000000100000000)
  region size 1024K, 45 young (46080K), 4 survivors (4096K)
 Metaspace       used 90583K, committed 91392K, reserved 1130496K
  class space    used 12517K, committed 12864K, reserved 1048576K
}
Event: 56.121 GC heap after
{Heap after GC invocations=49 (full 0):
 garbage-first heap   total 158720K, used 102481K [0x00000000a0000000, 0x0000000100000000)
  region size 1024K, 6 young (6144K), 6 survivors (6144K)
 Metaspace       used 90583K, committed 91392K, reserved 1130496K
  class space    used 12517K, committed 12864K, reserved 1048576K
}
Event: 56.152 GC heap before
{Heap before GC invocations=49 (full 0):
 garbage-first heap   total 158720K, used 103505K [0x00000000a0000000, 0x0000000100000000)
  region size 1024K, 7 young (7168K), 6 survivors (6144K)
 Metaspace       used 90599K, committed 91392K, reserved 1130496K
  class space    used 12518K, committed 12864K, reserved 1048576K
}
Event: 56.170 GC heap after
{Heap after GC invocations=50 (full 0):
 garbage-first heap   total 158720K, used 103145K [0x00000000a0000000, 0x0000000100000000)
  region size 1024K, 1 young (1024K), 1 survivors (1024K)
 Metaspace       used 90599K, committed 91392K, reserved 1130496K
  class space    used 12518K, committed 12864K, reserved 1048576K
}

Dll operation events (2 events):
Event: 0.019 Loaded shared library C:\Program Files\Android\Android Studio\jbr\bin\java.dll
Event: 1.174 Loaded shared library C:\Program Files\Android\Android Studio\jbr\bin\verify.dll

Deoptimization events (20 events):
Event: 55.747 Thread 0x000001e9ff5eb070 DEOPT PACKING pc=0x000001e9e8d6f275 sp=0x0000005a91cf87c0
Event: 55.747 Thread 0x000001e9ff5eb070 DEOPT UNPACKING pc=0x000001e9ef297143 sp=0x0000005a91cf7ce8 mode 0
Event: 55.748 Thread 0x000001e9ff5eb070 DEOPT PACKING pc=0x000001e9e8d6f20d sp=0x0000005a91cf8b50
Event: 55.748 Thread 0x000001e9ff5eb070 DEOPT UNPACKING pc=0x000001e9ef297143 sp=0x0000005a91cf8078 mode 0
Event: 55.771 Thread 0x000001e9ff5eb070 DEOPT PACKING pc=0x000001e9e8d6f275 sp=0x0000005a91cf8b10
Event: 55.771 Thread 0x000001e9ff5eb070 DEOPT UNPACKING pc=0x000001e9ef297143 sp=0x0000005a91cf8038 mode 0
Event: 55.775 Thread 0x000001e9ff5eb070 DEOPT PACKING pc=0x000001e9e8d6f20d sp=0x0000005a91cf86d0
Event: 55.775 Thread 0x000001e9ff5eb070 DEOPT UNPACKING pc=0x000001e9ef297143 sp=0x0000005a91cf7bf8 mode 0
Event: 55.808 Thread 0x000001e9ff5eb070 DEOPT PACKING pc=0x000001e9e8d6f20d sp=0x0000005a91cf86a0
Event: 55.808 Thread 0x000001e9ff5eb070 DEOPT UNPACKING pc=0x000001e9ef297143 sp=0x0000005a91cf7bc8 mode 0
Event: 56.175 Thread 0x000001e9ff5eb070 DEOPT PACKING pc=0x000001e9e8d6f275 sp=0x0000005a91cf8650
Event: 56.175 Thread 0x000001e9ff5eb070 DEOPT UNPACKING pc=0x000001e9ef297143 sp=0x0000005a91cf7b78 mode 0
Event: 56.181 Thread 0x000001e9ff5eb070 DEOPT PACKING pc=0x000001e9e8d6f20d sp=0x0000005a91cf8660
Event: 56.181 Thread 0x000001e9ff5eb070 DEOPT UNPACKING pc=0x000001e9ef297143 sp=0x0000005a91cf7b88 mode 0
Event: 56.183 Thread 0x000001e9ff5eb070 DEOPT PACKING pc=0x000001e9e8d6f20d sp=0x0000005a91cf8800
Event: 56.183 Thread 0x000001e9ff5eb070 DEOPT UNPACKING pc=0x000001e9ef297143 sp=0x0000005a91cf7d28 mode 0
Event: 56.184 Thread 0x000001e9ff5eb070 DEOPT PACKING pc=0x000001e9e8d6f375 sp=0x0000005a91cf8660
Event: 56.184 Thread 0x000001e9ff5eb070 DEOPT UNPACKING pc=0x000001e9ef297143 sp=0x0000005a91cf7b88 mode 0
Event: 56.188 Thread 0x000001e9ff5eb070 DEOPT PACKING pc=0x000001e9e8d6f375 sp=0x0000005a91cf8800
Event: 56.189 Thread 0x000001e9ff5eb070 DEOPT UNPACKING pc=0x000001e9ef297143 sp=0x0000005a91cf7d28 mode 0

Classes unloaded (0 events):
No events

Classes redefined (0 events):
No events

Internal exceptions (20 events):
Event: 46.079 Thread 0x000001e9ff5eb070 Exception <a 'java/lang/ClassNotFoundException'{0x00000000a6ab1660}: build_7m8k6gadk91biuo96heid24cvBeanInfo> (0x00000000a6ab1660) 
thrown [s\src\hotspot\share\classfile\systemDictionary.cpp, line 256]
Event: 46.081 Thread 0x000001e9ff5eb070 Exception <a 'java/lang/ClassNotFoundException'{0x00000000a6ab7ee0}: build_7m8k6gadk91biuo96heid24cvCustomizer> (0x00000000a6ab7ee0) 
thrown [s\src\hotspot\share\classfile\systemDictionary.cpp, line 256]
Event: 51.511 Thread 0x000001e9ff5eb070 Exception <a 'java/lang/ClassNotFoundException'{0x00000000a8930008}: build_7m8k6gadk91biuo96heid24cvBeanInfo> (0x00000000a8930008) 
thrown [s\src\hotspot\share\classfile\systemDictionary.cpp, line 256]
Event: 51.511 Thread 0x000001e9ff5eb070 Exception <a 'java/lang/ClassNotFoundException'{0x00000000a8936828}: build_7m8k6gadk91biuo96heid24cvCustomizer> (0x00000000a8936828) 
thrown [s\src\hotspot\share\classfile\systemDictionary.cpp, line 256]
Event: 54.941 Thread 0x000001e9ff5eb070 Exception <a 'java/lang/ClassNotFoundException'{0x00000000a7c4d570}: com/android/build/gradle/LibraryExtension_DecoratedBeanInfo> (0x00000000a7c4d570) 
thrown [s\src\hotspot\share\classfile\systemDictionary.cpp, line 256]
Event: 54.944 Thread 0x000001e9ff5eb070 Exception <a 'java/lang/ClassNotFoundException'{0x00000000a7c59bd0}: com/android/build/gradle/LibraryExtensionBeanInfo> (0x00000000a7c59bd0) 
thrown [s\src\hotspot\share\classfile\systemDictionary.cpp, line 256]
Event: 54.945 Thread 0x000001e9ff5eb070 Exception <a 'java/lang/ClassNotFoundException'{0x00000000a7c66208}: com/android/build/gradle/LibraryExtensionCustomizer> (0x00000000a7c66208) 
thrown [s\src\hotspot\share\classfile\systemDictionary.cpp, line 256]
Event: 54.956 Thread 0x000001e9ff5eb070 Exception <a 'java/lang/ClassNotFoundException'{0x00000000a7b400e8}: com/android/build/gradle/LibraryExtension_DecoratedCustomizer> (0x00000000a7b400e8) 
thrown [s\src\hotspot\share\classfile\systemDictionary.cpp, line 256]
Event: 55.014 Thread 0x000001e9ff5eb070 Exception <a 'java/lang/ClassNotFoundException'{0x00000000a7958b58}: com/android/build/gradle/internal/dsl/LintOptions_DecoratedBeanInfo> (0x00000000a7958b58) 
thrown [s\src\hotspot\share\classfile\systemDictionary.cpp, line 256]
Event: 55.016 Thread 0x000001e9ff5eb070 Exception <a 'java/lang/ClassNotFoundException'{0x00000000a7966958}: com/android/build/gradle/internal/dsl/LintOptionsBeanInfo> (0x00000000a7966958) 
thrown [s\src\hotspot\share\classfile\systemDictionary.cpp, line 256]
Event: 55.019 Thread 0x000001e9ff5eb070 Exception <a 'java/lang/ClassNotFoundException'{0x00000000a7974948}: com/android/build/gradle/internal/dsl/LintOptionsCustomizer> (0x00000000a7974948) 
thrown [s\src\hotspot\share\classfile\systemDictionary.cpp, line 256]
Event: 55.022 Thread 0x000001e9ff5eb070 Exception <a 'java/lang/ClassNotFoundException'{0x00000000a79bf058}: com/android/build/gradle/internal/dsl/LintOptions_DecoratedCustomizer> (0x00000000a79bf058) 
thrown [s\src\hotspot\share\classfile\systemDictionary.cpp, line 256]
Event: 55.082 Thread 0x000001e9ff5eb070 Exception <a 'java/lang/ClassNotFoundException'{0x00000000a78cd608}: java/lang/MathBeanInfo> (0x00000000a78cd608) 
thrown [s\src\hotspot\share\classfile\systemDictionary.cpp, line 256]
Event: 55.083 Thread 0x000001e9ff5eb070 Exception <a 'java/lang/ClassNotFoundException'{0x00000000a78d3058}: java/lang/MathCustomizer> (0x00000000a78d3058) 
thrown [s\src\hotspot\share\classfile\systemDictionary.cpp, line 256]
Event: 56.055 Thread 0x000001e9ff5eb070 Exception <a 'java/lang/ClassNotFoundException'{0x00000000a6e8b280}: com/android/build/gradle/internal/api/LibraryVariantOutputImpl_DecoratedBeanInfo> (0x00000000a6e8b280) 
thrown [s\src\hotspot\share\classfile\systemDictionary.cpp, line 256]
Event: 56.056 Thread 0x000001e9ff5eb070 Exception <a 'java/lang/ClassNotFoundException'{0x00000000a6e96e18}: com/android/build/gradle/internal/api/LibraryVariantOutputImplBeanInfo> (0x00000000a6e96e18) 
thrown [s\src\hotspot\share\classfile\systemDictionary.cpp, line 256]
Event: 56.061 Thread 0x000001e9ff5eb070 Exception <a 'java/lang/ClassNotFoundException'{0x00000000a6ea2728}: com/android/build/gradle/internal/api/LibraryVariantOutputImplCustomizer> (0x00000000a6ea2728) 
thrown [s\src\hotspot\share\classfile\systemDictionary.cpp, line 256]
Event: 56.064 Thread 0x000001e9ff5eb070 Exception <a 'java/lang/ClassNotFoundException'{0x00000000a6eb7028}: com/android/build/gradle/internal/api/LibraryVariantOutputImpl_DecoratedCustomizer> (0x00000000a6eb7028) 
thrown [s\src\hotspot\share\classfile\systemDictionary.cpp, line 256]
Event: 56.987 Thread 0x000001e9ff5eb070 Exception <a 'java/lang/ClassNotFoundException'{0x00000000a928f540}: build_cg3c3q10gujynfbsxvl2efvkjBeanInfo> (0x00000000a928f540) 
thrown [s\src\hotspot\share\classfile\systemDictionary.cpp, line 256]
Event: 57.016 Thread 0x000001e9ff5eb070 Exception <a 'java/lang/ClassNotFoundException'{0x00000000a9295dc0}: build_cg3c3q10gujynfbsxvl2efvkjCustomizer> (0x00000000a9295dc0) 
thrown [s\src\hotspot\share\classfile\systemDictionary.cpp, line 256]

VM Operations (20 events):
Event: 49.627 Executing VM operation: G1CollectForAllocation
Event: 49.885 Executing VM operation: G1CollectForAllocation done
Event: 50.429 Executing VM operation: G1Concurrent
Event: 50.478 Executing VM operation: G1Concurrent done
Event: 50.515 Executing VM operation: G1Concurrent
Event: 50.516 Executing VM operation: G1Concurrent done
Event: 51.531 Executing VM operation: Cleanup
Event: 51.531 Executing VM operation: Cleanup done
Event: 52.563 Executing VM operation: Cleanup
Event: 52.588 Executing VM operation: Cleanup done
Event: 53.591 Executing VM operation: Cleanup
Event: 53.592 Executing VM operation: Cleanup done
Event: 54.606 Executing VM operation: Cleanup
Event: 54.606 Executing VM operation: Cleanup done
Event: 55.620 Executing VM operation: Cleanup
Event: 55.621 Executing VM operation: Cleanup done
Event: 56.072 Executing VM operation: G1CollectForAllocation
Event: 56.121 Executing VM operation: G1CollectForAllocation done
Event: 56.152 Executing VM operation: G1CollectForAllocation
Event: 56.170 Executing VM operation: G1CollectForAllocation done

Events (20 events):
Event: 45.629 loading class jdk/internal/ValueBased
Event: 45.632 loading class jdk/internal/ValueBased done
Event: 45.639 loading class jdk/internal/reflect/UnsafeQualifiedStaticIntegerFieldAccessorImpl
Event: 45.642 loading class jdk/internal/reflect/UnsafeQualifiedStaticIntegerFieldAccessorImpl done
Event: 45.729 loading class java/util/concurrent/ConcurrentHashMap$MapEntryBeanInfo
Event: 45.731 loading class java/util/concurrent/ConcurrentHashMap$MapEntryBeanInfo done
Event: 45.731 loading class java/util/concurrent/ConcurrentHashMap$MapEntryBeanInfo
Event: 45.731 loading class java/util/concurrent/ConcurrentHashMap$MapEntryBeanInfo done
Event: 45.732 loading class java/util/concurrent/ConcurrentHashMap$MapEntryCustomizer
Event: 45.733 loading class java/util/concurrent/ConcurrentHashMap$MapEntryCustomizer done
Event: 45.734 loading class java/util/concurrent/ConcurrentHashMap$MapEntryCustomizer
Event: 45.734 loading class java/util/concurrent/ConcurrentHashMap$MapEntryCustomizer done
Event: 55.076 loading class java/lang/MathBeanInfo
Event: 55.081 loading class java/lang/MathBeanInfo done
Event: 55.082 loading class java/lang/MathBeanInfo
Event: 55.082 loading class java/lang/MathBeanInfo done
Event: 55.082 loading class java/lang/MathCustomizer
Event: 55.083 loading class java/lang/MathCustomizer done
Event: 55.083 loading class java/lang/MathCustomizer
Event: 55.083 loading class java/lang/MathCustomizer done


Dynamic libraries:
0x00007ff6da570000 - 0x00007ff6da57a000 	C:\Program Files\Android\Android Studio\jbr\bin\java.exe
0x00007ffda8090000 - 0x00007ffda82a7000 	C:\WINDOWS\SYSTEM32\ntdll.dll
0x00007ffda70a0000 - 0x00007ffda7164000 	C:\WINDOWS\System32\KERNEL32.DLL
0x00007ffda5780000 - 0x00007ffda5b2d000 	C:\WINDOWS\System32\KERNELBASE.dll
0x00007ffda5b60000 - 0x00007ffda5c71000 	C:\WINDOWS\System32\ucrtbase.dll
0x00007ffd96f20000 - 0x00007ffd96f3b000 	C:\Program Files\Android\Android Studio\jbr\bin\VCRUNTIME140.dll
0x00007ffda20b0000 - 0x00007ffda20c7000 	C:\Program Files\Android\Android Studio\jbr\bin\jli.dll
0x00007ffda7c10000 - 0x00007ffda7dbe000 	C:\WINDOWS\System32\USER32.dll
0x00007ffd89ce0000 - 0x00007ffd89f73000 	C:\WINDOWS\WinSxS\amd64_microsoft.windows.common-controls_6595b64144ccf1df_6.0.22621.3672_none_2713b9d173822955\COMCTL32.dll
0x00007ffda5b30000 - 0x00007ffda5b56000 	C:\WINDOWS\System32\win32u.dll
0x00007ffda7fa0000 - 0x00007ffda8047000 	C:\WINDOWS\System32\msvcrt.dll
0x00007ffda7300000 - 0x00007ffda7329000 	C:\WINDOWS\System32\GDI32.dll
0x00007ffda5430000 - 0x00007ffda5549000 	C:\WINDOWS\System32\gdi32full.dll
0x00007ffda5c80000 - 0x00007ffda5d1a000 	C:\WINDOWS\System32\msvcp_win.dll
0x00007ffda5f00000 - 0x00007ffda5f31000 	C:\WINDOWS\System32\IMM32.DLL
0x00007ffd9e4a0000 - 0x00007ffd9e4ac000 	C:\Program Files\Android\Android Studio\jbr\bin\vcruntime140_1.dll
0x00007ffd96e70000 - 0x00007ffd96efd000 	C:\Program Files\Android\Android Studio\jbr\bin\msvcp140.dll
0x00007ffd00b70000 - 0x00007ffd017de000 	C:\Program Files\Android\Android Studio\jbr\bin\server\jvm.dll
0x00007ffda7dd0000 - 0x00007ffda7e82000 	C:\WINDOWS\System32\ADVAPI32.dll
0x00007ffda63d0000 - 0x00007ffda6479000 	C:\WINDOWS\System32\sechost.dll
0x00007ffda5d20000 - 0x00007ffda5d48000 	C:\WINDOWS\System32\bcrypt.dll
0x00007ffda7170000 - 0x00007ffda7284000 	C:\WINDOWS\System32\RPCRT4.dll
0x00007ffd9d240000 - 0x00007ffd9d24a000 	C:\WINDOWS\SYSTEM32\VERSION.dll
0x00007ffda0c30000 - 0x00007ffda0c64000 	C:\WINDOWS\SYSTEM32\WINMM.dll
0x00007ffd93900000 - 0x00007ffd93909000 	C:\WINDOWS\SYSTEM32\WSOCK32.dll
0x00007ffda7f20000 - 0x00007ffda7f91000 	C:\WINDOWS\System32\WS2_32.dll
0x00007ffda43f0000 - 0x00007ffda4408000 	C:\WINDOWS\SYSTEM32\kernel.appcore.dll
0x00007ffd9e360000 - 0x00007ffd9e36a000 	C:\Program Files\Android\Android Studio\jbr\bin\jimage.dll
0x00007ffda2e10000 - 0x00007ffda3042000 	C:\WINDOWS\SYSTEM32\DBGHELP.DLL
0x00007ffda6040000 - 0x00007ffda63c8000 	C:\WINDOWS\System32\combase.dll
0x00007ffda7a30000 - 0x00007ffda7b07000 	C:\WINDOWS\System32\OLEAUT32.dll
0x00007ffd930f0000 - 0x00007ffd93122000 	C:\WINDOWS\SYSTEM32\dbgcore.DLL
0x00007ffda5d50000 - 0x00007ffda5dcb000 	C:\WINDOWS\System32\bcryptPrimitives.dll
0x00007ffd95d10000 - 0x00007ffd95d35000 	C:\Program Files\Android\Android Studio\jbr\bin\java.dll
0x00007ffd85bb0000 - 0x00007ffd85bc8000 	C:\Program Files\Android\Android Studio\jbr\bin\zip.dll
0x00007ffda67f0000 - 0x00007ffda704f000 	C:\WINDOWS\System32\SHELL32.dll
0x00007ffda3310000 - 0x00007ffda3c0c000 	C:\WINDOWS\SYSTEM32\windows.storage.dll
0x00007ffda31d0000 - 0x00007ffda330f000 	C:\WINDOWS\SYSTEM32\wintypes.dll
0x00007ffda7b10000 - 0x00007ffda7c04000 	C:\WINDOWS\System32\SHCORE.dll
0x00007ffda5ea0000 - 0x00007ffda5efe000 	C:\WINDOWS\System32\shlwapi.dll
0x00007ffda52f0000 - 0x00007ffda5311000 	C:\WINDOWS\SYSTEM32\profapi.dll
0x00007ffd9da20000 - 0x00007ffd9da39000 	C:\Program Files\Android\Android Studio\jbr\bin\net.dll
0x00007ffda1020000 - 0x00007ffda1156000 	C:\WINDOWS\SYSTEM32\WINHTTP.dll
0x00007ffda4860000 - 0x00007ffda48c9000 	C:\WINDOWS\system32\mswsock.dll
0x00007ffd9da00000 - 0x00007ffd9da16000 	C:\Program Files\Android\Android Studio\jbr\bin\nio.dll
0x00007ffd9d4c0000 - 0x00007ffd9d4d0000 	C:\Program Files\Android\Android Studio\jbr\bin\verify.dll
0x00007ffd489a0000 - 0x00007ffd489c7000 	C:\Users\ankit\.gradle\native\e1d6ef7f7dcc3fd88c89a11ec53ec762bb8ba0a96d01ffa2cd45eb1d1d8dd5c5\windows-amd64\native-platform.dll
0x00007ffd2c510000 - 0x00007ffd2c654000 	C:\Users\ankit\.gradle\native\0d407fdbe67a94daf76414ababcb853783967236a71b16ec16e742cd7a986fd3\windows-amd64\native-platform-file-events.dll
0x00007ffd95d00000 - 0x00007ffd95d09000 	C:\Program Files\Android\Android Studio\jbr\bin\management.dll
0x00007ffd85ba0000 - 0x00007ffd85bab000 	C:\Program Files\Android\Android Studio\jbr\bin\management_ext.dll
0x00007ffda73e0000 - 0x00007ffda73e8000 	C:\WINDOWS\System32\PSAPI.DLL
0x00007ffda4ad0000 - 0x00007ffda4aeb000 	C:\WINDOWS\SYSTEM32\CRYPTSP.dll
0x00007ffda4350000 - 0x00007ffda4385000 	C:\WINDOWS\system32\rsaenh.dll
0x00007ffda4960000 - 0x00007ffda4988000 	C:\WINDOWS\SYSTEM32\USERENV.dll
0x00007ffda4ac0000 - 0x00007ffda4acc000 	C:\WINDOWS\SYSTEM32\CRYPTBASE.dll
0x00007ffda3e70000 - 0x00007ffda3e9d000 	C:\WINDOWS\SYSTEM32\IPHLPAPI.DLL
0x00007ffda72f0000 - 0x00007ffda72f9000 	C:\WINDOWS\System32\NSI.dll
0x00007ffda0f60000 - 0x00007ffda0f79000 	C:\WINDOWS\SYSTEM32\dhcpcsvc6.DLL
0x00007ffda0f40000 - 0x00007ffda0f5f000 	C:\WINDOWS\SYSTEM32\dhcpcsvc.DLL
0x00007ffda3ee0000 - 0x00007ffda3fd8000 	C:\WINDOWS\SYSTEM32\DNSAPI.dll
0x00007ffd77c90000 - 0x00007ffd77c98000 	C:\WINDOWS\system32\wshunix.dll

dbghelp: loaded successfully - version: 4.0.5 - missing functions: none
symbol engine: initialized successfully - sym options: 0x614 - pdb path: .;C:\Program Files\Android\Android Studio\jbr\bin;C:\WINDOWS\SYSTEM32;C:\WINDOWS\WinSxS\amd64_microsoft.windows.common-controls_6595b64144ccf1df_6.0.22621.3672_none_2713b9d173822955;C:\Program Files\Android\Android Studio\jbr\bin\server;C:\Users\ankit\.gradle\native\e1d6ef7f7dcc3fd88c89a11ec53ec762bb8ba0a96d01ffa2cd45eb1d1d8dd5c5\windows-amd64;C:\Users\ankit\.gradle\native\0d407fdbe67a94daf76414ababcb853783967236a71b16ec16e742cd7a986fd3\windows-amd64

VM Arguments:
jvm_args: --add-opens=java.base/java.util=ALL-UNNAMED --add-opens=java.base/java.lang=ALL-UNNAMED --add-opens=java.base/java.lang.invoke=ALL-UNNAMED --add-opens=java.base/java.util=ALL-UNNAMED --add-opens=java.prefs/java.util.prefs=ALL-UNNAMED --add-opens=java.prefs/java.util.prefs=ALL-UNNAMED --add-opens=java.base/java.nio.charset=ALL-UNNAMED --add-opens=java.base/java.net=ALL-UNNAMED --add-opens=java.base/java.util.concurrent.atomic=ALL-UNNAMED -Xmx1536M -Dfile.encoding=windows-1252 -Duser.country=IN -Duser.language=en -Duser.variant 
java_command: org.gradle.launcher.daemon.bootstrap.GradleDaemon 7.5
java_class_path (initial): C:\Users\ankit\.gradle\wrapper\dists\gradle-7.5-all\6qsw290k5lz422uaf8jf6m7co\gradle-7.5\lib\gradle-launcher-7.5.jar
Launcher Type: SUN_STANDARD

[Global flags]
     intx CICompilerCount                          = 4                                         {product} {ergonomic}
     uint ConcGCThreads                            = 3                                         {product} {ergonomic}
     uint G1ConcRefinementThreads                  = 10                                        {product} {ergonomic}
   size_t G1HeapRegionSize                         = 1048576                                   {product} {ergonomic}
    uintx GCDrainStackTargetSize                   = 64                                        {product} {ergonomic}
   size_t InitialHeapSize                          = 98566144                                  {product} {ergonomic}
   size_t MarkStackSize                            = 4194304                                   {product} {ergonomic}
   size_t MaxHeapSize                              = 1610612736                                {product} {command line}
   size_t MaxNewSize                               = 965738496                                 {product} {ergonomic}
   size_t MinHeapDeltaBytes                        = 1048576                                   {product} {ergonomic}
   size_t MinHeapSize                              = 8388608                                   {product} {ergonomic}
    uintx NonNMethodCodeHeapSize                   = 5839372                                {pd product} {ergonomic}
    uintx NonProfiledCodeHeapSize                  = 122909434                              {pd product} {ergonomic}
    uintx ProfiledCodeHeapSize                     = 122909434                              {pd product} {ergonomic}
    uintx ReservedCodeCacheSize                    = 251658240                              {pd product} {ergonomic}
     bool SegmentedCodeCache                       = true                                      {product} {ergonomic}
   size_t SoftMaxHeapSize                          = 1610612736                             {manageable} {ergonomic}
     bool UseCompressedClassPointers               = true                           {product lp64_product} {ergonomic}
     bool UseCompressedOops                        = true                           {product lp64_product} {ergonomic}
     bool UseG1GC                                  = true                                      {product} {ergonomic}
     bool UseLargePagesIndividualAllocation        = false                                  {pd product} {ergonomic}

Logging:
Log output configuration:
 #0: stdout all=warning uptime,level,tags
 #1: stderr all=off uptime,level,tags

Environment Variables:
JAVA_HOME=C:\Program Files\Android\Android Studio\jbr
CLASSPATH=C:\Flutter\women_app\android\\gradle\wrapper\gradle-wrapper.jar
PATH=C:\Program Files\Android\Android Studio\jbr\bin;C:\Program Files (x86)\VMware\VMware Workstation\bin\;C:\Program Files\Python311\Scripts\;C:\Program Files\Python311\;C:\Program Files\Common Files\Oracle\Java\javapath;C:\WINDOWS\system32;C:\WINDOWS;C:\WINDOWS\System32\Wbem;C:\WINDOWS\System32\WindowsPowerShell\v1.0\;C:\WINDOWS\System32\OpenSSH\;C:\Program Files\Java\jdk-20\bin;C:\Program Files\Git\cmd;C:\Program Files\Git\mingw64\bin;C:\Program Files\Git\usr\bin;C:\Users\ankit\AppData\Local\Pub\Cache\bin;C:\Program Files\nodejs\;C:\Program Files\MySQL\MySQL Server 8.0\bin;C:\MinGW\bin;C:\Users\ankit\AppData\Local\Microsoft\WindowsApps;C:\Users\ankit\AppData\Local\Programs\Microsoft VS Code\bin;C:\src\flutter\bin;C:\Android\sdk;C:\Android\sdk\platform-tools;C:\Users\ankit\AppData\Roaming\npm;C:\src\flutter\bin\mingit\cmd;C:\src\flutter\bin\mingit\cmd
USERNAME=ankit
OS=Windows_NT
PROCESSOR_IDENTIFIER=AMD64 Family 23 Model 104 Stepping 1, AuthenticAMD
TMP=C:\Users\ankit\AppData\Local\Temp
TEMP=C:\Users\ankit\AppData\Local\Temp


JNI global refs:
JNI global refs: 24, weak refs: 5

JNI global refs memory usage: 843, weak refs: 841


---------------  S Y S T E M  ---------------

OS:
 Windows 11 , 64 bit Build 22621 (10.0.22621.3672)
OS uptime: 0 days 0:55 hours

CPU: total 12 (initial active 12) (12 cores per cpu, 2 threads per core) family 23 model 104 stepping 1 microcode 0x0, cx8, cmov, fxsr, ht, mmx, 3dnowpref, sse, sse2, sse3, ssse3, sse4a, sse4.1, sse4.2, popcnt, lzcnt, tsc, tscinvbit, avx, avx2, aes, clmul, bmi1, bmi2, adx, sha, fma, vzeroupper, clflush, clflushopt

Memory: 4k page, system-wide physical 5989M (167M free)
TotalPageFile size 24421M (AvailPageFile size 233M)
current process WorkingSet (physical memory assigned to process): 101M, peak: 286M
current process commit charge ("private bytes"): 437M, peak: 446M

vm_info: OpenJDK 64-Bit Server VM (17.0.6+0-b2043.56-10027231) for windows-amd64 JRE (17.0.6+0-b2043.56-10027231), built on Apr 28 2023 00:43:19 by "androidbuild" with MS VC++ 16.10 / 16.11 (VS2019)

END.
