#
# There is insufficient memory for the Java Runtime Environment to continue.
# Native memory allocation (malloc) failed to allocate 2148976 bytes for Chunk::new
# Possible reasons:
#   The system is out of physical RAM or swap space
#   The process is running with CompressedOops enabled, and the Java Heap may be blocking the growth of the native heap
# Possible solutions:
#   Reduce memory load on the system
#   Increase physical memory or swap space
#   Check if swap backing store is full
#   Decrease Java heap size (-Xmx/-Xms)
#   Decrease number of Java threads
#   Decrease Java thread stack sizes (-Xss)
#   Set larger code cache with -XX:ReservedCodeCacheSize=
#   JVM is running with Unscaled Compressed Oops mode in which the Java heap is
#     placed in the first 4GB address space. The Java Heap base address is the
#     maximum limit for the native heap growth. Please use -XX:HeapBaseMinAddress
#     to set the Java Heap base and to place the Java Heap above 4GB virtual address.
# This output file may be truncated or incomplete.
#
#  Out of Memory Error (arena.cpp:189), pid=17028, tid=9372
#
# JRE version: OpenJDK Runtime Environment (17.0.6) (build 17.0.6+0-b2043.56-10027231)
# Java VM: OpenJDK 64-Bit Server VM (17.0.6+0-b2043.56-10027231, mixed mode, tiered, compressed oops, compressed class ptrs, g1 gc, windows-amd64)
# No core dump will be written. Minidumps are not enabled by default on client versions of Windows
#

---------------  S U M M A R Y ------------

Command Line: --add-opens=java.base/java.util=ALL-UNNAMED --add-opens=java.base/java.lang=ALL-UNNAMED --add-opens=java.base/java.lang.invoke=ALL-UNNAMED --add-opens=java.base/java.util=ALL-UNNAMED --add-opens=java.prefs/java.util.prefs=ALL-UNNAMED --add-opens=java.prefs/java.util.prefs=ALL-UNNAMED --add-opens=java.base/java.nio.charset=ALL-UNNAMED --add-opens=java.base/java.net=ALL-UNNAMED --add-opens=java.base/java.util.concurrent.atomic=ALL-UNNAMED -Xmx1536M -Dfile.encoding=windows-1252 -Duser.country=IN -Duser.language=en -Duser.variant org.gradle.launcher.daemon.bootstrap.GradleDaemon 7.5

Host: AMD Ryzen 5 5500U with Radeon Graphics         , 12 cores, 5G,  Windows 11 , 64 bit Build 22621 (10.0.22621.3672)
Time: Thu Jul 25 00:04:18 2024 India Standard Time elapsed time: 36.575344 seconds (0d 0h 0m 36s)

---------------  T H R E A D  ---------------

Current thread (0x0000017247426600):  JavaThread "C2 CompilerThread0" daemon [_thread_in_native, id=9372, stack(0x000000320b300000,0x000000320b400000)]


Current CompileTask:
C2:  36575 4446       4       jdk.internal.org.objectweb.asm.Frame::execute (2305 bytes)

Stack: [0x000000320b300000,0x000000320b400000]
Native frames: (J=compiled Java code, j=interpreted, Vv=VM code, C=native code)
V  [jvm.dll+0x683c9a]
V  [jvm.dll+0x8427a4]
V  [jvm.dll+0x843f9e]
V  [jvm.dll+0x844603]
V  [jvm.dll+0x249b75]
V  [jvm.dll+0xabcac]
V  [jvm.dll+0xac27c]
V  [jvm.dll+0x368802]
V  [jvm.dll+0x332f31]
V  [jvm.dll+0x3323da]
V  [jvm.dll+0x21c201]
V  [jvm.dll+0x21b621]
V  [jvm.dll+0x1a4fdd]
V  [jvm.dll+0x22b098]
V  [jvm.dll+0x229159]
V  [jvm.dll+0x7f81ec]
V  [jvm.dll+0x7f274a]
V  [jvm.dll+0x682ad5]
C  [ucrtbase.dll+0x29333]
C  [KERNEL32.DLL+0x1257d]
C  [ntdll.dll+0x5af28]


---------------  P R O C E S S  ---------------

Threads class SMR info:
_java_thread_list=0x000001724b88d810, length=41, elements={
0x000001722da030b0, 0x00000172469ba020, 0x00000172469baae0, 0x00000172469748a0,
0x0000017247421ff0, 0x00000172474248c0, 0x0000017247425920, 0x0000017247426600,
0x00000172474270a0, 0x00000172474289b0, 0x00000172475c1e70, 0x00000172475c1000,
0x00000172475c2340, 0x00000172475c2810, 0x00000172475bee50, 0x00000172475bf320,
0x00000172475bf7f0, 0x00000172475bfcc0, 0x00000172475c0190, 0x00000172475c0660,
0x00000172475c0b30, 0x0000017247d81090, 0x0000017247d82d70, 0x0000017247d823d0,
0x0000017247d7ea10, 0x0000017247d7e070, 0x0000017247d7f880, 0x0000017247d7fd50,
0x0000017247d7eee0, 0x0000017247d7e540, 0x0000017247d80220, 0x0000017247d828a0,
0x0000017247d83710, 0x0000017247d83be0, 0x0000017247d84f20, 0x0000017247d858c0,
0x0000017247d806f0, 0x0000017247d7f3b0, 0x0000017247d80bc0, 0x0000017247d81a30,
0x0000017247d81f00
}

Java Threads: ( => current thread )
  0x000001722da030b0 JavaThread "main" [_thread_blocked, id=23468, stack(0x000000320a600000,0x000000320a700000)]
  0x00000172469ba020 JavaThread "Reference Handler" daemon [_thread_blocked, id=15612, stack(0x000000320ad00000,0x000000320ae00000)]
  0x00000172469baae0 JavaThread "Finalizer" daemon [_thread_blocked, id=22784, stack(0x000000320ae00000,0x000000320af00000)]
  0x00000172469748a0 JavaThread "Signal Dispatcher" daemon [_thread_blocked, id=16368, stack(0x000000320af00000,0x000000320b000000)]
  0x0000017247421ff0 JavaThread "Attach Listener" daemon [_thread_blocked, id=8808, stack(0x000000320b000000,0x000000320b100000)]
  0x00000172474248c0 JavaThread "Service Thread" daemon [_thread_blocked, id=7772, stack(0x000000320b100000,0x000000320b200000)]
  0x0000017247425920 JavaThread "Monitor Deflation Thread" daemon [_thread_blocked, id=16292, stack(0x000000320b200000,0x000000320b300000)]
=>0x0000017247426600 JavaThread "C2 CompilerThread0" daemon [_thread_in_native, id=9372, stack(0x000000320b300000,0x000000320b400000)]
  0x00000172474270a0 JavaThread "C1 CompilerThread0" daemon [_thread_blocked, id=21572, stack(0x000000320b400000,0x000000320b500000)]
  0x00000172474289b0 JavaThread "Sweeper thread" daemon [_thread_blocked, id=18768, stack(0x000000320b500000,0x000000320b600000)]
  0x00000172475c1e70 JavaThread "Common-Cleaner" daemon [_thread_blocked, id=8984, stack(0x000000320b600000,0x000000320b700000)]
  0x00000172475c1000 JavaThread "Notification Thread" daemon [_thread_blocked, id=4180, stack(0x000000320b700000,0x000000320b800000)]
  0x00000172475c2340 JavaThread "Daemon health stats" [_thread_blocked, id=9876, stack(0x000000320bd00000,0x000000320be00000)]
  0x00000172475c2810 JavaThread "Incoming local TCP Connector on port 59520" [_thread_in_native, id=12612, stack(0x000000320be00000,0x000000320bf00000)]
  0x00000172475bee50 JavaThread "Daemon periodic checks" [_thread_blocked, id=21472, stack(0x000000320bf00000,0x000000320c000000)]
  0x00000172475bf320 JavaThread "Daemon" [_thread_blocked, id=3876, stack(0x000000320c000000,0x000000320c100000)]
  0x00000172475bf7f0 JavaThread "Handler for socket connection from /127.0.0.1:59520 to /127.0.0.1:59521" [_thread_in_native, id=8164, stack(0x000000320c100000,0x000000320c200000)]
  0x00000172475bfcc0 JavaThread "Cancel handler" [_thread_blocked, id=21036, stack(0x000000320c200000,0x000000320c300000)]
  0x00000172475c0190 JavaThread "Daemon worker" [_thread_in_vm, id=15872, stack(0x000000320c300000,0x000000320c400000)]
  0x00000172475c0660 JavaThread "Asynchronous log dispatcher for DefaultDaemonConnection: socket connection from /127.0.0.1:59520 to /127.0.0.1:59521" [_thread_blocked, id=20408, stack(0x000000320c400000,0x000000320c500000)]
  0x00000172475c0b30 JavaThread "Stdin handler" [_thread_blocked, id=6464, stack(0x000000320c500000,0x000000320c600000)]
  0x0000017247d81090 JavaThread "Daemon client event forwarder" [_thread_blocked, id=3436, stack(0x000000320c600000,0x000000320c700000)]
  0x0000017247d82d70 JavaThread "Cache worker for journal cache (C:\Users\ankit\.gradle\caches\journal-1)" [_thread_blocked, id=22584, stack(0x000000320c700000,0x000000320c800000)]
  0x0000017247d823d0 JavaThread "File lock request listener" [_thread_in_native, id=8988, stack(0x000000320c800000,0x000000320c900000)]
  0x0000017247d7ea10 JavaThread "Cache worker for file hash cache (C:\Users\ankit\.gradle\caches\7.5\fileHashes)" [_thread_blocked, id=15020, stack(0x000000320d000000,0x000000320d100000)]
  0x0000017247d7e070 JavaThread "File lock release action executor" [_thread_blocked, id=8240, stack(0x000000320d100000,0x000000320d200000)]
  0x0000017247d7f880 JavaThread "File watcher server" daemon [_thread_in_native, id=9012, stack(0x000000320d200000,0x000000320d300000)]
  0x0000017247d7fd50 JavaThread "File watcher consumer" daemon [_thread_blocked, id=11964, stack(0x000000320d300000,0x000000320d400000)]
  0x0000017247d7eee0 JavaThread "Cache worker for checksums cache (C:\Flutter\women_app\android\.gradle\7.5\checksums)" [_thread_blocked, id=7552, stack(0x000000320d400000,0x000000320d500000)]
  0x0000017247d7e540 JavaThread "Cache worker for cache directory md-rule (C:\Users\ankit\.gradle\caches\7.5\md-rule)" [_thread_blocked, id=3284, stack(0x000000320d500000,0x000000320d600000)]
  0x0000017247d80220 JavaThread "Cache worker for file content cache (C:\Users\ankit\.gradle\caches\7.5\fileContent)" [_thread_blocked, id=22488, stack(0x000000320d600000,0x000000320d700000)]
  0x0000017247d828a0 JavaThread "Cache worker for file hash cache (C:\Flutter\women_app\android\.gradle\7.5\fileHashes)" [_thread_blocked, id=17464, stack(0x000000320d700000,0x000000320d800000)]
  0x0000017247d83710 JavaThread "Cache worker for cache directory md-supplier (C:\Users\ankit\.gradle\caches\7.5\md-supplier)" [_thread_blocked, id=20024, stack(0x000000320d800000,0x000000320d900000)]
  0x0000017247d83be0 JavaThread "Cache worker for execution history cache (C:\Users\ankit\.gradle\caches\7.5\executionHistory)" [_thread_blocked, id=12336, stack(0x000000320d900000,0x000000320da00000)]
  0x0000017247d84f20 JavaThread "jar transforms" [_thread_blocked, id=19512, stack(0x000000320da00000,0x000000320db00000)]
  0x0000017247d858c0 JavaThread "jar transforms Thread 2" [_thread_blocked, id=4592, stack(0x000000320db00000,0x000000320dc00000)]
  0x0000017247d806f0 JavaThread "jar transforms Thread 3" [_thread_blocked, id=16156, stack(0x000000320dc00000,0x000000320dd00000)]
  0x0000017247d7f3b0 JavaThread "jar transforms Thread 4" [_thread_blocked, id=17684, stack(0x000000320dd00000,0x000000320de00000)]
  0x0000017247d80bc0 JavaThread "Cache worker for dependencies-accessors (C:\Flutter\women_app\android\.gradle\7.5\dependencies-accessors)" [_thread_blocked, id=12380, stack(0x000000320de00000,0x000000320df00000)]
  0x0000017247d81a30 JavaThread "jar transforms Thread 5" [_thread_blocked, id=16420, stack(0x000000320df00000,0x000000320e000000)]
  0x0000017247d81f00 JavaThread "Cache worker for Build Output Cleanup Cache (C:\Flutter\women_app\android\.gradle\buildOutputCleanup)" [_thread_blocked, id=2080, stack(0x000000320e000000,0x000000320e100000)]

Other Threads:
  0x0000017246996640 VMThread "VM Thread" [stack: 0x000000320ac00000,0x000000320ad00000] [id=11348]
  0x00000172475a2a70 WatcherThread [stack: 0x000000320b800000,0x000000320b900000] [id=22356]
  0x000001722da50f70 GCTaskThread "GC Thread#0" [stack: 0x000000320a700000,0x000000320a800000] [id=10180]
  0x000001724862cad0 GCTaskThread "GC Thread#1" [stack: 0x000000320b900000,0x000000320ba00000] [id=20516]
  0x000001724830cc30 GCTaskThread "GC Thread#2" [stack: 0x000000320ba00000,0x000000320bb00000] [id=7796]
  0x000001724841cac0 GCTaskThread "GC Thread#3" [stack: 0x000000320bb00000,0x000000320bc00000] [id=21204]
  0x0000017248ab11b0 GCTaskThread "GC Thread#4" [stack: 0x000000320bc00000,0x000000320bd00000] [id=20240]
  0x0000017247e0fcd0 GCTaskThread "GC Thread#5" [stack: 0x000000320c900000,0x000000320ca00000] [id=3400]
  0x0000017249ee5ca0 GCTaskThread "GC Thread#6" [stack: 0x000000320ca00000,0x000000320cb00000] [id=21716]
  0x0000017247844460 GCTaskThread "GC Thread#7" [stack: 0x000000320cb00000,0x000000320cc00000] [id=17260]
  0x00000172484c29a0 GCTaskThread "GC Thread#8" [stack: 0x000000320cc00000,0x000000320cd00000] [id=10632]
  0x0000017247e358d0 GCTaskThread "GC Thread#9" [stack: 0x000000320cd00000,0x000000320ce00000] [id=18668]
  0x000001722da5e4f0 ConcurrentGCThread "G1 Main Marker" [stack: 0x000000320a800000,0x000000320a900000] [id=17160]
  0x000001722da5eda0 ConcurrentGCThread "G1 Conc#0" [stack: 0x000000320a900000,0x000000320aa00000] [id=13184]
  0x00000172489c7040 ConcurrentGCThread "G1 Conc#1" [stack: 0x000000320ce00000,0x000000320cf00000] [id=2552]
  0x00000172476e1090 ConcurrentGCThread "G1 Conc#2" [stack: 0x000000320cf00000,0x000000320d000000] [id=22836]
  0x000001722dab93e0 ConcurrentGCThread "G1 Refine#0" [stack: 0x000000320aa00000,0x000000320ab00000] [id=9244]
  0x000001722dab9ca0 ConcurrentGCThread "G1 Service" [stack: 0x000000320ab00000,0x000000320ac00000] [id=7780]

Threads with active compile tasks:
C2 CompilerThread0    36815 4446       4       jdk.internal.org.objectweb.asm.Frame::execute (2305 bytes)

VM state: not at safepoint (normal execution)

VM Mutex/Monitor currently owned by a thread: None

Heap address: 0x00000000a0000000, size: 1536 MB, Compressed Oops mode: 32-bit

CDS archive(s) not mapped
Compressed class space mapped at: 0x0000000100000000-0x0000000140000000, reserved size: 1073741824
Narrow klass base: 0x0000000000000000, Narrow klass shift: 3, Narrow klass range: 0x140000000

GC Precious Log:
 CPUs: 12 total, 12 available
 Memory: 5989M
 Large Page Support: Disabled
 NUMA Support: Disabled
 Compressed Oops: Enabled (32-bit)
 Heap Region Size: 1M
 Heap Min Capacity: 8M
 Heap Initial Capacity: 94M
 Heap Max Capacity: 1536M
 Pre-touch: Disabled
 Parallel Workers: 10
 Concurrent Workers: 3
 Concurrent Refinement Workers: 10
 Periodic GC: Disabled

Heap:
 garbage-first heap   total 61440K, used 40395K [0x00000000a0000000, 0x0000000100000000)
  region size 1024K, 8 young (8192K), 1 survivors (1024K)
 Metaspace       used 48854K, committed 49216K, reserved 1097728K
  class space    used 6445K, committed 6592K, reserved 1048576K

Heap Regions: E=young(eden), S=young(survivor), O=old, HS=humongous(starts), HC=humongous(continues), CS=collection set, F=free, OA=open archive, CA=closed archive, TAMS=top-at-mark-start (previous, next)
|   0|0x00000000a0000000, 0x00000000a0100000, 0x00000000a0100000|100%| O|  |TAMS 0x00000000a0100000, 0x00000000a0000000| Untracked 
|   1|0x00000000a0100000, 0x00000000a0200000, 0x00000000a0200000|100%| O|  |TAMS 0x00000000a0200000, 0x00000000a0100000| Untracked 
|   2|0x00000000a0200000, 0x00000000a0300000, 0x00000000a0300000|100%| O|  |TAMS 0x00000000a0300000, 0x00000000a0200000| Untracked 
|   3|0x00000000a0300000, 0x00000000a0400000, 0x00000000a0400000|100%|HS|  |TAMS 0x00000000a0400000, 0x00000000a0300000| Complete 
|   4|0x00000000a0400000, 0x00000000a0500000, 0x00000000a0500000|100%|HC|  |TAMS 0x00000000a0500000, 0x00000000a0400000| Complete 
|   5|0x00000000a0500000, 0x00000000a0600000, 0x00000000a0600000|100%|HC|  |TAMS 0x00000000a0600000, 0x00000000a0500000| Complete 
|   6|0x00000000a0600000, 0x00000000a0700000, 0x00000000a0700000|100%| O|  |TAMS 0x00000000a0700000, 0x00000000a0600000| Untracked 
|   7|0x00000000a0700000, 0x00000000a0800000, 0x00000000a0800000|100%| O|  |TAMS 0x00000000a0800000, 0x00000000a0700000| Untracked 
|   8|0x00000000a0800000, 0x00000000a0900000, 0x00000000a0900000|100%| O|  |TAMS 0x00000000a0900000, 0x00000000a0800000| Untracked 
|   9|0x00000000a0900000, 0x00000000a0a00000, 0x00000000a0a00000|100%| O|  |TAMS 0x00000000a0a00000, 0x00000000a0900000| Untracked 
|  10|0x00000000a0a00000, 0x00000000a0b00000, 0x00000000a0b00000|100%| O|  |TAMS 0x00000000a0b00000, 0x00000000a0a00000| Untracked 
|  11|0x00000000a0b00000, 0x00000000a0c00000, 0x00000000a0c00000|100%| O|  |TAMS 0x00000000a0c00000, 0x00000000a0b00000| Untracked 
|  12|0x00000000a0c00000, 0x00000000a0d00000, 0x00000000a0d00000|100%| O|  |TAMS 0x00000000a0d00000, 0x00000000a0c00000| Untracked 
|  13|0x00000000a0d00000, 0x00000000a0e00000, 0x00000000a0e00000|100%| O|  |TAMS 0x00000000a0e00000, 0x00000000a0d00000| Untracked 
|  14|0x00000000a0e00000, 0x00000000a0f00000, 0x00000000a0f00000|100%| O|  |TAMS 0x00000000a0f00000, 0x00000000a0e00000| Untracked 
|  15|0x00000000a0f00000, 0x00000000a1000000, 0x00000000a1000000|100%| O|  |TAMS 0x00000000a1000000, 0x00000000a0f00000| Untracked 
|  16|0x00000000a1000000, 0x00000000a1100000, 0x00000000a1100000|100%| O|  |TAMS 0x00000000a1100000, 0x00000000a1000000| Untracked 
|  17|0x00000000a1100000, 0x00000000a1200000, 0x00000000a1200000|100%| O|  |TAMS 0x00000000a1200000, 0x00000000a1100000| Untracked 
|  18|0x00000000a1200000, 0x00000000a1300000, 0x00000000a1300000|100%| O|  |TAMS 0x00000000a1300000, 0x00000000a1200000| Untracked 
|  19|0x00000000a1300000, 0x00000000a1400000, 0x00000000a1400000|100%| O|  |TAMS 0x00000000a1400000, 0x00000000a1300000| Untracked 
|  20|0x00000000a1400000, 0x00000000a1500000, 0x00000000a1500000|100%| O|  |TAMS 0x00000000a1500000, 0x00000000a1400000| Untracked 
|  21|0x00000000a1500000, 0x00000000a1500000, 0x00000000a1600000|  0%| F|  |TAMS 0x00000000a1500000, 0x00000000a1500000| Untracked 
|  22|0x00000000a1600000, 0x00000000a1700000, 0x00000000a1700000|100%| O|  |TAMS 0x00000000a1700000, 0x00000000a1600000| Untracked 
|  23|0x00000000a1700000, 0x00000000a1800000, 0x00000000a1800000|100%| O|  |TAMS 0x00000000a1800000, 0x00000000a1700000| Untracked 
|  24|0x00000000a1800000, 0x00000000a1900000, 0x00000000a1900000|100%| O|  |TAMS 0x00000000a1900000, 0x00000000a1800000| Untracked 
|  25|0x00000000a1900000, 0x00000000a1a00000, 0x00000000a1a00000|100%| O|  |TAMS 0x00000000a1a00000, 0x00000000a1900000| Untracked 
|  26|0x00000000a1a00000, 0x00000000a1b00000, 0x00000000a1b00000|100%| O|  |TAMS 0x00000000a1b00000, 0x00000000a1a00000| Untracked 
|  27|0x00000000a1b00000, 0x00000000a1c00000, 0x00000000a1c00000|100%| O|  |TAMS 0x00000000a1c00000, 0x00000000a1b00000| Untracked 
|  28|0x00000000a1c00000, 0x00000000a1d00000, 0x00000000a1d00000|100%| O|  |TAMS 0x00000000a1d00000, 0x00000000a1c00000| Untracked 
|  29|0x00000000a1d00000, 0x00000000a1e00000, 0x00000000a1e00000|100%| O|  |TAMS 0x00000000a1e00000, 0x00000000a1d00000| Untracked 
|  30|0x00000000a1e00000, 0x00000000a1f00000, 0x00000000a1f00000|100%| O|  |TAMS 0x00000000a1f00000, 0x00000000a1e00000| Untracked 
|  31|0x00000000a1f00000, 0x00000000a2000000, 0x00000000a2000000|100%| O|  |TAMS 0x00000000a2000000, 0x00000000a1f00000| Untracked 
|  32|0x00000000a2000000, 0x00000000a2100000, 0x00000000a2100000|100%| O|  |TAMS 0x00000000a2100000, 0x00000000a2000000| Untracked 
|  33|0x00000000a2100000, 0x00000000a219f800, 0x00000000a2200000| 62%| O|  |TAMS 0x00000000a219f800, 0x00000000a2100000| Untracked 
|  34|0x00000000a2200000, 0x00000000a2200000, 0x00000000a2300000|  0%| F|  |TAMS 0x00000000a2200000, 0x00000000a2200000| Untracked 
|  35|0x00000000a2300000, 0x00000000a2300000, 0x00000000a2400000|  0%| F|  |TAMS 0x00000000a2300000, 0x00000000a2300000| Untracked 
|  36|0x00000000a2400000, 0x00000000a2400000, 0x00000000a2500000|  0%| F|  |TAMS 0x00000000a2400000, 0x00000000a2400000| Untracked 
|  37|0x00000000a2500000, 0x00000000a2500000, 0x00000000a2600000|  0%| F|  |TAMS 0x00000000a2500000, 0x00000000a2500000| Untracked 
|  38|0x00000000a2600000, 0x00000000a2600000, 0x00000000a2700000|  0%| F|  |TAMS 0x00000000a2600000, 0x00000000a2600000| Untracked 
|  39|0x00000000a2700000, 0x00000000a2700000, 0x00000000a2800000|  0%| F|  |TAMS 0x00000000a2700000, 0x00000000a2700000| Untracked 
|  40|0x00000000a2800000, 0x00000000a2800000, 0x00000000a2900000|  0%| F|  |TAMS 0x00000000a2800000, 0x00000000a2800000| Untracked 
|  41|0x00000000a2900000, 0x00000000a2900000, 0x00000000a2a00000|  0%| F|  |TAMS 0x00000000a2900000, 0x00000000a2900000| Untracked 
|  42|0x00000000a2a00000, 0x00000000a2a00000, 0x00000000a2b00000|  0%| F|  |TAMS 0x00000000a2a00000, 0x00000000a2a00000| Untracked 
|  43|0x00000000a2b00000, 0x00000000a2b00000, 0x00000000a2c00000|  0%| F|  |TAMS 0x00000000a2b00000, 0x00000000a2b00000| Untracked 
|  44|0x00000000a2c00000, 0x00000000a2cd3510, 0x00000000a2d00000| 82%| S|CS|TAMS 0x00000000a2c00000, 0x00000000a2c00000| Complete 
|  45|0x00000000a2d00000, 0x00000000a2d00000, 0x00000000a2e00000|  0%| F|  |TAMS 0x00000000a2d00000, 0x00000000a2d00000| Untracked 
|  46|0x00000000a2e00000, 0x00000000a2e00000, 0x00000000a2f00000|  0%| F|  |TAMS 0x00000000a2e00000, 0x00000000a2e00000| Untracked 
|  47|0x00000000a2f00000, 0x00000000a2f00000, 0x00000000a3000000|  0%| F|  |TAMS 0x00000000a2f00000, 0x00000000a2f00000| Untracked 
|  48|0x00000000a3000000, 0x00000000a3000000, 0x00000000a3100000|  0%| F|  |TAMS 0x00000000a3000000, 0x00000000a3000000| Untracked 
|  49|0x00000000a3100000, 0x00000000a3100000, 0x00000000a3200000|  0%| F|  |TAMS 0x00000000a3100000, 0x00000000a3100000| Untracked 
|  50|0x00000000a3200000, 0x00000000a3200000, 0x00000000a3300000|  0%| F|  |TAMS 0x00000000a3200000, 0x00000000a3200000| Untracked 
|  51|0x00000000a3300000, 0x00000000a3300000, 0x00000000a3400000|  0%| F|  |TAMS 0x00000000a3300000, 0x00000000a3300000| Untracked 
|  52|0x00000000a3400000, 0x00000000a3400000, 0x00000000a3500000|  0%| F|  |TAMS 0x00000000a3400000, 0x00000000a3400000| Untracked 
|  53|0x00000000a3500000, 0x00000000a3597fb0, 0x00000000a3600000| 59%| E|  |TAMS 0x00000000a3500000, 0x00000000a3500000| Complete 
|  54|0x00000000a3600000, 0x00000000a3700000, 0x00000000a3700000|100%| E|CS|TAMS 0x00000000a3600000, 0x00000000a3600000| Complete 
|  55|0x00000000a3700000, 0x00000000a3800000, 0x00000000a3800000|100%| E|CS|TAMS 0x00000000a3700000, 0x00000000a3700000| Complete 
|  56|0x00000000a3800000, 0x00000000a3900000, 0x00000000a3900000|100%| E|CS|TAMS 0x00000000a3800000, 0x00000000a3800000| Complete 
|  57|0x00000000a3900000, 0x00000000a3a00000, 0x00000000a3a00000|100%| E|CS|TAMS 0x00000000a3900000, 0x00000000a3900000| Complete 
|  58|0x00000000a3a00000, 0x00000000a3b00000, 0x00000000a3b00000|100%| E|CS|TAMS 0x00000000a3a00000, 0x00000000a3a00000| Complete 
|  93|0x00000000a5d00000, 0x00000000a5e00000, 0x00000000a5e00000|100%| E|CS|TAMS 0x00000000a5d00000, 0x00000000a5d00000| Complete 

Card table byte_map: [0x0000017240710000,0x0000017240a10000] _byte_map_base: 0x0000017240210000

Marking Bits (Prev, Next): (CMBitMap*) 0x000001722da51460, (CMBitMap*) 0x000001722da51420
 Prev Bits: [0x0000017242510000, 0x0000017243d10000)
 Next Bits: [0x0000017240d10000, 0x0000017242510000)

Polling page: 0x000001722d1c0000

Metaspace:

Usage:
  Non-class:     41.42 MB used.
      Class:      6.30 MB used.
       Both:     47.72 MB used.

Virtual space:
  Non-class space:       48.00 MB reserved,      41.62 MB ( 87%) committed,  6 nodes.
      Class space:        1.00 GB reserved,       6.44 MB ( <1%) committed,  1 nodes.
             Both:        1.05 GB reserved,      48.06 MB (  4%) committed. 

Chunk freelists:
   Non-Class:  2.19 MB
       Class:  1.58 MB
        Both:  3.77 MB

MaxMetaspaceSize: unlimited
CompressedClassSpaceSize: 1.00 GB
Initial GC threshold: 21.00 MB
Current GC threshold: 79.06 MB
CDS: off
MetaspaceReclaimPolicy: balanced
 - commit_granule_bytes: 65536.
 - commit_granule_words: 8192.
 - virtual_space_node_default_size: 1048576.
 - enlarge_chunks_in_place: 1.
 - new_chunks_are_fully_committed: 0.
 - uncommit_free_chunks: 1.
 - use_allocation_guard: 0.
 - handle_deallocations: 1.


Internal statistics:

num_allocs_failed_limit: 6.
num_arena_births: 418.
num_arena_deaths: 0.
num_vsnodes_births: 7.
num_vsnodes_deaths: 0.
num_space_committed: 769.
num_space_uncommitted: 0.
num_chunks_returned_to_freelist: 6.
num_chunks_taken_from_freelist: 1896.
num_chunk_merges: 3.
num_chunk_splits: 1274.
num_chunks_enlarged: 897.
num_purges: 0.
num_inconsistent_stats: 0.

CodeHeap 'non-profiled nmethods': size=120000Kb used=2334Kb max_used=2334Kb free=117665Kb
 bounds [0x0000017238990000, 0x0000017238c00000, 0x000001723fec0000]
CodeHeap 'profiled nmethods': size=120000Kb used=9298Kb max_used=9298Kb free=110701Kb
 bounds [0x0000017230ec0000, 0x00000172317e0000, 0x00000172383f0000]
CodeHeap 'non-nmethods': size=5760Kb used=2295Kb max_used=2329Kb free=3464Kb
 bounds [0x00000172383f0000, 0x0000017238660000, 0x0000017238990000]
 total_blobs=5245 nmethods=4436 adapters=721
 compilation: enabled
              stopped_count=0, restarted_count=0
 full_count=0

Compilation events (20 events):
Event: 36.430 Thread 0x00000172474270a0 4473       3       java.lang.invoke.LambdaFormEditor::bindArgumentForm (269 bytes)
Event: 36.433 Thread 0x00000172474270a0 nmethod 4473 0x00000172317c8090 code [0x00000172317c8440, 0x00000172317c9c48]
Event: 36.450 Thread 0x00000172474270a0 4475       3       java.lang.invoke.BoundMethodHandle::bindArgumentL (11 bytes)
Event: 36.450 Thread 0x00000172474270a0 nmethod 4475 0x00000172317ca690 code [0x00000172317ca880, 0x00000172317cad58]
Event: 36.450 Thread 0x00000172474270a0 4476       3       java.lang.invoke.LambdaFormEditor::bindArgumentL (59 bytes)
Event: 36.451 Thread 0x00000172474270a0 nmethod 4476 0x00000172317caf90 code [0x00000172317cb160, 0x00000172317cb408]
Event: 36.458 Thread 0x00000172474270a0 4477       1       org.gradle.api.internal.project.DefaultProjectStateRegistry$ProjectStateImpl::getProjectPath (5 bytes)
Event: 36.458 Thread 0x00000172474270a0 nmethod 4477 0x0000017238bd7710 code [0x0000017238bd78a0, 0x0000017238bd7978]
Event: 36.465 Thread 0x00000172474270a0 4478       3       java.net.URI$Parser::scan (76 bytes)
Event: 36.466 Thread 0x00000172474270a0 nmethod 4478 0x00000172317cb510 code [0x00000172317cb740, 0x00000172317cc018]
Event: 36.467 Thread 0x00000172474270a0 4479       3       java.lang.invoke.MemberName::equals (24 bytes)
Event: 36.468 Thread 0x00000172474270a0 nmethod 4479 0x00000172317cc410 code [0x00000172317cc5c0, 0x00000172317cc968]
Event: 36.468 Thread 0x00000172474270a0 4480       3       java.lang.invoke.BoundMethodHandle$Species_L::make (11 bytes)
Event: 36.468 Thread 0x00000172474270a0 nmethod 4480 0x00000172317cca10 code [0x00000172317ccbc0, 0x00000172317cce08]
Event: 36.469 Thread 0x00000172474270a0 4481       3       java.net.URI::match (56 bytes)
Event: 36.469 Thread 0x00000172474270a0 nmethod 4481 0x00000172317ccf10 code [0x00000172317cd0c0, 0x00000172317cd3b8]
Event: 36.470 Thread 0x00000172474270a0 4482       3       org.gradle.internal.logging.sink.LogEventDispatcher::onOutput (60 bytes)
Event: 36.470 Thread 0x00000172474270a0 nmethod 4482 0x00000172317cd490 code [0x00000172317cd6e0, 0x00000172317ce038]
Event: 36.470 Thread 0x00000172474270a0 4483       3       java.lang.invoke.MethodType::methodType (7 bytes)
Event: 36.471 Thread 0x00000172474270a0 nmethod 4483 0x00000172317ce290 code [0x00000172317ce420, 0x00000172317ce548]

GC Heap History (20 events):
Event: 30.501 GC heap before
{Heap before GC invocations=7 (full 0):
 garbage-first heap   total 61440K, used 43834K [0x00000000a0000000, 0x0000000100000000)
  region size 1024K, 25 young (25600K), 2 survivors (2048K)
 Metaspace       used 33441K, committed 33728K, reserved 1081344K
  class space    used 4574K, committed 4672K, reserved 1048576K
}
Event: 30.516 GC heap after
{Heap after GC invocations=8 (full 0):
 garbage-first heap   total 61440K, used 21514K [0x00000000a0000000, 0x0000000100000000)
  region size 1024K, 3 young (3072K), 3 survivors (3072K)
 Metaspace       used 33441K, committed 33728K, reserved 1081344K
  class space    used 4574K, committed 4672K, reserved 1048576K
}
Event: 30.932 GC heap before
{Heap before GC invocations=8 (full 0):
 garbage-first heap   total 61440K, used 26634K [0x00000000a0000000, 0x0000000100000000)
  region size 1024K, 9 young (9216K), 3 survivors (3072K)
 Metaspace       used 35698K, committed 35968K, reserved 1081344K
  class space    used 4732K, committed 4864K, reserved 1048576K
}
Event: 30.944 GC heap after
{Heap after GC invocations=9 (full 0):
 garbage-first heap   total 61440K, used 22600K [0x00000000a0000000, 0x0000000100000000)
  region size 1024K, 3 young (3072K), 3 survivors (3072K)
 Metaspace       used 35698K, committed 35968K, reserved 1081344K
  class space    used 4732K, committed 4864K, reserved 1048576K
}
Event: 31.668 GC heap before
{Heap before GC invocations=10 (full 0):
 garbage-first heap   total 61440K, used 43080K [0x00000000a0000000, 0x0000000100000000)
  region size 1024K, 24 young (24576K), 3 survivors (3072K)
 Metaspace       used 38549K, committed 38848K, reserved 1089536K
  class space    used 5065K, committed 5184K, reserved 1048576K
}
Event: 31.675 GC heap after
{Heap after GC invocations=11 (full 0):
 garbage-first heap   total 61440K, used 26072K [0x00000000a0000000, 0x0000000100000000)
  region size 1024K, 3 young (3072K), 3 survivors (3072K)
 Metaspace       used 38549K, committed 38848K, reserved 1089536K
  class space    used 5065K, committed 5184K, reserved 1048576K
}
Event: 32.396 GC heap before
{Heap before GC invocations=11 (full 0):
 garbage-first heap   total 61440K, used 47576K [0x00000000a0000000, 0x0000000100000000)
  region size 1024K, 22 young (22528K), 3 survivors (3072K)
 Metaspace       used 40934K, committed 41216K, reserved 1089536K
  class space    used 5331K, committed 5440K, reserved 1048576K
}
Event: 32.400 GC heap after
{Heap after GC invocations=12 (full 0):
 garbage-first heap   total 61440K, used 28650K [0x00000000a0000000, 0x0000000100000000)
  region size 1024K, 3 young (3072K), 3 survivors (3072K)
 Metaspace       used 40934K, committed 41216K, reserved 1089536K
  class space    used 5331K, committed 5440K, reserved 1048576K
}
Event: 32.870 GC heap before
{Heap before GC invocations=12 (full 0):
 garbage-first heap   total 61440K, used 46058K [0x00000000a0000000, 0x0000000100000000)
  region size 1024K, 20 young (20480K), 3 survivors (3072K)
 Metaspace       used 42072K, committed 42432K, reserved 1089536K
  class space    used 5486K, committed 5632K, reserved 1048576K
}
Event: 32.875 GC heap after
{Heap after GC invocations=13 (full 0):
 garbage-first heap   total 61440K, used 30352K [0x00000000a0000000, 0x0000000100000000)
  region size 1024K, 2 young (2048K), 2 survivors (2048K)
 Metaspace       used 42072K, committed 42432K, reserved 1089536K
  class space    used 5486K, committed 5632K, reserved 1048576K
}
Event: 33.841 GC heap before
{Heap before GC invocations=13 (full 0):
 garbage-first heap   total 61440K, used 46736K [0x00000000a0000000, 0x0000000100000000)
  region size 1024K, 19 young (19456K), 2 survivors (2048K)
 Metaspace       used 44082K, committed 44416K, reserved 1089536K
  class space    used 5821K, committed 5952K, reserved 1048576K
}
Event: 33.846 GC heap after
{Heap after GC invocations=14 (full 0):
 garbage-first heap   total 61440K, used 32120K [0x00000000a0000000, 0x0000000100000000)
  region size 1024K, 3 young (3072K), 3 survivors (3072K)
 Metaspace       used 44082K, committed 44416K, reserved 1089536K
  class space    used 5821K, committed 5952K, reserved 1048576K
}
Event: 34.131 GC heap before
{Heap before GC invocations=15 (full 0):
 garbage-first heap   total 61440K, used 38264K [0x00000000a0000000, 0x0000000100000000)
  region size 1024K, 11 young (11264K), 3 survivors (3072K)
 Metaspace       used 45037K, committed 45376K, reserved 1089536K
  class space    used 5952K, committed 6080K, reserved 1048576K
}
Event: 34.135 GC heap after
{Heap after GC invocations=16 (full 0):
 garbage-first heap   total 61440K, used 33318K [0x00000000a0000000, 0x0000000100000000)
  region size 1024K, 2 young (2048K), 2 survivors (2048K)
 Metaspace       used 45037K, committed 45376K, reserved 1089536K
  class space    used 5952K, committed 6080K, reserved 1048576K
}
Event: 34.526 GC heap before
{Heap before GC invocations=17 (full 0):
 garbage-first heap   total 61440K, used 48678K [0x00000000a0000000, 0x0000000100000000)
  region size 1024K, 16 young (16384K), 2 survivors (2048K)
 Metaspace       used 46294K, committed 46656K, reserved 1089536K
  class space    used 6058K, committed 6208K, reserved 1048576K
}
Event: 34.529 GC heap after
{Heap after GC invocations=18 (full 0):
 garbage-first heap   total 61440K, used 33967K [0x00000000a0000000, 0x0000000100000000)
  region size 1024K, 2 young (2048K), 2 survivors (2048K)
 Metaspace       used 46294K, committed 46656K, reserved 1089536K
  class space    used 6058K, committed 6208K, reserved 1048576K
}
Event: 34.563 GC heap before
{Heap before GC invocations=18 (full 0):
 garbage-first heap   total 61440K, used 34991K [0x00000000a0000000, 0x0000000100000000)
  region size 1024K, 3 young (3072K), 2 survivors (2048K)
 Metaspace       used 46423K, committed 46784K, reserved 1089536K
  class space    used 6075K, committed 6208K, reserved 1048576K
}
Event: 34.565 GC heap after
{Heap after GC invocations=19 (full 0):
 garbage-first heap   total 61440K, used 33694K [0x00000000a0000000, 0x0000000100000000)
  region size 1024K, 1 young (1024K), 1 survivors (1024K)
 Metaspace       used 46423K, committed 46784K, reserved 1089536K
  class space    used 6075K, committed 6208K, reserved 1048576K
}
Event: 36.325 GC heap before
{Heap before GC invocations=19 (full 0):
 garbage-first heap   total 61440K, used 48030K [0x00000000a0000000, 0x0000000100000000)
  region size 1024K, 15 young (15360K), 1 survivors (1024K)
 Metaspace       used 47976K, committed 48384K, reserved 1097728K
  class space    used 6320K, committed 6464K, reserved 1048576K
}
Event: 36.335 GC heap after
{Heap after GC invocations=20 (full 0):
 garbage-first heap   total 61440K, used 34251K [0x00000000a0000000, 0x0000000100000000)
  region size 1024K, 1 young (1024K), 1 survivors (1024K)
 Metaspace       used 47976K, committed 48384K, reserved 1097728K
  class space    used 6320K, committed 6464K, reserved 1048576K
}

Dll operation events (2 events):
Event: 0.063 Loaded shared library C:\Program Files\Android\Android Studio\jbr\bin\java.dll
Event: 4.382 Loaded shared library C:\Program Files\Android\Android Studio\jbr\bin\verify.dll

Deoptimization events (20 events):
Event: 34.261 Thread 0x00000172475c0190 Uncommon trap: trap_request=0xffffff45 fr.pc=0x0000017238b77254 relative=0x00000000000054f4
Event: 34.261 Thread 0x00000172475c0190 Uncommon trap: reason=unstable_if action=reinterpret pc=0x0000017238b77254 method=java.net.URLClassLoader.defineClass(Ljava/lang/String;Ljdk/internal/loader/Resource;)Ljava/lang/Class; @ 21 c2
Event: 34.261 Thread 0x00000172475c0190 DEOPT PACKING pc=0x0000017238b77254 sp=0x000000320c3f9fb0
Event: 34.261 Thread 0x00000172475c0190 DEOPT UNPACKING pc=0x00000172384469a3 sp=0x000000320c3f9ee8 mode 2
Event: 35.815 Thread 0x00000172475c0190 Uncommon trap: trap_request=0xffffff45 fr.pc=0x0000017238ae6a94 relative=0x0000000000007e74
Event: 35.815 Thread 0x00000172475c0190 Uncommon trap: reason=unstable_if action=reinterpret pc=0x0000017238ae6a94 method=jdk.internal.org.objectweb.asm.Frame.execute(IILjdk/internal/org/objectweb/asm/Symbol;Ljdk/internal/org/objectweb/asm/SymbolTable;)V @ 1 c2
Event: 35.815 Thread 0x00000172475c0190 DEOPT PACKING pc=0x0000017238ae6a94 sp=0x000000320c3f79c0
Event: 35.815 Thread 0x00000172475c0190 DEOPT UNPACKING pc=0x00000172384469a3 sp=0x000000320c3f79b0 mode 2
Event: 36.464 Thread 0x00000172475c0190 Uncommon trap: trap_request=0xffffff45 fr.pc=0x0000017238a107e4 relative=0x00000000000001c4
Event: 36.464 Thread 0x00000172475c0190 Uncommon trap: reason=unstable_if action=reinterpret pc=0x0000017238a107e4 method=java.net.URI$Parser.scan(IILjava/lang/String;)I @ 26 c2
Event: 36.464 Thread 0x00000172475c0190 DEOPT PACKING pc=0x0000017238a107e4 sp=0x000000320c3f8e00
Event: 36.464 Thread 0x00000172475c0190 DEOPT UNPACKING pc=0x00000172384469a3 sp=0x000000320c3f8d90 mode 2
Event: 36.464 Thread 0x00000172475c0190 Uncommon trap: trap_request=0xffffff45 fr.pc=0x00000172389ed234 relative=0x0000000000000114
Event: 36.464 Thread 0x00000172475c0190 Uncommon trap: reason=unstable_if action=reinterpret pc=0x00000172389ed234 method=java.net.URI.match(CJJ)Z @ 45 c2
Event: 36.464 Thread 0x00000172475c0190 DEOPT PACKING pc=0x00000172389ed234 sp=0x000000320c3f8b70
Event: 36.464 Thread 0x00000172475c0190 DEOPT UNPACKING pc=0x00000172384469a3 sp=0x000000320c3f8aa8 mode 2
Event: 36.464 Thread 0x00000172475c0190 Uncommon trap: trap_request=0xffffff45 fr.pc=0x00000172389b2a48 relative=0x0000000000000048
Event: 36.464 Thread 0x00000172475c0190 Uncommon trap: reason=unstable_if action=reinterpret pc=0x00000172389b2a48 method=java.net.URI.match(CJJ)Z @ 19 c2
Event: 36.465 Thread 0x00000172475c0190 DEOPT PACKING pc=0x00000172389b2a48 sp=0x000000320c3f8b80
Event: 36.465 Thread 0x00000172475c0190 DEOPT UNPACKING pc=0x00000172384469a3 sp=0x000000320c3f8b30 mode 2

Classes unloaded (0 events):
No events

Classes redefined (0 events):
No events

Internal exceptions (20 events):
Event: 34.402 Thread 0x00000172475c0190 Exception <a 'java/lang/ClassNotFoundException'{0x00000000a2f4b388}: org/gradle/api/internal/artifacts/dsl/DefaultRepositoryHandlerCustomizer> (0x00000000a2f4b388) 
thrown [s\src\hotspot\share\classfile\systemDictionary.cpp, line 256]
Event: 34.406 Thread 0x00000172475c0190 Exception <a 'java/lang/ClassNotFoundException'{0x00000000a2f80420}: org/gradle/api/internal/artifacts/dsl/DefaultRepositoryHandler_DecoratedCustomizer> (0x00000000a2f80420) 
thrown [s\src\hotspot\share\classfile\systemDictionary.cpp, line 256]
Event: 34.715 Thread 0x00000172475c0190 Exception <a 'java/lang/ClassNotFoundException'{0x00000000a3660438}: org/gradle/api/internal/artifacts/dsl/dependencies/DefaultDependencyHandler_DecoratedBeanInfo> (0x00000000a3660438) 
thrown [s\src\hotspot\share\classfile\systemDictionary.cpp, line 256]
Event: 34.717 Thread 0x00000172475c0190 Exception <a 'java/lang/ClassNotFoundException'{0x00000000a36754c0}: org/gradle/api/internal/artifacts/dsl/dependencies/DefaultDependencyHandlerBeanInfo> (0x00000000a36754c0) 
thrown [s\src\hotspot\share\classfile\systemDictionary.cpp, line 256]
Event: 34.718 Thread 0x00000172475c0190 Exception <a 'java/lang/ClassNotFoundException'{0x00000000a368a508}: org/gradle/api/internal/artifacts/dsl/dependencies/DefaultDependencyHandlerCustomizer> (0x00000000a368a508) 
thrown [s\src\hotspot\share\classfile\systemDictionary.cpp, line 256]
Event: 34.723 Thread 0x00000172475c0190 Exception <a 'java/lang/ClassNotFoundException'{0x00000000a36c83c8}: org/gradle/api/internal/artifacts/dsl/dependencies/DefaultDependencyHandler_DecoratedCustomizer> (0x00000000a36c83c8) 
thrown [s\src\hotspot\share\classfile\systemDictionary.cpp, line 256]
Event: 34.800 Thread 0x00000172475c0190 Exception <a 'java/lang/NoSuchMethodError'{0x00000000a34de5f8}: 'java.lang.Object java.lang.invoke.DirectMethodHandle$Holder.newInvokeSpecial(java.lang.Object, int, java.lang.Object)'> (0x00000000a34de5f8) 
thrown [s\src\hotspot\share\interpreter\linkResolver.cpp, line 771]
Event: 35.809 Thread 0x00000172475c0190 Exception <a 'java/lang/NoSuchMethodError'{0x00000000a30172f8}: 'java.lang.Object java.lang.invoke.DelegatingMethodHandle$Holder.reinvoke_L(java.lang.Object, java.lang.Object, java.lang.Object, java.lang.Object, java.lang.Object, java.lang.Object, java.lang.Object, java.lang.Object, java.lang.Object, java.lang.Object, java.lang.Object, java.lang.Object, java.lang.Object, java.lang.Object, java.lang.Object, java.lang.Object, java.lang.Object, java.lang.Object, java.lang.Object, java.lang.Object, java.lang.O
Event: 35.811 Thread 0x00000172475c0190 Exception <a 'java/lang/NoSuchMethodError'{0x00000000a3023018}: 'java.lang.Object java.lang.invoke.Invokers$Holder.invoker(java.lang.Object, java.lang.Object, java.lang.Object, java.lang.Object, java.lang.Object, java.lang.Object, java.lang.Object, java.lang.Object, java.lang.Object, java.lang.Object, java.lang.Object, java.lang.Object, java.lang.Object, java.lang.Object, java.lang.Object, java.lang.Object, java.lang.Object, java.lang.Object, java.lang.Object, java.lang.Object, java.lang.Object)'> (0x00000
Event: 35.812 Thread 0x00000172475c0190 Exception <a 'java/lang/NoSuchMethodError'{0x00000000a3029fa0}: 'java.lang.Object java.lang.invoke.DelegatingMethodHandle$Holder.delegate(java.lang.Object, java.lang.Object, java.lang.Object, java.lang.Object, java.lang.Object, java.lang.Object, java.lang.Object, java.lang.Object, java.lang.Object, java.lang.Object, java.lang.Object, java.lang.Object, java.lang.Object, java.lang.Object, java.lang.Object, java.lang.Object, java.lang.Object, java.lang.Object, java.lang.Object, java.lang.Object, java.lang.Obj
Event: 36.066 Thread 0x00000172475c0190 Exception <a 'java/lang/NoSuchMethodError'{0x00000000a30a6f40}: 'java.lang.Object java.lang.invoke.DirectMethodHandle$Holder.invokeStatic(java.lang.Object, java.lang.Object, java.lang.Object, java.lang.Object, java.lang.Object, java.lang.Object, java.lang.Object, java.lang.Object, java.lang.Object, java.lang.Object, java.lang.Object, java.lang.Object, java.lang.Object, java.lang.Object, java.lang.Object, java.lang.Object, java.lang.Object)'> (0x00000000a30a6f40) 
thrown [s\src\hotspot\share\interpreter\lin
Event: 36.069 Thread 0x00000172475c0190 Exception <a 'java/lang/NoSuchMethodError'{0x00000000a30cf0b0}: 'java.lang.Object java.lang.invoke.DirectMethodHandle$Holder.invokeStatic(java.lang.Object, java.lang.Object, java.lang.Object, java.lang.Object, java.lang.Object, java.lang.Object, java.lang.Object, java.lang.Object, java.lang.Object, java.lang.Object, java.lang.Object, java.lang.Object, java.lang.Object, java.lang.Object, java.lang.Object, java.lang.Object, java.lang.Object, java.lang.Object)'> (0x00000000a30cf0b0) 
thrown [s\src\hotspot\sha
Event: 36.109 Thread 0x00000172475c0190 Exception <a 'java/lang/NoSuchMethodError'{0x00000000a30f7ec0}: 'java.lang.Object java.lang.invoke.DirectMethodHandle$Holder.invokeStatic(java.lang.Object, java.lang.Object, java.lang.Object, java.lang.Object, java.lang.Object, java.lang.Object, java.lang.Object, java.lang.Object, java.lang.Object, java.lang.Object, java.lang.Object, java.lang.Object, java.lang.Object, java.lang.Object, java.lang.Object, java.lang.Object, java.lang.Object, java.lang.Object, java.lang.Object)'> (0x00000000a30f7ec0) 
thrown 
Event: 36.114 Thread 0x00000172475c0190 Exception <a 'java/lang/NoSuchMethodError'{0x00000000a2f221a0}: 'java.lang.Object java.lang.invoke.DirectMethodHandle$Holder.invokeStatic(java.lang.Object, java.lang.Object, java.lang.Object, java.lang.Object, java.lang.Object, java.lang.Object, java.lang.Object, java.lang.Object, java.lang.Object, java.lang.Object, java.lang.Object, java.lang.Object, java.lang.Object, java.lang.Object, java.lang.Object, java.lang.Object, java.lang.Object, java.lang.Object, java.lang.Object, java.lang.Object)'> (0x00000000
Event: 36.126 Thread 0x00000172475c0190 Exception <a 'java/lang/NoSuchMethodError'{0x00000000a2f4d4a0}: 'java.lang.Object java.lang.invoke.DirectMethodHandle$Holder.invokeStatic(java.lang.Object, java.lang.Object, java.lang.Object, java.lang.Object, java.lang.Object, java.lang.Object, java.lang.Object, java.lang.Object, java.lang.Object, java.lang.Object, java.lang.Object, java.lang.Object, java.lang.Object, java.lang.Object, java.lang.Object, java.lang.Object, java.lang.Object, java.lang.Object, java.lang.Object, java.lang.Object, java.lang.Obj
Event: 36.132 Thread 0x00000172475c0190 Exception <a 'java/lang/NoSuchMethodError'{0x00000000a2f78cf8}: 'java.lang.Object java.lang.invoke.DirectMethodHandle$Holder.invokeStatic(java.lang.Object, java.lang.Object, java.lang.Object, java.lang.Object, java.lang.Object, java.lang.Object, java.lang.Object, java.lang.Object, java.lang.Object, java.lang.Object, java.lang.Object, java.lang.Object, java.lang.Object, java.lang.Object, java.lang.Object, java.lang.Object, java.lang.Object, java.lang.Object, java.lang.Object, java.lang.Object, java.lang.Obj
Event: 36.140 Thread 0x00000172475c0190 Exception <a 'java/lang/NoSuchMethodError'{0x00000000a2fa6280}: 'java.lang.Object java.lang.invoke.DirectMethodHandle$Holder.invokeStatic(java.lang.Object, java.lang.Object, java.lang.Object, java.lang.Object, java.lang.Object, java.lang.Object, java.lang.Object, java.lang.Object, java.lang.Object, java.lang.Object, java.lang.Object, java.lang.Object, java.lang.Object, java.lang.Object, java.lang.Object, java.lang.Object, java.lang.Object, java.lang.Object, java.lang.Object, java.lang.Object, java.lang.Obj
Event: 36.145 Thread 0x00000172475c0190 Exception <a 'java/lang/NoSuchMethodError'{0x00000000a2fd5090}: 'java.lang.Object java.lang.invoke.DirectMethodHandle$Holder.invokeStatic(java.lang.Object, java.lang.Object, java.lang.Object, java.lang.Object, java.lang.Object, java.lang.Object, java.lang.Object, java.lang.Object, java.lang.Object, java.lang.Object, java.lang.Object, java.lang.Object, java.lang.Object, java.lang.Object, java.lang.Object, java.lang.Object, java.lang.Object, java.lang.Object, java.lang.Object, java.lang.Object, java.lang.Obj
Event: 36.322 Thread 0x00000172475c0190 Exception <a 'java/lang/IncompatibleClassChangeError'{0x00000000a2df75a0}: Found class java.lang.Object, but interface was expected> (0x00000000a2df75a0) 
thrown [s\src\hotspot\share\interpreter\linkResolver.cpp, line 838]
Event: 36.335 Thread 0x00000172475c0190 Exception <a 'java/lang/NoSuchMethodError'{0x00000000a2c04358}: 'int java.lang.invoke.DirectMethodHandle$Holder.invokeSpecialIFC(java.lang.Object, java.lang.Object, java.lang.Object, java.lang.Object, java.lang.Object)'> (0x00000000a2c04358) 
thrown [s\src\hotspot\share\interpreter\linkResolver.cpp, line 771]

VM Operations (20 events):
Event: 34.177 Executing VM operation: G1Concurrent
Event: 34.177 Executing VM operation: G1Concurrent done
Event: 34.244 Executing VM operation: HandshakeAllThreads
Event: 34.244 Executing VM operation: HandshakeAllThreads done
Event: 34.526 Executing VM operation: G1CollectForAllocation
Event: 34.529 Executing VM operation: G1CollectForAllocation done
Event: 34.563 Executing VM operation: G1CollectForAllocation
Event: 34.566 Executing VM operation: G1CollectForAllocation done
Event: 34.687 Executing VM operation: HandshakeAllThreads
Event: 34.687 Executing VM operation: HandshakeAllThreads done
Event: 34.689 Executing VM operation: HandshakeAllThreads
Event: 34.689 Executing VM operation: HandshakeAllThreads done
Event: 35.699 Executing VM operation: Cleanup
Event: 35.699 Executing VM operation: Cleanup done
Event: 36.325 Executing VM operation: G1CollectForAllocation
Event: 36.335 Executing VM operation: G1CollectForAllocation done
Event: 36.375 Executing VM operation: G1Concurrent
Event: 36.380 Executing VM operation: G1Concurrent done
Event: 36.395 Executing VM operation: G1Concurrent
Event: 36.396 Executing VM operation: G1Concurrent done

Events (20 events):
Event: 36.111 loading class java/lang/invoke/BoundMethodHandle$Species_LLLLLLLLLLLLLLLLL
Event: 36.113 loading class java/lang/invoke/BoundMethodHandle$Species_LLLLLLLLLLLLLLLLL done
Event: 36.116 loading class java/lang/invoke/BoundMethodHandle$Species_LLLLLLLLLLLLLLLLLL
Event: 36.123 loading class java/lang/invoke/BoundMethodHandle$Species_LLLLLLLLLLLLLLLLLL done
Event: 36.130 loading class java/lang/invoke/BoundMethodHandle$Species_LLLLLLLLLLLLLLLLLLL
Event: 36.131 loading class java/lang/invoke/BoundMethodHandle$Species_LLLLLLLLLLLLLLLLLLL done
Event: 36.135 loading class java/lang/invoke/BoundMethodHandle$Species_LLLLLLLLLLLLLLLLLLLL
Event: 36.135 loading class java/lang/invoke/BoundMethodHandle$Species_LLLLLLLLLLLLLLLLLLLL done
Event: 36.142 loading class java/lang/invoke/BoundMethodHandle$Species_LLLLLLLLLLLLLLLLLLLLL
Event: 36.142 loading class java/lang/invoke/BoundMethodHandle$Species_LLLLLLLLLLLLLLLLLLLLL done
Event: 36.316 loading class java/util/Collections$ReverseComparator
Event: 36.317 loading class java/util/Collections$ReverseComparator done
Event: 36.317 loading class java/util/Comparators$NaturalOrderComparator
Event: 36.319 loading class java/util/Comparators$NaturalOrderComparator done
Event: 36.319 loading class java/util/Collections$ReverseComparator2
Event: 36.322 loading class java/util/Collections$ReverseComparator2 done
Event: 36.484 loading class java/io/DeleteOnExitHook
Event: 36.486 loading class java/io/DeleteOnExitHook done
Event: 36.486 loading class java/io/DeleteOnExitHook$1
Event: 36.487 loading class java/io/DeleteOnExitHook$1 done


Dynamic libraries:
0x00007ff62adf0000 - 0x00007ff62adfa000 	C:\Program Files\Android\Android Studio\jbr\bin\java.exe
0x00007ffda8090000 - 0x00007ffda82a7000 	C:\WINDOWS\SYSTEM32\ntdll.dll
0x00007ffda70a0000 - 0x00007ffda7164000 	C:\WINDOWS\System32\KERNEL32.DLL
0x00007ffda5780000 - 0x00007ffda5b2d000 	C:\WINDOWS\System32\KERNELBASE.dll
0x00007ffda5b60000 - 0x00007ffda5c71000 	C:\WINDOWS\System32\ucrtbase.dll
0x00007ffd96970000 - 0x00007ffd96987000 	C:\Program Files\Android\Android Studio\jbr\bin\jli.dll
0x00007ffd96950000 - 0x00007ffd9696b000 	C:\Program Files\Android\Android Studio\jbr\bin\VCRUNTIME140.dll
0x00007ffda7c10000 - 0x00007ffda7dbe000 	C:\WINDOWS\System32\USER32.dll
0x00007ffda5b30000 - 0x00007ffda5b56000 	C:\WINDOWS\System32\win32u.dll
0x00007ffda7300000 - 0x00007ffda7329000 	C:\WINDOWS\System32\GDI32.dll
0x00007ffda5430000 - 0x00007ffda5549000 	C:\WINDOWS\System32\gdi32full.dll
0x00007ffda5c80000 - 0x00007ffda5d1a000 	C:\WINDOWS\System32\msvcp_win.dll
0x00007ffd89ce0000 - 0x00007ffd89f73000 	C:\WINDOWS\WinSxS\amd64_microsoft.windows.common-controls_6595b64144ccf1df_6.0.22621.3672_none_2713b9d173822955\COMCTL32.dll
0x00007ffda7fa0000 - 0x00007ffda8047000 	C:\WINDOWS\System32\msvcrt.dll
0x00007ffda5f00000 - 0x00007ffda5f31000 	C:\WINDOWS\System32\IMM32.DLL
0x00007ffd97de0000 - 0x00007ffd97dec000 	C:\Program Files\Android\Android Studio\jbr\bin\vcruntime140_1.dll
0x00007ffd96860000 - 0x00007ffd968ed000 	C:\Program Files\Android\Android Studio\jbr\bin\msvcp140.dll
0x00007ffce5520000 - 0x00007ffce618e000 	C:\Program Files\Android\Android Studio\jbr\bin\server\jvm.dll
0x00007ffda7dd0000 - 0x00007ffda7e82000 	C:\WINDOWS\System32\ADVAPI32.dll
0x00007ffda63d0000 - 0x00007ffda6479000 	C:\WINDOWS\System32\sechost.dll
0x00007ffda5d20000 - 0x00007ffda5d48000 	C:\WINDOWS\System32\bcrypt.dll
0x00007ffda7170000 - 0x00007ffda7284000 	C:\WINDOWS\System32\RPCRT4.dll
0x00007ffd6cd60000 - 0x00007ffd6cd69000 	C:\WINDOWS\SYSTEM32\WSOCK32.dll
0x00007ffd9d240000 - 0x00007ffd9d24a000 	C:\WINDOWS\SYSTEM32\VERSION.dll
0x00007ffda0c30000 - 0x00007ffda0c64000 	C:\WINDOWS\SYSTEM32\WINMM.dll
0x00007ffda7f20000 - 0x00007ffda7f91000 	C:\WINDOWS\System32\WS2_32.dll
0x00007ffda43f0000 - 0x00007ffda4408000 	C:\WINDOWS\SYSTEM32\kernel.appcore.dll
0x00007ffd97bb0000 - 0x00007ffd97bba000 	C:\Program Files\Android\Android Studio\jbr\bin\jimage.dll
0x00007ffda2e10000 - 0x00007ffda3042000 	C:\WINDOWS\SYSTEM32\DBGHELP.DLL
0x00007ffda6040000 - 0x00007ffda63c8000 	C:\WINDOWS\System32\combase.dll
0x00007ffda7a30000 - 0x00007ffda7b07000 	C:\WINDOWS\System32\OLEAUT32.dll
0x00007ffd930f0000 - 0x00007ffd93122000 	C:\WINDOWS\SYSTEM32\dbgcore.DLL
0x00007ffda5d50000 - 0x00007ffda5dcb000 	C:\WINDOWS\System32\bcryptPrimitives.dll
0x00007ffd86390000 - 0x00007ffd863b5000 	C:\Program Files\Android\Android Studio\jbr\bin\java.dll
0x00007ffd86370000 - 0x00007ffd86388000 	C:\Program Files\Android\Android Studio\jbr\bin\zip.dll
0x00007ffda67f0000 - 0x00007ffda704f000 	C:\WINDOWS\System32\SHELL32.dll
0x00007ffda3310000 - 0x00007ffda3c0c000 	C:\WINDOWS\SYSTEM32\windows.storage.dll
0x00007ffda31d0000 - 0x00007ffda330f000 	C:\WINDOWS\SYSTEM32\wintypes.dll
0x00007ffda7b10000 - 0x00007ffda7c04000 	C:\WINDOWS\System32\SHCORE.dll
0x00007ffda5ea0000 - 0x00007ffda5efe000 	C:\WINDOWS\System32\shlwapi.dll
0x00007ffda52f0000 - 0x00007ffda5311000 	C:\WINDOWS\SYSTEM32\profapi.dll
0x00007ffd86300000 - 0x00007ffd86319000 	C:\Program Files\Android\Android Studio\jbr\bin\net.dll
0x00007ffda1020000 - 0x00007ffda1156000 	C:\WINDOWS\SYSTEM32\WINHTTP.dll
0x00007ffda4860000 - 0x00007ffda48c9000 	C:\WINDOWS\system32\mswsock.dll
0x00007ffd862e0000 - 0x00007ffd862f6000 	C:\Program Files\Android\Android Studio\jbr\bin\nio.dll
0x00007ffd96940000 - 0x00007ffd96950000 	C:\Program Files\Android\Android Studio\jbr\bin\verify.dll
0x00007ffd26b30000 - 0x00007ffd26b57000 	C:\Users\ankit\.gradle\native\e1d6ef7f7dcc3fd88c89a11ec53ec762bb8ba0a96d01ffa2cd45eb1d1d8dd5c5\windows-amd64\native-platform.dll
0x00007ffd26950000 - 0x00007ffd26a94000 	C:\Users\ankit\.gradle\native\0d407fdbe67a94daf76414ababcb853783967236a71b16ec16e742cd7a986fd3\windows-amd64\native-platform-file-events.dll
0x00007ffd95a20000 - 0x00007ffd95a29000 	C:\Program Files\Android\Android Studio\jbr\bin\management.dll
0x00007ffd8dbf0000 - 0x00007ffd8dbfb000 	C:\Program Files\Android\Android Studio\jbr\bin\management_ext.dll
0x00007ffda73e0000 - 0x00007ffda73e8000 	C:\WINDOWS\System32\PSAPI.DLL
0x00007ffda4ad0000 - 0x00007ffda4aeb000 	C:\WINDOWS\SYSTEM32\CRYPTSP.dll
0x00007ffda4350000 - 0x00007ffda4385000 	C:\WINDOWS\system32\rsaenh.dll
0x00007ffda4960000 - 0x00007ffda4988000 	C:\WINDOWS\SYSTEM32\USERENV.dll
0x00007ffda4ac0000 - 0x00007ffda4acc000 	C:\WINDOWS\SYSTEM32\CRYPTBASE.dll
0x00007ffda3e70000 - 0x00007ffda3e9d000 	C:\WINDOWS\SYSTEM32\IPHLPAPI.DLL
0x00007ffda72f0000 - 0x00007ffda72f9000 	C:\WINDOWS\System32\NSI.dll
0x00007ffda0f60000 - 0x00007ffda0f79000 	C:\WINDOWS\SYSTEM32\dhcpcsvc6.DLL
0x00007ffda0f40000 - 0x00007ffda0f5f000 	C:\WINDOWS\SYSTEM32\dhcpcsvc.DLL
0x00007ffda3ee0000 - 0x00007ffda3fd8000 	C:\WINDOWS\SYSTEM32\DNSAPI.dll
0x00007ffd654e0000 - 0x00007ffd654e8000 	C:\WINDOWS\system32\wshunix.dll

dbghelp: loaded successfully - version: 4.0.5 - missing functions: none
symbol engine: initialized successfully - sym options: 0x614 - pdb path: .;C:\Program Files\Android\Android Studio\jbr\bin;C:\WINDOWS\SYSTEM32;C:\WINDOWS\WinSxS\amd64_microsoft.windows.common-controls_6595b64144ccf1df_6.0.22621.3672_none_2713b9d173822955;C:\Program Files\Android\Android Studio\jbr\bin\server;C:\Users\ankit\.gradle\native\e1d6ef7f7dcc3fd88c89a11ec53ec762bb8ba0a96d01ffa2cd45eb1d1d8dd5c5\windows-amd64;C:\Users\ankit\.gradle\native\0d407fdbe67a94daf76414ababcb853783967236a71b16ec16e742cd7a986fd3\windows-amd64

VM Arguments:
jvm_args: --add-opens=java.base/java.util=ALL-UNNAMED --add-opens=java.base/java.lang=ALL-UNNAMED --add-opens=java.base/java.lang.invoke=ALL-UNNAMED --add-opens=java.base/java.util=ALL-UNNAMED --add-opens=java.prefs/java.util.prefs=ALL-UNNAMED --add-opens=java.prefs/java.util.prefs=ALL-UNNAMED --add-opens=java.base/java.nio.charset=ALL-UNNAMED --add-opens=java.base/java.net=ALL-UNNAMED --add-opens=java.base/java.util.concurrent.atomic=ALL-UNNAMED -Xmx1536M -Dfile.encoding=windows-1252 -Duser.country=IN -Duser.language=en -Duser.variant 
java_command: org.gradle.launcher.daemon.bootstrap.GradleDaemon 7.5
java_class_path (initial): C:\Users\ankit\.gradle\wrapper\dists\gradle-7.5-all\6qsw290k5lz422uaf8jf6m7co\gradle-7.5\lib\gradle-launcher-7.5.jar
Launcher Type: SUN_STANDARD

[Global flags]
     intx CICompilerCount                          = 4                                         {product} {ergonomic}
     uint ConcGCThreads                            = 3                                         {product} {ergonomic}
     uint G1ConcRefinementThreads                  = 10                                        {product} {ergonomic}
   size_t G1HeapRegionSize                         = 1048576                                   {product} {ergonomic}
    uintx GCDrainStackTargetSize                   = 64                                        {product} {ergonomic}
   size_t InitialHeapSize                          = 98566144                                  {product} {ergonomic}
   size_t MarkStackSize                            = 4194304                                   {product} {ergonomic}
   size_t MaxHeapSize                              = 1610612736                                {product} {command line}
   size_t MaxNewSize                               = 965738496                                 {product} {ergonomic}
   size_t MinHeapDeltaBytes                        = 1048576                                   {product} {ergonomic}
   size_t MinHeapSize                              = 8388608                                   {product} {ergonomic}
    uintx NonNMethodCodeHeapSize                   = 5839372                                {pd product} {ergonomic}
    uintx NonProfiledCodeHeapSize                  = 122909434                              {pd product} {ergonomic}
    uintx ProfiledCodeHeapSize                     = 122909434                              {pd product} {ergonomic}
    uintx ReservedCodeCacheSize                    = 251658240                              {pd product} {ergonomic}
     bool SegmentedCodeCache                       = true                                      {product} {ergonomic}
   size_t SoftMaxHeapSize                          = 1610612736                             {manageable} {ergonomic}
     bool UseCompressedClassPointers               = true                           {product lp64_product} {ergonomic}
     bool UseCompressedOops                        = true                           {product lp64_product} {ergonomic}
     bool UseG1GC                                  = true                                      {product} {ergonomic}
     bool UseLargePagesIndividualAllocation        = false                                  {pd product} {ergonomic}

Logging:
Log output configuration:
 #0: stdout all=warning uptime,level,tags
 #1: stderr all=off uptime,level,tags

Environment Variables:
JAVA_HOME=C:\Program Files\Android\Android Studio\jbr
CLASSPATH=C:\Flutter\women_app\android\\gradle\wrapper\gradle-wrapper.jar
PATH=C:\Program Files\Android\Android Studio\jbr\bin;C:\Program Files (x86)\VMware\VMware Workstation\bin\;C:\Program Files\Python311\Scripts\;C:\Program Files\Python311\;C:\Program Files\Common Files\Oracle\Java\javapath;C:\WINDOWS\system32;C:\WINDOWS;C:\WINDOWS\System32\Wbem;C:\WINDOWS\System32\WindowsPowerShell\v1.0\;C:\WINDOWS\System32\OpenSSH\;C:\Program Files\Java\jdk-20\bin;C:\Program Files\Git\cmd;C:\Program Files\Git\mingw64\bin;C:\Program Files\Git\usr\bin;C:\Users\ankit\AppData\Local\Pub\Cache\bin;C:\Program Files\nodejs\;C:\Program Files\MySQL\MySQL Server 8.0\bin;C:\MinGW\bin;C:\Users\ankit\AppData\Local\Microsoft\WindowsApps;C:\Users\ankit\AppData\Local\Programs\Microsoft VS Code\bin;C:\src\flutter\bin;C:\Android\sdk;C:\Android\sdk\platform-tools;C:\Users\ankit\AppData\Roaming\npm;C:\src\flutter\bin\mingit\cmd;C:\src\flutter\bin\mingit\cmd
USERNAME=ankit
OS=Windows_NT
PROCESSOR_IDENTIFIER=AMD64 Family 23 Model 104 Stepping 1, AuthenticAMD
TMP=C:\Users\ankit\AppData\Local\Temp
TEMP=C:\Users\ankit\AppData\Local\Temp


JNI global refs:
JNI global refs: 23, weak refs: 6

JNI global refs memory usage: 843, weak refs: 841


---------------  S Y S T E M  ---------------

OS:
 Windows 11 , 64 bit Build 22621 (10.0.22621.3672)
OS uptime: 0 days 2:19 hours

CPU: total 12 (initial active 12) (12 cores per cpu, 2 threads per core) family 23 model 104 stepping 1 microcode 0x0, cx8, cmov, fxsr, ht, mmx, 3dnowpref, sse, sse2, sse3, ssse3, sse4a, sse4.1, sse4.2, popcnt, lzcnt, tsc, tscinvbit, avx, avx2, aes, clmul, bmi1, bmi2, adx, sha, fma, vzeroupper, clflush, clflushopt

Memory: 4k page, system-wide physical 5989M (2M free)
TotalPageFile size 24421M (AvailPageFile size 1M)
current process WorkingSet (physical memory assigned to process): 87M, peak: 169M
current process commit charge ("private bytes"): 242M, peak: 245M

vm_info: OpenJDK 64-Bit Server VM (17.0.6+0-b2043.56-10027231) for windows-amd64 JRE (17.0.6+0-b2043.56-10027231), built on Apr 28 2023 00:43:19 by "androidbuild" with MS VC++ 16.10 / 16.11 (VS2019)

END.
