#
# There is insufficient memory for the Java Runtime Environment to continue.
# Native memory allocation (malloc) failed to allocate 171056 bytes for Chunk::new
# Possible reasons:
#   The system is out of physical RAM or swap space
#   The process is running with CompressedOops enabled, and the Java Heap may be blocking the growth of the native heap
# Possible solutions:
#   Reduce memory load on the system
#   Increase physical memory or swap space
#   Check if swap backing store is full
#   Decrease Java heap size (-Xmx/-Xms)
#   Decrease number of Java threads
#   Decrease Java thread stack sizes (-Xss)
#   Set larger code cache with -XX:ReservedCodeCacheSize=
#   JVM is running with Unscaled Compressed Oops mode in which the Java heap is
#     placed in the first 4GB address space. The Java Heap base address is the
#     maximum limit for the native heap growth. Please use -XX:HeapBaseMinAddress
#     to set the Java Heap base and to place the Java Heap above 4GB virtual address.
# This output file may be truncated or incomplete.
#
#  Out of Memory Error (arena.cpp:189), pid=30524, tid=6900
#
# JRE version: OpenJDK Runtime Environment (17.0.6) (build 17.0.6+0-b2043.56-10027231)
# Java VM: OpenJDK 64-Bit Server VM (17.0.6+0-b2043.56-10027231, mixed mode, tiered, compressed oops, compressed class ptrs, g1 gc, windows-amd64)
# No core dump will be written. Minidumps are not enabled by default on client versions of Windows
#

---------------  S U M M A R Y ------------

Command Line: -Dorg.gradle.appname=gradlew org.gradle.wrapper.GradleWrapperMain -q -Ptarget-platform=android-x64 -Ptarget=C:\Flutter\women_app\lib\main.dart -Pbase-application-name=android.app.Application -Pdart-defines=RkxVVFRFUl9XRUJfQVVUT19ERVRFQ1Q9dHJ1ZQ==,RkxVVFRFUl9XRUJfQ0FOVkFTS0lUX1VSTD1odHRwczovL3d3dy5nc3RhdGljLmNvbS9mbHV0dGVyLWNhbnZhc2tpdC8wNTQ1Zjg3MDVkZjMwMTg3N2Q3ODcxMDdiYWMxYTZlOWZjOWVlMWFkLw== -Pdart-obfuscation=false -Ptrack-widget-creation=true -Ptree-shake-icons=false -Pfilesystem-scheme=org-dartlang-root assembleDebug

Host: AMD Ryzen 5 5500U with Radeon Graphics         , 12 cores, 5G,  Windows 11 , 64 bit Build 22621 (10.0.22621.3672)
Time: Wed Jul 17 15:11:38 2024 India Standard Time elapsed time: 68.964108 seconds (0d 0h 1m 8s)

---------------  T H R E A D  ---------------

Current thread (0x000002433802d220):  JavaThread "C2 CompilerThread0" daemon [_thread_in_native, id=6900, stack(0x000000c433e00000,0x000000c433f00000)]


Current CompileTask:
C2:  68971 1345   !   4       java.util.zip.ZipFile::getEntry (59 bytes)

Stack: [0x000000c433e00000,0x000000c433f00000]
Native frames: (J=compiled Java code, j=interpreted, Vv=VM code, C=native code)
V  [jvm.dll+0x683c9a]
V  [jvm.dll+0x8427a4]
V  [jvm.dll+0x843f9e]
V  [jvm.dll+0x844603]
V  [jvm.dll+0x249b75]
V  [jvm.dll+0xabcac]
V  [jvm.dll+0xac27c]
V  [jvm.dll+0x2b0eef]
V  [jvm.dll+0x58a267]
V  [jvm.dll+0x2243b2]
V  [jvm.dll+0x21dd02]
V  [jvm.dll+0x21b51b]
V  [jvm.dll+0x1a4fdd]
V  [jvm.dll+0x22b098]
V  [jvm.dll+0x229159]
V  [jvm.dll+0x7f81ec]
V  [jvm.dll+0x7f274a]
V  [jvm.dll+0x682ad5]
C  [ucrtbase.dll+0x29333]
C  [KERNEL32.DLL+0x1257d]
C  [ntdll.dll+0x5af28]


---------------  P R O C E S S  ---------------

Threads class SMR info:
_java_thread_list=0x000002433766db10, length=13, elements={
0x000002431e851850, 0x0000024337696270, 0x00000243376970e0, 0x00000243376a1400,
0x00000243376a2270, 0x0000024337681fa0, 0x00000243380272b0, 0x000002433802d220,
0x000002433802dc10, 0x000002433806bb60, 0x00000243381984d0, 0x00000243381a1dd0,
0x0000024338beda30
}

Java Threads: ( => current thread )
  0x000002431e851850 JavaThread "main" [_thread_in_vm, id=25020, stack(0x000000c433100000,0x000000c433200000)]
  0x0000024337696270 JavaThread "Reference Handler" daemon [_thread_blocked, id=23660, stack(0x000000c433800000,0x000000c433900000)]
  0x00000243376970e0 JavaThread "Finalizer" daemon [_thread_blocked, id=10332, stack(0x000000c433900000,0x000000c433a00000)]
  0x00000243376a1400 JavaThread "Signal Dispatcher" daemon [_thread_blocked, id=29840, stack(0x000000c433a00000,0x000000c433b00000)]
  0x00000243376a2270 JavaThread "Attach Listener" daemon [_thread_blocked, id=23232, stack(0x000000c433b00000,0x000000c433c00000)]
  0x0000024337681fa0 JavaThread "Service Thread" daemon [_thread_blocked, id=21812, stack(0x000000c433c00000,0x000000c433d00000)]
  0x00000243380272b0 JavaThread "Monitor Deflation Thread" daemon [_thread_blocked, id=24084, stack(0x000000c433d00000,0x000000c433e00000)]
=>0x000002433802d220 JavaThread "C2 CompilerThread0" daemon [_thread_in_native, id=6900, stack(0x000000c433e00000,0x000000c433f00000)]
  0x000002433802dc10 JavaThread "C1 CompilerThread0" daemon [_thread_blocked, id=19444, stack(0x000000c433f00000,0x000000c434000000)]
  0x000002433806bb60 JavaThread "Sweeper thread" daemon [_thread_blocked, id=20456, stack(0x000000c434000000,0x000000c434100000)]
  0x00000243381984d0 JavaThread "Notification Thread" daemon [_thread_blocked, id=20996, stack(0x000000c434100000,0x000000c434200000)]
  0x00000243381a1dd0 JavaThread "Common-Cleaner" daemon [_thread_blocked, id=7604, stack(0x000000c434300000,0x000000c434400000)]
  0x0000024338beda30 JavaThread "pool-1-thread-1" [_thread_blocked, id=11456, stack(0x000000c434800000,0x000000c434900000)]

Other Threads:
  0x000002433766f2e0 VMThread "VM Thread" [stack: 0x000000c433700000,0x000000c433800000] [id=27224]
  0x00000243380b7c00 WatcherThread [stack: 0x000000c434200000,0x000000c434300000] [id=17576]
  0x000002431e89caf0 GCTaskThread "GC Thread#0" [stack: 0x000000c433200000,0x000000c433300000] [id=22168]
  0x00000243395ad5e0 GCTaskThread "GC Thread#1" [stack: 0x000000c434400000,0x000000c434500000] [id=3988]
  0x00000243388f2410 GCTaskThread "GC Thread#2" [stack: 0x000000c434500000,0x000000c434600000] [id=24552]
  0x00000243388783a0 GCTaskThread "GC Thread#3" [stack: 0x000000c434600000,0x000000c434700000] [id=1376]
  0x0000024338245840 GCTaskThread "GC Thread#4" [stack: 0x000000c434700000,0x000000c434800000] [id=15840]
  0x00000243384ad970 GCTaskThread "GC Thread#5" [stack: 0x000000c434900000,0x000000c434a00000] [id=8680]
  0x0000024339437880 GCTaskThread "GC Thread#6" [stack: 0x000000c432e00000,0x000000c432f00000] [id=22784]
  0x00000243398246b0 GCTaskThread "GC Thread#7" [stack: 0x000000c432f00000,0x000000c433000000] [id=32164]
  0x0000024339824960 GCTaskThread "GC Thread#8" [stack: 0x000000c434a00000,0x000000c434b00000] [id=20904]
  0x000002431e8a9570 ConcurrentGCThread "G1 Main Marker" [stack: 0x000000c433300000,0x000000c433400000] [id=24648]
  0x000002431e8aaf90 ConcurrentGCThread "G1 Conc#0" [stack: 0x000000c433400000,0x000000c433500000] [id=15792]
  0x000002431e905d10 ConcurrentGCThread "G1 Refine#0" [stack: 0x000000c433500000,0x000000c433600000] [id=13628]
  0x000002431e906730 ConcurrentGCThread "G1 Service" [stack: 0x000000c433600000,0x000000c433700000] [id=27024]

Threads with active compile tasks:
C2 CompilerThread0    70223 1345   !   4       java.util.zip.ZipFile::getEntry (59 bytes)

VM state: not at safepoint (normal execution)

VM Mutex/Monitor currently owned by a thread: None

Heap address: 0x00000000a2600000, size: 1498 MB, Compressed Oops mode: 32-bit

CDS archive(s) not mapped
Compressed class space mapped at: 0x0000000100000000-0x0000000140000000, reserved size: 1073741824
Narrow klass base: 0x0000000000000000, Narrow klass shift: 3, Narrow klass range: 0x140000000

GC Precious Log:
 CPUs: 12 total, 12 available
 Memory: 5989M
 Large Page Support: Disabled
 NUMA Support: Disabled
 Compressed Oops: Enabled (32-bit)
 Heap Region Size: 1M
 Heap Min Capacity: 8M
 Heap Initial Capacity: 94M
 Heap Max Capacity: 1498M
 Pre-touch: Disabled
 Parallel Workers: 10
 Concurrent Workers: 3
 Concurrent Refinement Workers: 10
 Periodic GC: Disabled

Heap:
 garbage-first heap   total 96256K, used 13715K [0x00000000a2600000, 0x0000000100000000)
  region size 1024K, 4 young (4096K), 1 survivors (1024K)
 Metaspace       used 16092K, committed 16320K, reserved 1064960K
  class space    used 1842K, committed 1920K, reserved 1048576K

Heap Regions: E=young(eden), S=young(survivor), O=old, HS=humongous(starts), HC=humongous(continues), CS=collection set, F=free, OA=open archive, CA=closed archive, TAMS=top-at-mark-start (previous, next)
|   0|0x00000000a2600000, 0x00000000a2700000, 0x00000000a2700000|100%| O|  |TAMS 0x00000000a2600000, 0x00000000a2600000| Untracked 
|   1|0x00000000a2700000, 0x00000000a2800000, 0x00000000a2800000|100%| O|  |TAMS 0x00000000a2700000, 0x00000000a2700000| Untracked 
|   2|0x00000000a2800000, 0x00000000a2900000, 0x00000000a2900000|100%| O|  |TAMS 0x00000000a2800000, 0x00000000a2800000| Untracked 
|   3|0x00000000a2900000, 0x00000000a2a00000, 0x00000000a2a00000|100%|HS|  |TAMS 0x00000000a2900000, 0x00000000a2900000| Complete 
|   4|0x00000000a2a00000, 0x00000000a2b00000, 0x00000000a2b00000|100%|HC|  |TAMS 0x00000000a2a00000, 0x00000000a2a00000| Complete 
|   5|0x00000000a2b00000, 0x00000000a2c00000, 0x00000000a2c00000|100%|HC|  |TAMS 0x00000000a2b00000, 0x00000000a2b00000| Complete 
|   6|0x00000000a2c00000, 0x00000000a2d00000, 0x00000000a2d00000|100%| O|  |TAMS 0x00000000a2c00000, 0x00000000a2c00000| Untracked 
|   7|0x00000000a2d00000, 0x00000000a2e00000, 0x00000000a2e00000|100%| O|  |TAMS 0x00000000a2d00000, 0x00000000a2d00000| Untracked 
|   8|0x00000000a2e00000, 0x00000000a2f00000, 0x00000000a2f00000|100%| O|  |TAMS 0x00000000a2e00000, 0x00000000a2e00000| Untracked 
|   9|0x00000000a2f00000, 0x00000000a3000000, 0x00000000a3000000|100%| O|  |TAMS 0x00000000a2f00000, 0x00000000a2f00000| Untracked 
|  10|0x00000000a3000000, 0x00000000a3064e00, 0x00000000a3100000| 39%| O|  |TAMS 0x00000000a3000000, 0x00000000a3000000| Untracked 
|  11|0x00000000a3100000, 0x00000000a3100000, 0x00000000a3200000|  0%| F|  |TAMS 0x00000000a3100000, 0x00000000a3100000| Untracked 
|  12|0x00000000a3200000, 0x00000000a3200000, 0x00000000a3300000|  0%| F|  |TAMS 0x00000000a3200000, 0x00000000a3200000| Untracked 
|  13|0x00000000a3300000, 0x00000000a3300000, 0x00000000a3400000|  0%| F|  |TAMS 0x00000000a3300000, 0x00000000a3300000| Untracked 
|  14|0x00000000a3400000, 0x00000000a3400000, 0x00000000a3500000|  0%| F|  |TAMS 0x00000000a3400000, 0x00000000a3400000| Untracked 
|  15|0x00000000a3500000, 0x00000000a3500000, 0x00000000a3600000|  0%| F|  |TAMS 0x00000000a3500000, 0x00000000a3500000| Untracked 
|  16|0x00000000a3600000, 0x00000000a3600000, 0x00000000a3700000|  0%| F|  |TAMS 0x00000000a3600000, 0x00000000a3600000| Untracked 
|  17|0x00000000a3700000, 0x00000000a3700000, 0x00000000a3800000|  0%| F|  |TAMS 0x00000000a3700000, 0x00000000a3700000| Untracked 
|  18|0x00000000a3800000, 0x00000000a3800000, 0x00000000a3900000|  0%| F|  |TAMS 0x00000000a3800000, 0x00000000a3800000| Untracked 
|  19|0x00000000a3900000, 0x00000000a3900000, 0x00000000a3a00000|  0%| F|  |TAMS 0x00000000a3900000, 0x00000000a3900000| Untracked 
|  20|0x00000000a3a00000, 0x00000000a3a00000, 0x00000000a3b00000|  0%| F|  |TAMS 0x00000000a3a00000, 0x00000000a3a00000| Untracked 
|  21|0x00000000a3b00000, 0x00000000a3b00000, 0x00000000a3c00000|  0%| F|  |TAMS 0x00000000a3b00000, 0x00000000a3b00000| Untracked 
|  22|0x00000000a3c00000, 0x00000000a3c00000, 0x00000000a3d00000|  0%| F|  |TAMS 0x00000000a3c00000, 0x00000000a3c00000| Untracked 
|  23|0x00000000a3d00000, 0x00000000a3d00000, 0x00000000a3e00000|  0%| F|  |TAMS 0x00000000a3d00000, 0x00000000a3d00000| Untracked 
|  24|0x00000000a3e00000, 0x00000000a3e00000, 0x00000000a3f00000|  0%| F|  |TAMS 0x00000000a3e00000, 0x00000000a3e00000| Untracked 
|  25|0x00000000a3f00000, 0x00000000a3f00000, 0x00000000a4000000|  0%| F|  |TAMS 0x00000000a3f00000, 0x00000000a3f00000| Untracked 
|  26|0x00000000a4000000, 0x00000000a4000000, 0x00000000a4100000|  0%| F|  |TAMS 0x00000000a4000000, 0x00000000a4000000| Untracked 
|  27|0x00000000a4100000, 0x00000000a4100000, 0x00000000a4200000|  0%| F|  |TAMS 0x00000000a4100000, 0x00000000a4100000| Untracked 
|  28|0x00000000a4200000, 0x00000000a4200000, 0x00000000a4300000|  0%| F|  |TAMS 0x00000000a4200000, 0x00000000a4200000| Untracked 
|  29|0x00000000a4300000, 0x00000000a4300000, 0x00000000a4400000|  0%| F|  |TAMS 0x00000000a4300000, 0x00000000a4300000| Untracked 
|  30|0x00000000a4400000, 0x00000000a4400000, 0x00000000a4500000|  0%| F|  |TAMS 0x00000000a4400000, 0x00000000a4400000| Untracked 
|  31|0x00000000a4500000, 0x00000000a4500000, 0x00000000a4600000|  0%| F|  |TAMS 0x00000000a4500000, 0x00000000a4500000| Untracked 
|  32|0x00000000a4600000, 0x00000000a4600000, 0x00000000a4700000|  0%| F|  |TAMS 0x00000000a4600000, 0x00000000a4600000| Untracked 
|  33|0x00000000a4700000, 0x00000000a4700000, 0x00000000a4800000|  0%| F|  |TAMS 0x00000000a4700000, 0x00000000a4700000| Untracked 
|  34|0x00000000a4800000, 0x00000000a4800000, 0x00000000a4900000|  0%| F|  |TAMS 0x00000000a4800000, 0x00000000a4800000| Untracked 
|  35|0x00000000a4900000, 0x00000000a4900000, 0x00000000a4a00000|  0%| F|  |TAMS 0x00000000a4900000, 0x00000000a4900000| Untracked 
|  36|0x00000000a4a00000, 0x00000000a4a00000, 0x00000000a4b00000|  0%| F|  |TAMS 0x00000000a4a00000, 0x00000000a4a00000| Untracked 
|  37|0x00000000a4b00000, 0x00000000a4b00000, 0x00000000a4c00000|  0%| F|  |TAMS 0x00000000a4b00000, 0x00000000a4b00000| Untracked 
|  38|0x00000000a4c00000, 0x00000000a4c00000, 0x00000000a4d00000|  0%| F|  |TAMS 0x00000000a4c00000, 0x00000000a4c00000| Untracked 
|  39|0x00000000a4d00000, 0x00000000a4d00000, 0x00000000a4e00000|  0%| F|  |TAMS 0x00000000a4d00000, 0x00000000a4d00000| Untracked 
|  40|0x00000000a4e00000, 0x00000000a4e00000, 0x00000000a4f00000|  0%| F|  |TAMS 0x00000000a4e00000, 0x00000000a4e00000| Untracked 
|  41|0x00000000a4f00000, 0x00000000a4f00000, 0x00000000a5000000|  0%| F|  |TAMS 0x00000000a4f00000, 0x00000000a4f00000| Untracked 
|  42|0x00000000a5000000, 0x00000000a5000000, 0x00000000a5100000|  0%| F|  |TAMS 0x00000000a5000000, 0x00000000a5000000| Untracked 
|  43|0x00000000a5100000, 0x00000000a5100000, 0x00000000a5200000|  0%| F|  |TAMS 0x00000000a5100000, 0x00000000a5100000| Untracked 
|  44|0x00000000a5200000, 0x00000000a5200000, 0x00000000a5300000|  0%| F|  |TAMS 0x00000000a5200000, 0x00000000a5200000| Untracked 
|  45|0x00000000a5300000, 0x00000000a5300000, 0x00000000a5400000|  0%| F|  |TAMS 0x00000000a5300000, 0x00000000a5300000| Untracked 
|  46|0x00000000a5400000, 0x00000000a5400000, 0x00000000a5500000|  0%| F|  |TAMS 0x00000000a5400000, 0x00000000a5400000| Untracked 
|  47|0x00000000a5500000, 0x00000000a5500000, 0x00000000a5600000|  0%| F|  |TAMS 0x00000000a5500000, 0x00000000a5500000| Untracked 
|  48|0x00000000a5600000, 0x00000000a5600000, 0x00000000a5700000|  0%| F|  |TAMS 0x00000000a5600000, 0x00000000a5600000| Untracked 
|  49|0x00000000a5700000, 0x00000000a5700000, 0x00000000a5800000|  0%| F|  |TAMS 0x00000000a5700000, 0x00000000a5700000| Untracked 
|  50|0x00000000a5800000, 0x00000000a5800000, 0x00000000a5900000|  0%| F|  |TAMS 0x00000000a5800000, 0x00000000a5800000| Untracked 
|  51|0x00000000a5900000, 0x00000000a5900000, 0x00000000a5a00000|  0%| F|  |TAMS 0x00000000a5900000, 0x00000000a5900000| Untracked 
|  52|0x00000000a5a00000, 0x00000000a5a00000, 0x00000000a5b00000|  0%| F|  |TAMS 0x00000000a5a00000, 0x00000000a5a00000| Untracked 
|  53|0x00000000a5b00000, 0x00000000a5b00000, 0x00000000a5c00000|  0%| F|  |TAMS 0x00000000a5b00000, 0x00000000a5b00000| Untracked 
|  54|0x00000000a5c00000, 0x00000000a5c00000, 0x00000000a5d00000|  0%| F|  |TAMS 0x00000000a5c00000, 0x00000000a5c00000| Untracked 
|  55|0x00000000a5d00000, 0x00000000a5d00000, 0x00000000a5e00000|  0%| F|  |TAMS 0x00000000a5d00000, 0x00000000a5d00000| Untracked 
|  56|0x00000000a5e00000, 0x00000000a5e00000, 0x00000000a5f00000|  0%| F|  |TAMS 0x00000000a5e00000, 0x00000000a5e00000| Untracked 
|  57|0x00000000a5f00000, 0x00000000a5f00000, 0x00000000a6000000|  0%| F|  |TAMS 0x00000000a5f00000, 0x00000000a5f00000| Untracked 
|  58|0x00000000a6000000, 0x00000000a6000000, 0x00000000a6100000|  0%| F|  |TAMS 0x00000000a6000000, 0x00000000a6000000| Untracked 
|  59|0x00000000a6100000, 0x00000000a6100000, 0x00000000a6200000|  0%| F|  |TAMS 0x00000000a6100000, 0x00000000a6100000| Untracked 
|  60|0x00000000a6200000, 0x00000000a6200000, 0x00000000a6300000|  0%| F|  |TAMS 0x00000000a6200000, 0x00000000a6200000| Untracked 
|  61|0x00000000a6300000, 0x00000000a6300000, 0x00000000a6400000|  0%| F|  |TAMS 0x00000000a6300000, 0x00000000a6300000| Untracked 
|  62|0x00000000a6400000, 0x00000000a6400000, 0x00000000a6500000|  0%| F|  |TAMS 0x00000000a6400000, 0x00000000a6400000| Untracked 
|  63|0x00000000a6500000, 0x00000000a6500000, 0x00000000a6600000|  0%| F|  |TAMS 0x00000000a6500000, 0x00000000a6500000| Untracked 
|  64|0x00000000a6600000, 0x00000000a6600000, 0x00000000a6700000|  0%| F|  |TAMS 0x00000000a6600000, 0x00000000a6600000| Untracked 
|  65|0x00000000a6700000, 0x00000000a6700000, 0x00000000a6800000|  0%| F|  |TAMS 0x00000000a6700000, 0x00000000a6700000| Untracked 
|  66|0x00000000a6800000, 0x00000000a6800000, 0x00000000a6900000|  0%| F|  |TAMS 0x00000000a6800000, 0x00000000a6800000| Untracked 
|  67|0x00000000a6900000, 0x00000000a6900000, 0x00000000a6a00000|  0%| F|  |TAMS 0x00000000a6900000, 0x00000000a6900000| Untracked 
|  68|0x00000000a6a00000, 0x00000000a6a00000, 0x00000000a6b00000|  0%| F|  |TAMS 0x00000000a6a00000, 0x00000000a6a00000| Untracked 
|  69|0x00000000a6b00000, 0x00000000a6b00000, 0x00000000a6c00000|  0%| F|  |TAMS 0x00000000a6b00000, 0x00000000a6b00000| Untracked 
|  70|0x00000000a6c00000, 0x00000000a6c00000, 0x00000000a6d00000|  0%| F|  |TAMS 0x00000000a6c00000, 0x00000000a6c00000| Untracked 
|  71|0x00000000a6d00000, 0x00000000a6d00000, 0x00000000a6e00000|  0%| F|  |TAMS 0x00000000a6d00000, 0x00000000a6d00000| Untracked 
|  72|0x00000000a6e00000, 0x00000000a6e00000, 0x00000000a6f00000|  0%| F|  |TAMS 0x00000000a6e00000, 0x00000000a6e00000| Untracked 
|  73|0x00000000a6f00000, 0x00000000a6f00000, 0x00000000a7000000|  0%| F|  |TAMS 0x00000000a6f00000, 0x00000000a6f00000| Untracked 
|  74|0x00000000a7000000, 0x00000000a7000000, 0x00000000a7100000|  0%| F|  |TAMS 0x00000000a7000000, 0x00000000a7000000| Untracked 
|  75|0x00000000a7100000, 0x00000000a7100000, 0x00000000a7200000|  0%| F|  |TAMS 0x00000000a7100000, 0x00000000a7100000| Untracked 
|  76|0x00000000a7200000, 0x00000000a7200000, 0x00000000a7300000|  0%| F|  |TAMS 0x00000000a7200000, 0x00000000a7200000| Untracked 
|  77|0x00000000a7300000, 0x00000000a7300000, 0x00000000a7400000|  0%| F|  |TAMS 0x00000000a7300000, 0x00000000a7300000| Untracked 
|  78|0x00000000a7400000, 0x00000000a7400000, 0x00000000a7500000|  0%| F|  |TAMS 0x00000000a7400000, 0x00000000a7400000| Untracked 
|  79|0x00000000a7500000, 0x00000000a7500000, 0x00000000a7600000|  0%| F|  |TAMS 0x00000000a7500000, 0x00000000a7500000| Untracked 
|  80|0x00000000a7600000, 0x00000000a7600000, 0x00000000a7700000|  0%| F|  |TAMS 0x00000000a7600000, 0x00000000a7600000| Untracked 
|  81|0x00000000a7700000, 0x00000000a7700000, 0x00000000a7800000|  0%| F|  |TAMS 0x00000000a7700000, 0x00000000a7700000| Untracked 
|  82|0x00000000a7800000, 0x00000000a7800000, 0x00000000a7900000|  0%| F|  |TAMS 0x00000000a7800000, 0x00000000a7800000| Untracked 
|  83|0x00000000a7900000, 0x00000000a7900000, 0x00000000a7a00000|  0%| F|  |TAMS 0x00000000a7900000, 0x00000000a7900000| Untracked 
|  84|0x00000000a7a00000, 0x00000000a7a00000, 0x00000000a7b00000|  0%| F|  |TAMS 0x00000000a7a00000, 0x00000000a7a00000| Untracked 
|  85|0x00000000a7b00000, 0x00000000a7b00000, 0x00000000a7c00000|  0%| F|  |TAMS 0x00000000a7b00000, 0x00000000a7b00000| Untracked 
|  86|0x00000000a7c00000, 0x00000000a7c00000, 0x00000000a7d00000|  0%| F|  |TAMS 0x00000000a7c00000, 0x00000000a7c00000| Untracked 
|  87|0x00000000a7d00000, 0x00000000a7d00000, 0x00000000a7e00000|  0%| F|  |TAMS 0x00000000a7d00000, 0x00000000a7d00000| Untracked 
|  88|0x00000000a7e00000, 0x00000000a7e00000, 0x00000000a7f00000|  0%| F|  |TAMS 0x00000000a7e00000, 0x00000000a7e00000| Untracked 
|  89|0x00000000a7f00000, 0x00000000a7f00000, 0x00000000a8000000|  0%| F|  |TAMS 0x00000000a7f00000, 0x00000000a7f00000| Untracked 
|  90|0x00000000a8000000, 0x00000000a8100000, 0x00000000a8100000|100%| S|CS|TAMS 0x00000000a8000000, 0x00000000a8000000| Complete 
|  91|0x00000000a8100000, 0x00000000a817d460, 0x00000000a8200000| 48%| E|  |TAMS 0x00000000a8100000, 0x00000000a8100000| Complete 
|  92|0x00000000a8200000, 0x00000000a8300000, 0x00000000a8300000|100%| E|CS|TAMS 0x00000000a8200000, 0x00000000a8200000| Complete 
|  93|0x00000000a8300000, 0x00000000a8400000, 0x00000000a8400000|100%| E|CS|TAMS 0x00000000a8300000, 0x00000000a8300000| Complete 

Card table byte_map: [0x0000024331550000,0x0000024331840000] _byte_map_base: 0x000002433103d000

Marking Bits (Prev, Next): (CMBitMap*) 0x000002431e89d100, (CMBitMap*) 0x000002431e89d140
 Prev Bits: [0x0000024331b30000, 0x0000024333298000)
 Next Bits: [0x00000243332a0000, 0x0000024334a08000)

Polling page: 0x000002431c770000

Metaspace:

Usage:
  Non-class:     13.92 MB used.
      Class:      1.80 MB used.
       Both:     15.73 MB used.

Virtual space:
  Non-class space:       16.00 MB reserved,      14.06 MB ( 88%) committed,  2 nodes.
      Class space:        1.00 GB reserved,       1.88 MB ( <1%) committed,  1 nodes.
             Both:        1.02 GB reserved,      15.94 MB (  2%) committed. 

Chunk freelists:
   Non-Class:  1.98 MB
       Class:  2.08 MB
        Both:  4.06 MB

MaxMetaspaceSize: unlimited
CompressedClassSpaceSize: 1.00 GB
Initial GC threshold: 21.00 MB
Current GC threshold: 21.00 MB
CDS: off
MetaspaceReclaimPolicy: balanced
 - commit_granule_bytes: 65536.
 - commit_granule_words: 8192.
 - virtual_space_node_default_size: 1048576.
 - enlarge_chunks_in_place: 1.
 - new_chunks_are_fully_committed: 0.
 - uncommit_free_chunks: 1.
 - use_allocation_guard: 0.
 - handle_deallocations: 1.


Internal statistics:

num_allocs_failed_limit: 0.
num_arena_births: 76.
num_arena_deaths: 0.
num_vsnodes_births: 3.
num_vsnodes_deaths: 0.
num_space_committed: 255.
num_space_uncommitted: 0.
num_chunks_returned_to_freelist: 0.
num_chunks_taken_from_freelist: 288.
num_chunk_merges: 0.
num_chunk_splits: 184.
num_chunks_enlarged: 150.
num_purges: 0.
num_inconsistent_stats: 0.

CodeHeap 'non-profiled nmethods': size=120000Kb used=522Kb max_used=522Kb free=119477Kb
 bounds [0x00000243297e0000, 0x0000024329a50000, 0x0000024330d10000]
CodeHeap 'profiled nmethods': size=120000Kb used=2730Kb max_used=2730Kb free=117269Kb
 bounds [0x0000024321d10000, 0x0000024321fc0000, 0x0000024329240000]
CodeHeap 'non-nmethods': size=5760Kb used=1159Kb max_used=1176Kb free=4600Kb
 bounds [0x0000024329240000, 0x00000243294b0000, 0x00000243297e0000]
 total_blobs=1827 nmethods=1372 adapters=368
 compilation: enabled
              stopped_count=0, restarted_count=0
 full_count=0

Compilation events (20 events):
Event: 68.710 Thread 0x000002433802dc10 nmethod 1336 0x000002432985be10 code [0x000002432985c600, 0x00000243298603c8]
Event: 68.710 Thread 0x000002433802dc10 1337       3       sun.nio.fs.WindowsPath::checkRead (17 bytes)
Event: 68.710 Thread 0x000002433802dc10 nmethod 1337 0x0000024321f9f790 code [0x0000024321f9f940, 0x0000024321f9fcc8]
Event: 68.710 Thread 0x000002433802dc10 1338       3       sun.nio.fs.NativeBuffers::getNativeBuffer (21 bytes)
Event: 68.711 Thread 0x000002433802dc10 nmethod 1338 0x0000024321f9fe10 code [0x0000024321f9ffe0, 0x0000024321fa02f8]
Event: 68.711 Thread 0x000002433802dc10 1340       3       java.util.zip.ZipFile::<init> (10 bytes)
Event: 68.711 Thread 0x000002433802dc10 nmethod 1340 0x0000024321fa0410 code [0x0000024321fa05c0, 0x0000024321fa0708]
Event: 68.734 Thread 0x000002433802d220 1341       4       java.net.URI$Parser::scan (41 bytes)
Event: 68.738 Thread 0x000002433802d220 nmethod 1341 0x0000024329861d10 code [0x0000024329861ea0, 0x0000024329862148]
Event: 68.753 Thread 0x000002433802dc10 1342       3       java.lang.Math::min (46 bytes)
Event: 68.753 Thread 0x000002433802dc10 nmethod 1342 0x0000024321fa0790 code [0x0000024321fa0940, 0x0000024321fa0c98]
Event: 68.753 Thread 0x000002433802dc10 1343       3       java.util.Hashtable::<init> (114 bytes)
Event: 68.772 Thread 0x000002433802dc10 nmethod 1343 0x0000024321fa0d10 code [0x0000024321fa1060, 0x0000024321fa2158]
Event: 68.800 Thread 0x000002433802dc10 1344       3       java.util.ArrayList::indexOfRange (71 bytes)
Event: 68.801 Thread 0x000002433802d220 1345   !   4       java.util.zip.ZipFile::getEntry (59 bytes)
Event: 68.801 Thread 0x000002433802dc10 nmethod 1344 0x0000024321fa2710 code [0x0000024321fa28e0, 0x0000024321fa2da8]
Event: 68.814 Thread 0x000002433802dc10 1346       3       java.util.zip.ZipFile$1::getManifestName (6 bytes)
Event: 68.814 Thread 0x000002433802dc10 nmethod 1346 0x0000024321fa2f90 code [0x0000024321fa3140, 0x0000024321fa3288]
Event: 68.814 Thread 0x000002433802dc10 1347   !   3       java.util.zip.ZipFile::getManifestName (61 bytes)
Event: 68.815 Thread 0x000002433802dc10 nmethod 1347 0x0000024321fa3390 code [0x0000024321fa3560, 0x0000024321fa38f8]

GC Heap History (12 events):
Event: 28.162 GC heap before
{Heap before GC invocations=0 (full 0):
 garbage-first heap   total 96256K, used 28672K [0x00000000a2600000, 0x0000000100000000)
  region size 1024K, 23 young (23552K), 0 survivors (0K)
 Metaspace       used 11304K, committed 11456K, reserved 1064960K
  class space    used 1196K, committed 1280K, reserved 1048576K
}
Event: 29.431 GC heap after
{Heap after GC invocations=1 (full 0):
 garbage-first heap   total 96256K, used 9908K [0x00000000a2600000, 0x0000000100000000)
  region size 1024K, 3 young (3072K), 3 survivors (3072K)
 Metaspace       used 11304K, committed 11456K, reserved 1064960K
  class space    used 1196K, committed 1280K, reserved 1048576K
}
Event: 32.111 GC heap before
{Heap before GC invocations=1 (full 0):
 garbage-first heap   total 96256K, used 9908K [0x00000000a2600000, 0x0000000100000000)
  region size 1024K, 4 young (4096K), 3 survivors (3072K)
 Metaspace       used 11726K, committed 11904K, reserved 1064960K
  class space    used 1261K, committed 1344K, reserved 1048576K
}
Event: 32.233 GC heap after
{Heap after GC invocations=2 (full 0):
 garbage-first heap   total 96256K, used 10341K [0x00000000a2600000, 0x0000000100000000)
  region size 1024K, 1 young (1024K), 1 survivors (1024K)
 Metaspace       used 11726K, committed 11904K, reserved 1064960K
  class space    used 1261K, committed 1344K, reserved 1048576K
}
Event: 36.818 GC heap before
{Heap before GC invocations=2 (full 0):
 garbage-first heap   total 96256K, used 13413K [0x00000000a2600000, 0x0000000100000000)
  region size 1024K, 4 young (4096K), 1 survivors (1024K)
 Metaspace       used 12486K, committed 12672K, reserved 1064960K
  class space    used 1391K, committed 1536K, reserved 1048576K
}
Event: 37.074 GC heap after
{Heap after GC invocations=3 (full 0):
 garbage-first heap   total 96256K, used 10405K [0x00000000a2600000, 0x0000000100000000)
  region size 1024K, 1 young (1024K), 1 survivors (1024K)
 Metaspace       used 12486K, committed 12672K, reserved 1064960K
  class space    used 1391K, committed 1536K, reserved 1048576K
}
Event: 48.854 GC heap before
{Heap before GC invocations=3 (full 0):
 garbage-first heap   total 96256K, used 13477K [0x00000000a2600000, 0x0000000100000000)
  region size 1024K, 4 young (4096K), 1 survivors (1024K)
 Metaspace       used 13690K, committed 13888K, reserved 1064960K
  class space    used 1567K, committed 1664K, reserved 1048576K
}
Event: 48.978 GC heap after
{Heap after GC invocations=4 (full 0):
 garbage-first heap   total 96256K, used 10567K [0x00000000a2600000, 0x0000000100000000)
  region size 1024K, 1 young (1024K), 1 survivors (1024K)
 Metaspace       used 13690K, committed 13888K, reserved 1064960K
  class space    used 1567K, committed 1664K, reserved 1048576K
}
Event: 61.144 GC heap before
{Heap before GC invocations=4 (full 0):
 garbage-first heap   total 96256K, used 13639K [0x00000000a2600000, 0x0000000100000000)
  region size 1024K, 4 young (4096K), 1 survivors (1024K)
 Metaspace       used 14866K, committed 15104K, reserved 1064960K
  class space    used 1728K, committed 1856K, reserved 1048576K
}
Event: 61.166 GC heap after
{Heap after GC invocations=5 (full 0):
 garbage-first heap   total 96256K, used 10747K [0x00000000a2600000, 0x0000000100000000)
  region size 1024K, 1 young (1024K), 1 survivors (1024K)
 Metaspace       used 14866K, committed 15104K, reserved 1064960K
  class space    used 1728K, committed 1856K, reserved 1048576K
}
Event: 68.179 GC heap before
{Heap before GC invocations=5 (full 0):
 garbage-first heap   total 96256K, used 13819K [0x00000000a2600000, 0x0000000100000000)
  region size 1024K, 4 young (4096K), 1 survivors (1024K)
 Metaspace       used 16005K, committed 16192K, reserved 1064960K
  class space    used 1838K, committed 1920K, reserved 1048576K
}
Event: 68.306 GC heap after
{Heap after GC invocations=6 (full 0):
 garbage-first heap   total 96256K, used 11667K [0x00000000a2600000, 0x0000000100000000)
  region size 1024K, 1 young (1024K), 1 survivors (1024K)
 Metaspace       used 16005K, committed 16192K, reserved 1064960K
  class space    used 1838K, committed 1920K, reserved 1048576K
}

Dll operation events (2 events):
Event: 0.482 Loaded shared library C:\Program Files\Android\Android Studio\jbr\bin\java.dll
Event: 6.014 Loaded shared library C:\Program Files\Android\Android Studio\jbr\bin\verify.dll

Deoptimization events (20 events):
Event: 61.681 Thread 0x000002431e851850 DEOPT PACKING pc=0x0000024329815e58 sp=0x000000c4331fc800
Event: 61.681 Thread 0x000002431e851850 DEOPT UNPACKING pc=0x00000243292969a3 sp=0x000000c4331fc780 mode 2
Event: 61.684 Thread 0x000002431e851850 Uncommon trap: trap_request=0xffffff45 fr.pc=0x0000024329816ae8 relative=0x0000000000000628
Event: 61.684 Thread 0x000002431e851850 Uncommon trap: reason=unstable_if action=reinterpret pc=0x0000024329816ae8 method=java.lang.AbstractStringBuilder.append(Ljava/lang/String;)Ljava/lang/AbstractStringBuilder; @ 1 c2
Event: 61.684 Thread 0x000002431e851850 DEOPT PACKING pc=0x0000024329816ae8 sp=0x000000c4331fc7a0
Event: 61.698 Thread 0x000002431e851850 DEOPT UNPACKING pc=0x00000243292969a3 sp=0x000000c4331fc788 mode 2
Event: 66.837 Thread 0x000002431e851850 Uncommon trap: trap_request=0xffffffc6 fr.pc=0x000002432983ccc4 relative=0x0000000000000564
Event: 66.837 Thread 0x000002431e851850 Uncommon trap: reason=bimorphic_or_optimized_type_check action=maybe_recompile pc=0x000002432983ccc4 method=java.util.concurrent.ConcurrentHashMap.get(Ljava/lang/Object;)Ljava/lang/Object; @ 149 c2
Event: 66.837 Thread 0x000002431e851850 DEOPT PACKING pc=0x000002432983ccc4 sp=0x000000c4331fc120
Event: 66.837 Thread 0x000002431e851850 DEOPT UNPACKING pc=0x00000243292969a3 sp=0x000000c4331fc0c0 mode 2
Event: 66.838 Thread 0x000002431e851850 Uncommon trap: trap_request=0xffffffc6 fr.pc=0x000002432983ccc4 relative=0x0000000000000564
Event: 66.838 Thread 0x000002431e851850 Uncommon trap: reason=bimorphic_or_optimized_type_check action=maybe_recompile pc=0x000002432983ccc4 method=java.util.concurrent.ConcurrentHashMap.get(Ljava/lang/Object;)Ljava/lang/Object; @ 149 c2
Event: 66.838 Thread 0x000002431e851850 DEOPT PACKING pc=0x000002432983ccc4 sp=0x000000c4331fc120
Event: 66.839 Thread 0x000002431e851850 DEOPT UNPACKING pc=0x00000243292969a3 sp=0x000000c4331fc0c0 mode 2
Event: 68.516 Thread 0x000002431e851850 DEOPT PACKING pc=0x0000024321dc45b7 sp=0x000000c4331fc720
Event: 68.516 Thread 0x000002431e851850 DEOPT UNPACKING pc=0x0000024329297143 sp=0x000000c4331fbbe8 mode 0
Event: 68.522 Thread 0x000002431e851850 DEOPT PACKING pc=0x0000024321dc45b7 sp=0x000000c4331fc720
Event: 68.522 Thread 0x000002431e851850 DEOPT UNPACKING pc=0x0000024329297143 sp=0x000000c4331fbbe8 mode 0
Event: 68.734 Thread 0x000002431e851850 DEOPT PACKING pc=0x0000024321dc9409 sp=0x000000c4331fc650
Event: 68.734 Thread 0x000002431e851850 DEOPT UNPACKING pc=0x0000024329297143 sp=0x000000c4331fbb48 mode 0

Classes unloaded (0 events):
No events

Classes redefined (0 events):
No events

Internal exceptions (19 events):
Event: 8.664 Thread 0x000002431e851850 Exception <a 'java/lang/NoSuchMethodError'{0x00000000a8026258}: 'int java.lang.invoke.DirectMethodHandle$Holder.invokeStaticInit(java.lang.Object, java.lang.Object)'> (0x00000000a8026258) 
thrown [s\src\hotspot\share\interpreter\linkResolver.cpp, line 771]
Event: 16.002 Thread 0x000002431e851850 Exception <a 'java/lang/NoSuchMethodError'{0x00000000a6fa5e60}: 'void java.lang.invoke.DirectMethodHandle$Holder.invokeStatic(java.lang.Object, java.lang.Object)'> (0x00000000a6fa5e60) 
thrown [s\src\hotspot\share\interpreter\linkResolver.cpp, line 771]
Event: 23.290 Thread 0x000002431e851850 Exception <a 'java/lang/NoClassDefFoundError'{0x00000000a6e2c750}: org/slf4j/impl/StaticMarkerBinder> (0x00000000a6e2c750) 
thrown [s\src\hotspot\share\classfile\systemDictionary.cpp, line 245]
Event: 24.026 Thread 0x000002431e851850 Exception <a 'java/lang/NoSuchMethodError'{0x00000000a6ec76d0}: 'java.lang.Object java.lang.invoke.DirectMethodHandle$Holder.invokeVirtual(java.lang.Object, java.lang.Object, java.lang.Object, java.lang.Object, java.lang.Object, java.lang.Object, java.lang.Object)'> (0x00000000a6ec76d0) 
thrown [s\src\hotspot\share\interpreter\linkResolver.cpp, line 771]
Event: 24.137 Thread 0x000002431e851850 Exception <a 'java/lang/NoSuchMethodError'{0x00000000a6ed9230}: 'java.lang.Object java.lang.invoke.Invokers$Holder.invoker(java.lang.Object, java.lang.Object, java.lang.Object)'> (0x00000000a6ed9230) 
thrown [s\src\hotspot\share\interpreter\linkResolver.cpp, line 771]
Event: 24.213 Thread 0x000002431e851850 Exception <a 'java/lang/NoSuchMethodError'{0x00000000a6ee22d8}: 'java.lang.Object java.lang.invoke.DirectMethodHandle$Holder.invokeStatic(java.lang.Object, java.lang.Object, int)'> (0x00000000a6ee22d8) 
thrown [s\src\hotspot\share\interpreter\linkResolver.cpp, line 771]
Event: 24.220 Thread 0x000002431e851850 Exception <a 'java/lang/NoSuchMethodError'{0x00000000a6eee500}: 'void java.lang.invoke.DelegatingMethodHandle$Holder.delegate(java.lang.Object, java.lang.Object, int, java.lang.Object)'> (0x00000000a6eee500) 
thrown [s\src\hotspot\share\interpreter\linkResolver.cpp, line 771]
Event: 24.222 Thread 0x000002431e851850 Exception <a 'java/lang/NoSuchMethodError'{0x00000000a6ef2648}: 'int java.lang.invoke.DirectMethodHandle$Holder.invokeSpecial(java.lang.Object, java.lang.Object, java.lang.Object)'> (0x00000000a6ef2648) 
thrown [s\src\hotspot\share\interpreter\linkResolver.cpp, line 771]
Event: 24.277 Thread 0x000002431e851850 Exception <a 'java/lang/NoSuchMethodError'{0x00000000a6d05cb8}: 'java.lang.Object java.lang.invoke.Invokers$Holder.invokeExact_MT(java.lang.Object, java.lang.Object, java.lang.Object, java.lang.Object)'> (0x00000000a6d05cb8) 
thrown [s\src\hotspot\share\interpreter\linkResolver.cpp, line 771]
Event: 35.792 Thread 0x000002431e851850 Exception <a 'java/lang/NoSuchMethodError'{0x00000000a81f2190}: 'java.lang.Object java.lang.invoke.DirectMethodHandle$Holder.invokeInterface(java.lang.Object, java.lang.Object, java.lang.Object)'> (0x00000000a81f2190) 
thrown [s\src\hotspot\share\interpreter\linkResolver.cpp, line 771]
Event: 36.111 Thread 0x000002431e851850 Exception <a 'java/lang/NoSuchMethodError'{0x00000000a801bcf8}: 'void java.lang.invoke.DirectMethodHandle$Holder.invokeSpecial(java.lang.Object, java.lang.Object, java.lang.Object)'> (0x00000000a801bcf8) 
thrown [s\src\hotspot\share\interpreter\linkResolver.cpp, line 771]
Event: 36.517 Thread 0x000002431e851850 Implicit null exception at 0x0000024329824e11 to 0x0000024329825244
Event: 36.519 Thread 0x000002431e851850 Implicit null exception at 0x0000024329819f11 to 0x000002432981a32c
Event: 38.804 Thread 0x000002431e851850 Exception <a 'java/lang/NoSuchMethodError'{0x00000000a83bf830}: 'java.lang.Object java.lang.invoke.DirectMethodHandle$Holder.invokeStaticInit(java.lang.Object)'> (0x00000000a83bf830) 
thrown [s\src\hotspot\share\interpreter\linkResolver.cpp, line 771]
Event: 49.540 Thread 0x000002431e851850 Exception <a 'java/lang/NoSuchMethodError'{0x00000000a82c85a8}: 'java.lang.Object java.lang.invoke.DirectMethodHandle$Holder.invokeStaticInit(java.lang.Object, int, int, int, int)'> (0x00000000a82c85a8) 
thrown [s\src\hotspot\share\interpreter\linkResolver.cpp, line 771]
Event: 51.977 Thread 0x000002431e851850 Exception <a 'java/lang/NoSuchMethodError'{0x00000000a81724a0}: 'java.lang.Object java.lang.invoke.DirectMethodHandle$Holder.invokeStaticInit(java.lang.Object, java.lang.Object, int, int, int, int)'> (0x00000000a81724a0) 
thrown [s\src\hotspot\share\interpreter\linkResolver.cpp, line 771]
Event: 60.927 Thread 0x000002431e851850 Exception <a 'java/lang/NoSuchMethodError'{0x00000000a819f778}: 'void java.lang.invoke.DirectMethodHandle$Holder.invokeStatic(java.lang.Object, java.lang.Object, java.lang.Object)'> (0x00000000a819f778) 
thrown [s\src\hotspot\share\interpreter\linkResolver.cpp, line 771]
Event: 61.680 Thread 0x000002431e851850 Implicit null exception at 0x0000024329815872 to 0x0000024329815e40
Event: 61.684 Thread 0x000002431e851850 Implicit null exception at 0x00000243298164f2 to 0x0000024329816ad0

VM Operations (20 events):
Event: 50.670 Executing VM operation: Cleanup
Event: 50.670 Executing VM operation: Cleanup done
Event: 51.722 Executing VM operation: Cleanup
Event: 51.722 Executing VM operation: Cleanup done
Event: 52.737 Executing VM operation: Cleanup
Event: 52.737 Executing VM operation: Cleanup done
Event: 61.142 Executing VM operation: G1CollectForAllocation
Event: 61.166 Executing VM operation: G1CollectForAllocation done
Event: 62.174 Executing VM operation: Cleanup
Event: 62.190 Executing VM operation: Cleanup done
Event: 62.190 Executing VM operation: HandshakeAllThreads
Event: 62.190 Executing VM operation: HandshakeAllThreads done
Event: 64.203 Executing VM operation: Cleanup
Event: 64.217 Executing VM operation: Cleanup done
Event: 66.246 Executing VM operation: Cleanup
Event: 66.379 Executing VM operation: Cleanup done
Event: 67.381 Executing VM operation: Cleanup
Event: 67.422 Executing VM operation: Cleanup done
Event: 68.178 Executing VM operation: G1CollectForAllocation
Event: 68.307 Executing VM operation: G1CollectForAllocation done

Events (20 events):
Event: 67.344 loading class sun/util/cldr/CLDRTimeZoneNameProviderImpl
Event: 67.349 loading class sun/util/locale/provider/TimeZoneNameProviderImpl
Event: 67.350 loading class sun/util/locale/provider/TimeZoneNameProviderImpl done
Event: 67.350 loading class sun/util/cldr/CLDRTimeZoneNameProviderImpl done
Event: 67.353 loading class sun/util/locale/provider/BaseLocaleDataMetaInfo
Event: 67.361 loading class sun/util/locale/provider/BaseLocaleDataMetaInfo done
Event: 67.372 loading class sun/util/resources/cldr/TimeZoneNames
Event: 67.386 loading class sun/util/resources/TimeZoneNamesBundle
Event: 67.395 loading class sun/util/resources/OpenListResourceBundle
Event: 67.410 loading class sun/util/resources/OpenListResourceBundle done
Event: 67.410 loading class sun/util/resources/TimeZoneNamesBundle done
Event: 67.410 loading class sun/util/resources/cldr/TimeZoneNames done
Event: 67.422 loading class sun/util/resources/cldr/TimeZoneNames_en
Event: 67.424 loading class sun/util/resources/cldr/TimeZoneNames_en done
Event: 67.424 loading class sun/util/resources/cldr/TimeZoneNames_en_US
Event: 67.424 loading class sun/util/resources/cldr/TimeZoneNames_en_US done
Event: 67.439 loading class sun/util/resources/TimeZoneNames
Event: 67.445 loading class sun/util/resources/TimeZoneNames done
Event: 67.446 loading class sun/util/resources/TimeZoneNames_en
Event: 67.446 loading class sun/util/resources/TimeZoneNames_en done


Dynamic libraries:
0x00007ff6a7d70000 - 0x00007ff6a7d7a000 	C:\Program Files\Android\Android Studio\jbr\bin\java.exe
0x00007ff9cbff0000 - 0x00007ff9cc207000 	C:\WINDOWS\SYSTEM32\ntdll.dll
0x00007ff9c9d30000 - 0x00007ff9c9df4000 	C:\WINDOWS\System32\KERNEL32.DLL
0x00007ff9c96d0000 - 0x00007ff9c9a7d000 	C:\WINDOWS\System32\KERNELBASE.dll
0x00007ff9c95b0000 - 0x00007ff9c96c1000 	C:\WINDOWS\System32\ucrtbase.dll
0x00007ff9a3f30000 - 0x00007ff9a3f4b000 	C:\Program Files\Android\Android Studio\jbr\bin\VCRUNTIME140.dll
0x00007ff9bf170000 - 0x00007ff9bf187000 	C:\Program Files\Android\Android Studio\jbr\bin\jli.dll
0x00007ff9cbc30000 - 0x00007ff9cbdde000 	C:\WINDOWS\System32\USER32.dll
0x00007ff9c9a80000 - 0x00007ff9c9aa6000 	C:\WINDOWS\System32\win32u.dll
0x00007ff9cbde0000 - 0x00007ff9cbe09000 	C:\WINDOWS\System32\GDI32.dll
0x00007ff9ac890000 - 0x00007ff9acb23000 	C:\WINDOWS\WinSxS\amd64_microsoft.windows.common-controls_6595b64144ccf1df_6.0.22621.3672_none_2713b9d173822955\COMCTL32.dll
0x00007ff9c9fb0000 - 0x00007ff9ca057000 	C:\WINDOWS\System32\msvcrt.dll
0x00007ff9c9c10000 - 0x00007ff9c9d29000 	C:\WINDOWS\System32\gdi32full.dll
0x00007ff9c9ab0000 - 0x00007ff9c9b4a000 	C:\WINDOWS\System32\msvcp_win.dll
0x00007ff9ca080000 - 0x00007ff9ca0b1000 	C:\WINDOWS\System32\IMM32.DLL
0x00007ff9b76e0000 - 0x00007ff9b76ec000 	C:\Program Files\Android\Android Studio\jbr\bin\vcruntime140_1.dll
0x00007ff959240000 - 0x00007ff9592cd000 	C:\Program Files\Android\Android Studio\jbr\bin\msvcp140.dll
0x00007ff934530000 - 0x00007ff93519e000 	C:\Program Files\Android\Android Studio\jbr\bin\server\jvm.dll
0x00007ff9ca0c0000 - 0x00007ff9ca172000 	C:\WINDOWS\System32\ADVAPI32.dll
0x00007ff9ca730000 - 0x00007ff9ca7d9000 	C:\WINDOWS\System32\sechost.dll
0x00007ff9c9410000 - 0x00007ff9c9438000 	C:\WINDOWS\System32\bcrypt.dll
0x00007ff9ca180000 - 0x00007ff9ca294000 	C:\WINDOWS\System32\RPCRT4.dll
0x00007ff9a3f20000 - 0x00007ff9a3f29000 	C:\WINDOWS\SYSTEM32\WSOCK32.dll
0x00007ff9c4b50000 - 0x00007ff9c4b84000 	C:\WINDOWS\SYSTEM32\WINMM.dll
0x00007ff9cb200000 - 0x00007ff9cb271000 	C:\WINDOWS\System32\WS2_32.dll
0x00007ff9c0f10000 - 0x00007ff9c0f1a000 	C:\WINDOWS\SYSTEM32\VERSION.dll
0x00007ff9c8350000 - 0x00007ff9c8368000 	C:\WINDOWS\SYSTEM32\kernel.appcore.dll
0x00007ff9a3f10000 - 0x00007ff9a3f1a000 	C:\Program Files\Android\Android Studio\jbr\bin\jimage.dll
0x00007ff9c6d70000 - 0x00007ff9c6fa2000 	C:\WINDOWS\SYSTEM32\DBGHELP.DLL
0x00007ff9cb3b0000 - 0x00007ff9cb738000 	C:\WINDOWS\System32\combase.dll
0x00007ff9cb280000 - 0x00007ff9cb357000 	C:\WINDOWS\System32\OLEAUT32.dll
0x00007ff9c1220000 - 0x00007ff9c1252000 	C:\WINDOWS\SYSTEM32\dbgcore.DLL
0x00007ff9c9320000 - 0x00007ff9c939b000 	C:\WINDOWS\System32\bcryptPrimitives.dll
0x00007ff99b3c0000 - 0x00007ff99b3e5000 	C:\Program Files\Android\Android Studio\jbr\bin\java.dll
0x00007ff99b3a0000 - 0x00007ff99b3b8000 	C:\Program Files\Android\Android Studio\jbr\bin\zip.dll
0x00007ff9ca9a0000 - 0x00007ff9cb1ff000 	C:\WINDOWS\System32\SHELL32.dll
0x00007ff9c7270000 - 0x00007ff9c7b6c000 	C:\WINDOWS\SYSTEM32\windows.storage.dll
0x00007ff9c7130000 - 0x00007ff9c726f000 	C:\WINDOWS\SYSTEM32\wintypes.dll
0x00007ff9ca3b0000 - 0x00007ff9ca4a4000 	C:\WINDOWS\System32\SHCORE.dll
0x00007ff9ca690000 - 0x00007ff9ca6ee000 	C:\WINDOWS\System32\shlwapi.dll
0x00007ff9c9250000 - 0x00007ff9c9271000 	C:\WINDOWS\SYSTEM32\profapi.dll
0x00007ff99b380000 - 0x00007ff99b399000 	C:\Program Files\Android\Android Studio\jbr\bin\net.dll
0x00007ff9c5000000 - 0x00007ff9c5136000 	C:\WINDOWS\SYSTEM32\WINHTTP.dll
0x00007ff9c87c0000 - 0x00007ff9c8829000 	C:\WINDOWS\system32\mswsock.dll
0x00007ff99aa20000 - 0x00007ff99aa36000 	C:\Program Files\Android\Android Studio\jbr\bin\nio.dll
0x00007ff99b370000 - 0x00007ff99b380000 	C:\Program Files\Android\Android Studio\jbr\bin\verify.dll
0x00007ff95a9e0000 - 0x00007ff95aa07000 	C:\Users\ankit\.gradle\native\e1d6ef7f7dcc3fd88c89a11ec53ec762bb8ba0a96d01ffa2cd45eb1d1d8dd5c5\windows-amd64\native-platform.dll
0x00007ff99a9f0000 - 0x00007ff99a9f9000 	C:\Program Files\Android\Android Studio\jbr\bin\management.dll
0x00007ff99a9e0000 - 0x00007ff99a9eb000 	C:\Program Files\Android\Android Studio\jbr\bin\management_ext.dll
0x00007ff9ca700000 - 0x00007ff9ca708000 	C:\WINDOWS\System32\PSAPI.DLL
0x00007ff9c8a30000 - 0x00007ff9c8a4b000 	C:\WINDOWS\SYSTEM32\CRYPTSP.dll
0x00007ff9c82b0000 - 0x00007ff9c82e5000 	C:\WINDOWS\system32\rsaenh.dll
0x00007ff9c88c0000 - 0x00007ff9c88e8000 	C:\WINDOWS\SYSTEM32\USERENV.dll
0x00007ff9c8a20000 - 0x00007ff9c8a2c000 	C:\WINDOWS\SYSTEM32\CRYPTBASE.dll
0x00007ff9c7dd0000 - 0x00007ff9c7dfd000 	C:\WINDOWS\SYSTEM32\IPHLPAPI.DLL
0x00007ff9ca6f0000 - 0x00007ff9ca6f9000 	C:\WINDOWS\System32\NSI.dll
0x00007ff9c4f60000 - 0x00007ff9c4f79000 	C:\WINDOWS\SYSTEM32\dhcpcsvc6.DLL
0x00007ff9c4ea0000 - 0x00007ff9c4ebf000 	C:\WINDOWS\SYSTEM32\dhcpcsvc.DLL
0x00007ff9c7e40000 - 0x00007ff9c7f38000 	C:\WINDOWS\SYSTEM32\DNSAPI.dll

dbghelp: loaded successfully - version: 4.0.5 - missing functions: none
symbol engine: initialized successfully - sym options: 0x614 - pdb path: .;C:\Program Files\Android\Android Studio\jbr\bin;C:\WINDOWS\SYSTEM32;C:\WINDOWS\WinSxS\amd64_microsoft.windows.common-controls_6595b64144ccf1df_6.0.22621.3672_none_2713b9d173822955;C:\Program Files\Android\Android Studio\jbr\bin\server;C:\Users\ankit\.gradle\native\e1d6ef7f7dcc3fd88c89a11ec53ec762bb8ba0a96d01ffa2cd45eb1d1d8dd5c5\windows-amd64

VM Arguments:
jvm_args: -Dorg.gradle.appname=gradlew 
java_command: org.gradle.wrapper.GradleWrapperMain -q -Ptarget-platform=android-x64 -Ptarget=C:\Flutter\women_app\lib\main.dart -Pbase-application-name=android.app.Application -Pdart-defines=RkxVVFRFUl9XRUJfQVVUT19ERVRFQ1Q9dHJ1ZQ==,RkxVVFRFUl9XRUJfQ0FOVkFTS0lUX1VSTD1odHRwczovL3d3dy5nc3RhdGljLmNvbS9mbHV0dGVyLWNhbnZhc2tpdC8wNTQ1Zjg3MDVkZjMwMTg3N2Q3ODcxMDdiYWMxYTZlOWZjOWVlMWFkLw== -Pdart-obfuscation=false -Ptrack-widget-creation=true -Ptree-shake-icons=false -Pfilesystem-scheme=org-dartlang-root assembleDebug
java_class_path (initial): C:\Flutter\women_app\android\\gradle\wrapper\gradle-wrapper.jar
Launcher Type: SUN_STANDARD

[Global flags]
     intx CICompilerCount                          = 4                                         {product} {ergonomic}
     uint ConcGCThreads                            = 3                                         {product} {ergonomic}
     uint G1ConcRefinementThreads                  = 10                                        {product} {ergonomic}
   size_t G1HeapRegionSize                         = 1048576                                   {product} {ergonomic}
    uintx GCDrainStackTargetSize                   = 64                                        {product} {ergonomic}
   size_t InitialHeapSize                          = 98566144                                  {product} {ergonomic}
   size_t MarkStackSize                            = 4194304                                   {product} {ergonomic}
   size_t MaxHeapSize                              = 1570766848                                {product} {ergonomic}
   size_t MaxNewSize                               = 941621248                                 {product} {ergonomic}
   size_t MinHeapDeltaBytes                        = 1048576                                   {product} {ergonomic}
   size_t MinHeapSize                              = 8388608                                   {product} {ergonomic}
    uintx NonNMethodCodeHeapSize                   = 5839372                                {pd product} {ergonomic}
    uintx NonProfiledCodeHeapSize                  = 122909434                              {pd product} {ergonomic}
    uintx ProfiledCodeHeapSize                     = 122909434                              {pd product} {ergonomic}
    uintx ReservedCodeCacheSize                    = 251658240                              {pd product} {ergonomic}
     bool SegmentedCodeCache                       = true                                      {product} {ergonomic}
   size_t SoftMaxHeapSize                          = 1570766848                             {manageable} {ergonomic}
     bool UseCompressedClassPointers               = true                           {product lp64_product} {ergonomic}
     bool UseCompressedOops                        = true                           {product lp64_product} {ergonomic}
     bool UseG1GC                                  = true                                      {product} {ergonomic}
     bool UseLargePagesIndividualAllocation        = false                                  {pd product} {ergonomic}

Logging:
Log output configuration:
 #0: stdout all=warning uptime,level,tags
 #1: stderr all=off uptime,level,tags

Environment Variables:
JAVA_HOME=C:\Program Files\Android\Android Studio\jbr
CLASSPATH=C:\Flutter\women_app\android\\gradle\wrapper\gradle-wrapper.jar
PATH=C:\Program Files\Android\Android Studio\jbr\bin;C:\Program Files (x86)\VMware\VMware Workstation\bin\;C:\Program Files\Python311\Scripts\;C:\Program Files\Python311\;C:\Program Files\Common Files\Oracle\Java\javapath;C:\WINDOWS\system32;C:\WINDOWS;C:\WINDOWS\System32\Wbem;C:\WINDOWS\System32\WindowsPowerShell\v1.0\;C:\WINDOWS\System32\OpenSSH\;C:\Program Files\Java\jdk-20\bin;C:\Program Files\Git\cmd;C:\Program Files\Git\mingw64\bin;C:\Program Files\Git\usr\bin;C:\Users\ankit\AppData\Local\Pub\Cache\bin;C:\Program Files\nodejs\;C:\Program Files\MySQL\MySQL Server 8.0\bin;C:\MinGW\bin;C:\Users\ankit\AppData\Local\Microsoft\WindowsApps;C:\Users\ankit\AppData\Local\Programs\Microsoft VS Code\bin;C:\src\flutter\bin;C:\Android\sdk;C:\Android\sdk\platform-tools;C:\Users\ankit\AppData\Roaming\npm;C:\src\flutter\bin\mingit\cmd;C:\src\flutter\bin\mingit\cmd
USERNAME=ankit
OS=Windows_NT
PROCESSOR_IDENTIFIER=AMD64 Family 23 Model 104 Stepping 1, AuthenticAMD
TMP=C:\Users\ankit\AppData\Local\Temp
TEMP=C:\Users\ankit\AppData\Local\Temp


JNI global refs:
JNI global refs: 19, weak refs: 0

JNI global refs memory usage: 843, weak refs: 209


---------------  S Y S T E M  ---------------

OS:
 Windows 11 , 64 bit Build 22621 (10.0.22621.3672)
OS uptime: 2 days 19:41 hours

CPU: total 12 (initial active 12) (12 cores per cpu, 2 threads per core) family 23 model 104 stepping 1 microcode 0x0, cx8, cmov, fxsr, ht, mmx, 3dnowpref, sse, sse2, sse3, ssse3, sse4a, sse4.1, sse4.2, popcnt, lzcnt, tsc, tscinvbit, avx, avx2, aes, clmul, bmi1, bmi2, adx, sha, fma, vzeroupper, clflush, clflushopt

Memory: 4k page, system-wide physical 5989M (0M free)
TotalPageFile size 24421M (AvailPageFile size 0M)
current process WorkingSet (physical memory assigned to process): 15M, peak: 45M
current process commit charge ("private bytes"): 198M, peak: 198M

vm_info: OpenJDK 64-Bit Server VM (17.0.6+0-b2043.56-10027231) for windows-amd64 JRE (17.0.6+0-b2043.56-10027231), built on Apr 28 2023 00:43:19 by "androidbuild" with MS VC++ 16.10 / 16.11 (VS2019)

END.
