#
# There is insufficient memory for the Java Runtime Environment to continue.
# Native memory allocation (malloc) failed to allocate 76176 bytes for Chunk::new
# Possible reasons:
#   The system is out of physical RAM or swap space
#   The process is running with CompressedOops enabled, and the Java Heap may be blocking the growth of the native heap
# Possible solutions:
#   Reduce memory load on the system
#   Increase physical memory or swap space
#   Check if swap backing store is full
#   Decrease Java heap size (-Xmx/-Xms)
#   Decrease number of Java threads
#   Decrease Java thread stack sizes (-Xss)
#   Set larger code cache with -XX:ReservedCodeCacheSize=
#   JVM is running with Unscaled Compressed Oops mode in which the Java heap is
#     placed in the first 4GB address space. The Java Heap base address is the
#     maximum limit for the native heap growth. Please use -XX:HeapBaseMinAddress
#     to set the Java Heap base and to place the Java Heap above 4GB virtual address.
# This output file may be truncated or incomplete.
#
#  Out of Memory Error (arena.cpp:189), pid=29440, tid=31260
#
# JRE version: OpenJDK Runtime Environment (17.0.6) (build 17.0.6+0-b2043.56-10027231)
# Java VM: OpenJDK 64-Bit Server VM (17.0.6+0-b2043.56-10027231, mixed mode, tiered, compressed oops, compressed class ptrs, g1 gc, windows-amd64)
# No core dump will be written. Minidumps are not enabled by default on client versions of Windows
#

---------------  S U M M A R Y ------------

Command Line: -Dorg.gradle.appname=gradlew org.gradle.wrapper.GradleWrapperMain -q -Ptarget-platform=android-x64 -Ptarget=C:\Flutter\women_app\lib\main.dart -Pbase-application-name=android.app.Application -Pdart-defines=RkxVVFRFUl9XRUJfQVVUT19ERVRFQ1Q9dHJ1ZQ==,RkxVVFRFUl9XRUJfQ0FOVkFTS0lUX1VSTD1odHRwczovL3d3dy5nc3RhdGljLmNvbS9mbHV0dGVyLWNhbnZhc2tpdC8wNTQ1Zjg3MDVkZjMwMTg3N2Q3ODcxMDdiYWMxYTZlOWZjOWVlMWFkLw== -Pdart-obfuscation=false -Ptrack-widget-creation=true -Ptree-shake-icons=false -Pfilesystem-scheme=org-dartlang-root assembleDebug

Host: AMD Ryzen 5 5500U with Radeon Graphics         , 12 cores, 5G,  Windows 11 , 64 bit Build 22621 (10.0.22621.3672)
Time: Wed Jul 17 15:11:38 2024 India Standard Time elapsed time: 54.769401 seconds (0d 0h 0m 54s)

---------------  T H R E A D  ---------------

Current thread (0x0000021c68825620):  JavaThread "C2 CompilerThread0" daemon [_thread_in_native, id=31260, stack(0x0000008bea000000,0x0000008bea100000)]


Current CompileTask:
C2:  54769  656       4       java.lang.AbstractStringBuilder::append (45 bytes)

Stack: [0x0000008bea000000,0x0000008bea100000]
Native frames: (J=compiled Java code, j=interpreted, Vv=VM code, C=native code)
V  [jvm.dll+0x683c9a]
V  [jvm.dll+0x8427a4]
V  [jvm.dll+0x843f9e]
V  [jvm.dll+0x844603]
V  [jvm.dll+0x249b75]
V  [jvm.dll+0xabcac]
V  [jvm.dll+0xac27c]
V  [jvm.dll+0x2b0eef]
V  [jvm.dll+0x58a267]
V  [jvm.dll+0x2243b2]
V  [jvm.dll+0x22478f]
V  [jvm.dll+0x21e055]
V  [jvm.dll+0x21b51b]
V  [jvm.dll+0x1a4fdd]
V  [jvm.dll+0x22b098]
V  [jvm.dll+0x229159]
V  [jvm.dll+0x7f81ec]
V  [jvm.dll+0x7f274a]
V  [jvm.dll+0x682ad5]
C  [ucrtbase.dll+0x29333]
C  [KERNEL32.DLL+0x1257d]
C  [ntdll.dll+0x5af28]


---------------  P R O C E S S  ---------------

Threads class SMR info:
_java_thread_list=0x0000021c68997020, length=12, elements={
0x0000021c4eeb29d0, 0x0000021c67cd5ac0, 0x0000021c67cd6840, 0x0000021c67d03530,
0x0000021c68822690, 0x0000021c688240c0, 0x0000021c68824980, 0x0000021c68825620,
0x0000021c68825fd0, 0x0000021c688268d0, 0x0000021c6898c110, 0x0000021c689a7a50
}

Java Threads: ( => current thread )
  0x0000021c4eeb29d0 JavaThread "main" [_thread_in_vm, id=16236, stack(0x0000008be9300000,0x0000008be9400000)]
  0x0000021c67cd5ac0 JavaThread "Reference Handler" daemon [_thread_blocked, id=11060, stack(0x0000008be9a00000,0x0000008be9b00000)]
  0x0000021c67cd6840 JavaThread "Finalizer" daemon [_thread_blocked, id=11772, stack(0x0000008be9b00000,0x0000008be9c00000)]
  0x0000021c67d03530 JavaThread "Signal Dispatcher" daemon [_thread_blocked, id=22680, stack(0x0000008be9c00000,0x0000008be9d00000)]
  0x0000021c68822690 JavaThread "Attach Listener" daemon [_thread_blocked, id=22288, stack(0x0000008be9d00000,0x0000008be9e00000)]
  0x0000021c688240c0 JavaThread "Service Thread" daemon [_thread_blocked, id=28088, stack(0x0000008be9e00000,0x0000008be9f00000)]
  0x0000021c68824980 JavaThread "Monitor Deflation Thread" daemon [_thread_blocked, id=10992, stack(0x0000008be9f00000,0x0000008bea000000)]
=>0x0000021c68825620 JavaThread "C2 CompilerThread0" daemon [_thread_in_native, id=31260, stack(0x0000008bea000000,0x0000008bea100000)]
  0x0000021c68825fd0 JavaThread "C1 CompilerThread0" daemon [_thread_blocked, id=22668, stack(0x0000008bea100000,0x0000008bea200000)]
  0x0000021c688268d0 JavaThread "Sweeper thread" daemon [_thread_blocked, id=28496, stack(0x0000008bea200000,0x0000008bea300000)]
  0x0000021c6898c110 JavaThread "Notification Thread" daemon [_thread_blocked, id=31804, stack(0x0000008bea300000,0x0000008bea400000)]
  0x0000021c689a7a50 JavaThread "Common-Cleaner" daemon [_thread_blocked, id=9576, stack(0x0000008bea500000,0x0000008bea600000)]

Other Threads:
  0x0000021c67cce2d0 VMThread "VM Thread" [stack: 0x0000008be9900000,0x0000008be9a00000] [id=30116]
  0x0000021c68902250 WatcherThread [stack: 0x0000008bea400000,0x0000008bea500000] [id=22776]
  0x0000021c4eefdc70 GCTaskThread "GC Thread#0" [stack: 0x0000008be9400000,0x0000008be9500000] [id=31524]
  0x0000021c4ef0a600 ConcurrentGCThread "G1 Main Marker" [stack: 0x0000008be9500000,0x0000008be9600000] [id=29832]
  0x0000021c4ef0bf30 ConcurrentGCThread "G1 Conc#0" [stack: 0x0000008be9600000,0x0000008be9700000] [id=9368]
  0x0000021c4ef66e50 ConcurrentGCThread "G1 Refine#0" [stack: 0x0000008be9700000,0x0000008be9800000] [id=24612]
  0x0000021c4ef68790 ConcurrentGCThread "G1 Service" [stack: 0x0000008be9800000,0x0000008be9900000] [id=10404]

Threads with active compile tasks:
C2 CompilerThread0    55570  656       4       java.lang.AbstractStringBuilder::append (45 bytes)

VM state: not at safepoint (normal execution)

VM Mutex/Monitor currently owned by a thread:  ([mutex/lock_event])
[0x0000021c4eeaeaa0] Metaspace_lock - owner thread: 0x0000021c4eeb29d0

OutOfMemory and StackOverflow Exception counts:
OutOfMemoryError java_heap_errors=2
LinkageErrors=1

Heap address: 0x00000000a2600000, size: 1498 MB, Compressed Oops mode: 32-bit

CDS archive(s) not mapped
Compressed class space mapped at: 0x0000000100000000-0x0000000140000000, reserved size: 1073741824
Narrow klass base: 0x0000000000000000, Narrow klass shift: 3, Narrow klass range: 0x140000000

GC Precious Log:
 CPUs: 12 total, 12 available
 Memory: 5989M
 Large Page Support: Disabled
 NUMA Support: Disabled
 Compressed Oops: Enabled (32-bit)
 Heap Region Size: 1M
 Heap Min Capacity: 8M
 Heap Initial Capacity: 94M
 Heap Max Capacity: 1498M
 Pre-touch: Disabled
 Parallel Workers: 10
 Concurrent Workers: 3
 Concurrent Refinement Workers: 10
 Periodic GC: Disabled

Heap:
 garbage-first heap   total 96256K, used 17408K [0x00000000a2600000, 0x0000000100000000)
  region size 1024K, 16 young (16384K), 0 survivors (0K)
 Metaspace       used 8808K, committed 8960K, reserved 1056768K
  class space    used 797K, committed 896K, reserved 1048576K

Heap Regions: E=young(eden), S=young(survivor), O=old, HS=humongous(starts), HC=humongous(continues), CS=collection set, F=free, OA=open archive, CA=closed archive, TAMS=top-at-mark-start (previous, next)
|   0|0x00000000a2600000, 0x00000000a2700000, 0x00000000a2700000|100%|HS|  |TAMS 0x00000000a2600000, 0x00000000a2600000| Complete 
|   1|0x00000000a2700000, 0x00000000a2800000, 0x00000000a2800000|100%|HC|  |TAMS 0x00000000a2700000, 0x00000000a2700000| Complete 
|   2|0x00000000a2800000, 0x00000000a2900000, 0x00000000a2900000|100%|HC|  |TAMS 0x00000000a2800000, 0x00000000a2800000| Complete 
|   3|0x00000000a2900000, 0x00000000a2900000, 0x00000000a2a00000|  0%| F|  |TAMS 0x00000000a2900000, 0x00000000a2900000| Untracked 
|   4|0x00000000a2a00000, 0x00000000a2a00000, 0x00000000a2b00000|  0%| F|  |TAMS 0x00000000a2a00000, 0x00000000a2a00000| Untracked 
|   5|0x00000000a2b00000, 0x00000000a2b00000, 0x00000000a2c00000|  0%| F|  |TAMS 0x00000000a2b00000, 0x00000000a2b00000| Untracked 
|   6|0x00000000a2c00000, 0x00000000a2c00000, 0x00000000a2d00000|  0%| F|  |TAMS 0x00000000a2c00000, 0x00000000a2c00000| Untracked 
|   7|0x00000000a2d00000, 0x00000000a2d00000, 0x00000000a2e00000|  0%| F|  |TAMS 0x00000000a2d00000, 0x00000000a2d00000| Untracked 
|   8|0x00000000a2e00000, 0x00000000a2e00000, 0x00000000a2f00000|  0%| F|  |TAMS 0x00000000a2e00000, 0x00000000a2e00000| Untracked 
|   9|0x00000000a2f00000, 0x00000000a2f00000, 0x00000000a3000000|  0%| F|  |TAMS 0x00000000a2f00000, 0x00000000a2f00000| Untracked 
|  10|0x00000000a3000000, 0x00000000a3000000, 0x00000000a3100000|  0%| F|  |TAMS 0x00000000a3000000, 0x00000000a3000000| Untracked 
|  11|0x00000000a3100000, 0x00000000a3100000, 0x00000000a3200000|  0%| F|  |TAMS 0x00000000a3100000, 0x00000000a3100000| Untracked 
|  12|0x00000000a3200000, 0x00000000a3200000, 0x00000000a3300000|  0%| F|  |TAMS 0x00000000a3200000, 0x00000000a3200000| Untracked 
|  13|0x00000000a3300000, 0x00000000a3300000, 0x00000000a3400000|  0%| F|  |TAMS 0x00000000a3300000, 0x00000000a3300000| Untracked 
|  14|0x00000000a3400000, 0x00000000a3400000, 0x00000000a3500000|  0%| F|  |TAMS 0x00000000a3400000, 0x00000000a3400000| Untracked 
|  15|0x00000000a3500000, 0x00000000a3500000, 0x00000000a3600000|  0%| F|  |TAMS 0x00000000a3500000, 0x00000000a3500000| Untracked 
|  16|0x00000000a3600000, 0x00000000a3600000, 0x00000000a3700000|  0%| F|  |TAMS 0x00000000a3600000, 0x00000000a3600000| Untracked 
|  17|0x00000000a3700000, 0x00000000a3700000, 0x00000000a3800000|  0%| F|  |TAMS 0x00000000a3700000, 0x00000000a3700000| Untracked 
|  18|0x00000000a3800000, 0x00000000a3800000, 0x00000000a3900000|  0%| F|  |TAMS 0x00000000a3800000, 0x00000000a3800000| Untracked 
|  19|0x00000000a3900000, 0x00000000a3900000, 0x00000000a3a00000|  0%| F|  |TAMS 0x00000000a3900000, 0x00000000a3900000| Untracked 
|  20|0x00000000a3a00000, 0x00000000a3a00000, 0x00000000a3b00000|  0%| F|  |TAMS 0x00000000a3a00000, 0x00000000a3a00000| Untracked 
|  21|0x00000000a3b00000, 0x00000000a3b00000, 0x00000000a3c00000|  0%| F|  |TAMS 0x00000000a3b00000, 0x00000000a3b00000| Untracked 
|  22|0x00000000a3c00000, 0x00000000a3c00000, 0x00000000a3d00000|  0%| F|  |TAMS 0x00000000a3c00000, 0x00000000a3c00000| Untracked 
|  23|0x00000000a3d00000, 0x00000000a3d00000, 0x00000000a3e00000|  0%| F|  |TAMS 0x00000000a3d00000, 0x00000000a3d00000| Untracked 
|  24|0x00000000a3e00000, 0x00000000a3e00000, 0x00000000a3f00000|  0%| F|  |TAMS 0x00000000a3e00000, 0x00000000a3e00000| Untracked 
|  25|0x00000000a3f00000, 0x00000000a3f00000, 0x00000000a4000000|  0%| F|  |TAMS 0x00000000a3f00000, 0x00000000a3f00000| Untracked 
|  26|0x00000000a4000000, 0x00000000a4000000, 0x00000000a4100000|  0%| F|  |TAMS 0x00000000a4000000, 0x00000000a4000000| Untracked 
|  27|0x00000000a4100000, 0x00000000a4100000, 0x00000000a4200000|  0%| F|  |TAMS 0x00000000a4100000, 0x00000000a4100000| Untracked 
|  28|0x00000000a4200000, 0x00000000a4200000, 0x00000000a4300000|  0%| F|  |TAMS 0x00000000a4200000, 0x00000000a4200000| Untracked 
|  29|0x00000000a4300000, 0x00000000a4300000, 0x00000000a4400000|  0%| F|  |TAMS 0x00000000a4300000, 0x00000000a4300000| Untracked 
|  30|0x00000000a4400000, 0x00000000a4400000, 0x00000000a4500000|  0%| F|  |TAMS 0x00000000a4400000, 0x00000000a4400000| Untracked 
|  31|0x00000000a4500000, 0x00000000a4500000, 0x00000000a4600000|  0%| F|  |TAMS 0x00000000a4500000, 0x00000000a4500000| Untracked 
|  32|0x00000000a4600000, 0x00000000a4600000, 0x00000000a4700000|  0%| F|  |TAMS 0x00000000a4600000, 0x00000000a4600000| Untracked 
|  33|0x00000000a4700000, 0x00000000a4700000, 0x00000000a4800000|  0%| F|  |TAMS 0x00000000a4700000, 0x00000000a4700000| Untracked 
|  34|0x00000000a4800000, 0x00000000a4800000, 0x00000000a4900000|  0%| F|  |TAMS 0x00000000a4800000, 0x00000000a4800000| Untracked 
|  35|0x00000000a4900000, 0x00000000a4900000, 0x00000000a4a00000|  0%| F|  |TAMS 0x00000000a4900000, 0x00000000a4900000| Untracked 
|  36|0x00000000a4a00000, 0x00000000a4a00000, 0x00000000a4b00000|  0%| F|  |TAMS 0x00000000a4a00000, 0x00000000a4a00000| Untracked 
|  37|0x00000000a4b00000, 0x00000000a4b00000, 0x00000000a4c00000|  0%| F|  |TAMS 0x00000000a4b00000, 0x00000000a4b00000| Untracked 
|  38|0x00000000a4c00000, 0x00000000a4c00000, 0x00000000a4d00000|  0%| F|  |TAMS 0x00000000a4c00000, 0x00000000a4c00000| Untracked 
|  39|0x00000000a4d00000, 0x00000000a4d00000, 0x00000000a4e00000|  0%| F|  |TAMS 0x00000000a4d00000, 0x00000000a4d00000| Untracked 
|  40|0x00000000a4e00000, 0x00000000a4e00000, 0x00000000a4f00000|  0%| F|  |TAMS 0x00000000a4e00000, 0x00000000a4e00000| Untracked 
|  41|0x00000000a4f00000, 0x00000000a4f00000, 0x00000000a5000000|  0%| F|  |TAMS 0x00000000a4f00000, 0x00000000a4f00000| Untracked 
|  42|0x00000000a5000000, 0x00000000a5000000, 0x00000000a5100000|  0%| F|  |TAMS 0x00000000a5000000, 0x00000000a5000000| Untracked 
|  43|0x00000000a5100000, 0x00000000a5100000, 0x00000000a5200000|  0%| F|  |TAMS 0x00000000a5100000, 0x00000000a5100000| Untracked 
|  44|0x00000000a5200000, 0x00000000a5200000, 0x00000000a5300000|  0%| F|  |TAMS 0x00000000a5200000, 0x00000000a5200000| Untracked 
|  45|0x00000000a5300000, 0x00000000a5300000, 0x00000000a5400000|  0%| F|  |TAMS 0x00000000a5300000, 0x00000000a5300000| Untracked 
|  46|0x00000000a5400000, 0x00000000a5400000, 0x00000000a5500000|  0%| F|  |TAMS 0x00000000a5400000, 0x00000000a5400000| Untracked 
|  47|0x00000000a5500000, 0x00000000a5500000, 0x00000000a5600000|  0%| F|  |TAMS 0x00000000a5500000, 0x00000000a5500000| Untracked 
|  48|0x00000000a5600000, 0x00000000a5600000, 0x00000000a5700000|  0%| F|  |TAMS 0x00000000a5600000, 0x00000000a5600000| Untracked 
|  49|0x00000000a5700000, 0x00000000a5700000, 0x00000000a5800000|  0%| F|  |TAMS 0x00000000a5700000, 0x00000000a5700000| Untracked 
|  50|0x00000000a5800000, 0x00000000a5800000, 0x00000000a5900000|  0%| F|  |TAMS 0x00000000a5800000, 0x00000000a5800000| Untracked 
|  51|0x00000000a5900000, 0x00000000a5900000, 0x00000000a5a00000|  0%| F|  |TAMS 0x00000000a5900000, 0x00000000a5900000| Untracked 
|  52|0x00000000a5a00000, 0x00000000a5a00000, 0x00000000a5b00000|  0%| F|  |TAMS 0x00000000a5a00000, 0x00000000a5a00000| Untracked 
|  53|0x00000000a5b00000, 0x00000000a5b00000, 0x00000000a5c00000|  0%| F|  |TAMS 0x00000000a5b00000, 0x00000000a5b00000| Untracked 
|  54|0x00000000a5c00000, 0x00000000a5c00000, 0x00000000a5d00000|  0%| F|  |TAMS 0x00000000a5c00000, 0x00000000a5c00000| Untracked 
|  55|0x00000000a5d00000, 0x00000000a5d00000, 0x00000000a5e00000|  0%| F|  |TAMS 0x00000000a5d00000, 0x00000000a5d00000| Untracked 
|  56|0x00000000a5e00000, 0x00000000a5e00000, 0x00000000a5f00000|  0%| F|  |TAMS 0x00000000a5e00000, 0x00000000a5e00000| Untracked 
|  57|0x00000000a5f00000, 0x00000000a5f00000, 0x00000000a6000000|  0%| F|  |TAMS 0x00000000a5f00000, 0x00000000a5f00000| Untracked 
|  58|0x00000000a6000000, 0x00000000a6000000, 0x00000000a6100000|  0%| F|  |TAMS 0x00000000a6000000, 0x00000000a6000000| Untracked 
|  59|0x00000000a6100000, 0x00000000a6100000, 0x00000000a6200000|  0%| F|  |TAMS 0x00000000a6100000, 0x00000000a6100000| Untracked 
|  60|0x00000000a6200000, 0x00000000a6200000, 0x00000000a6300000|  0%| F|  |TAMS 0x00000000a6200000, 0x00000000a6200000| Untracked 
|  61|0x00000000a6300000, 0x00000000a6300000, 0x00000000a6400000|  0%| F|  |TAMS 0x00000000a6300000, 0x00000000a6300000| Untracked 
|  62|0x00000000a6400000, 0x00000000a6400000, 0x00000000a6500000|  0%| F|  |TAMS 0x00000000a6400000, 0x00000000a6400000| Untracked 
|  63|0x00000000a6500000, 0x00000000a6500000, 0x00000000a6600000|  0%| F|  |TAMS 0x00000000a6500000, 0x00000000a6500000| Untracked 
|  64|0x00000000a6600000, 0x00000000a6600000, 0x00000000a6700000|  0%| F|  |TAMS 0x00000000a6600000, 0x00000000a6600000| Untracked 
|  65|0x00000000a6700000, 0x00000000a6700000, 0x00000000a6800000|  0%| F|  |TAMS 0x00000000a6700000, 0x00000000a6700000| Untracked 
|  66|0x00000000a6800000, 0x00000000a6800000, 0x00000000a6900000|  0%| F|  |TAMS 0x00000000a6800000, 0x00000000a6800000| Untracked 
|  67|0x00000000a6900000, 0x00000000a6900000, 0x00000000a6a00000|  0%| F|  |TAMS 0x00000000a6900000, 0x00000000a6900000| Untracked 
|  68|0x00000000a6a00000, 0x00000000a6a00000, 0x00000000a6b00000|  0%| F|  |TAMS 0x00000000a6a00000, 0x00000000a6a00000| Untracked 
|  69|0x00000000a6b00000, 0x00000000a6b00000, 0x00000000a6c00000|  0%| F|  |TAMS 0x00000000a6b00000, 0x00000000a6b00000| Untracked 
|  70|0x00000000a6c00000, 0x00000000a6c00000, 0x00000000a6d00000|  0%| F|  |TAMS 0x00000000a6c00000, 0x00000000a6c00000| Untracked 
|  71|0x00000000a6d00000, 0x00000000a6d00000, 0x00000000a6e00000|  0%| F|  |TAMS 0x00000000a6d00000, 0x00000000a6d00000| Untracked 
|  72|0x00000000a6e00000, 0x00000000a6e00000, 0x00000000a6f00000|  0%| F|  |TAMS 0x00000000a6e00000, 0x00000000a6e00000| Untracked 
|  73|0x00000000a6f00000, 0x00000000a6f00000, 0x00000000a7000000|  0%| F|  |TAMS 0x00000000a6f00000, 0x00000000a6f00000| Untracked 
|  74|0x00000000a7000000, 0x00000000a7000000, 0x00000000a7100000|  0%| F|  |TAMS 0x00000000a7000000, 0x00000000a7000000| Untracked 
|  75|0x00000000a7100000, 0x00000000a7100000, 0x00000000a7200000|  0%| F|  |TAMS 0x00000000a7100000, 0x00000000a7100000| Untracked 
|  76|0x00000000a7200000, 0x00000000a7200000, 0x00000000a7300000|  0%| F|  |TAMS 0x00000000a7200000, 0x00000000a7200000| Untracked 
|  77|0x00000000a7300000, 0x00000000a7300000, 0x00000000a7400000|  0%| F|  |TAMS 0x00000000a7300000, 0x00000000a7300000| Untracked 
|  78|0x00000000a7400000, 0x00000000a7486470, 0x00000000a7500000| 52%| E|  |TAMS 0x00000000a7400000, 0x00000000a7400000| Complete 
|  79|0x00000000a7500000, 0x00000000a7600000, 0x00000000a7600000|100%| E|CS|TAMS 0x00000000a7500000, 0x00000000a7500000| Complete 
|  80|0x00000000a7600000, 0x00000000a7700000, 0x00000000a7700000|100%| E|CS|TAMS 0x00000000a7600000, 0x00000000a7600000| Complete 
|  81|0x00000000a7700000, 0x00000000a7800000, 0x00000000a7800000|100%| E|CS|TAMS 0x00000000a7700000, 0x00000000a7700000| Complete 
|  82|0x00000000a7800000, 0x00000000a7900000, 0x00000000a7900000|100%| E|  |TAMS 0x00000000a7800000, 0x00000000a7800000| Complete 
|  83|0x00000000a7900000, 0x00000000a7a00000, 0x00000000a7a00000|100%| E|CS|TAMS 0x00000000a7900000, 0x00000000a7900000| Complete 
|  84|0x00000000a7a00000, 0x00000000a7b00000, 0x00000000a7b00000|100%| E|CS|TAMS 0x00000000a7a00000, 0x00000000a7a00000| Complete 
|  85|0x00000000a7b00000, 0x00000000a7c00000, 0x00000000a7c00000|100%| E|CS|TAMS 0x00000000a7b00000, 0x00000000a7b00000| Complete 
|  86|0x00000000a7c00000, 0x00000000a7d00000, 0x00000000a7d00000|100%| E|CS|TAMS 0x00000000a7c00000, 0x00000000a7c00000| Complete 
|  87|0x00000000a7d00000, 0x00000000a7e00000, 0x00000000a7e00000|100%| E|CS|TAMS 0x00000000a7d00000, 0x00000000a7d00000| Complete 
|  88|0x00000000a7e00000, 0x00000000a7f00000, 0x00000000a7f00000|100%| E|CS|TAMS 0x00000000a7e00000, 0x00000000a7e00000| Complete 
|  89|0x00000000a7f00000, 0x00000000a8000000, 0x00000000a8000000|100%| E|CS|TAMS 0x00000000a7f00000, 0x00000000a7f00000| Complete 
|  90|0x00000000a8000000, 0x00000000a8100000, 0x00000000a8100000|100%| E|CS|TAMS 0x00000000a8000000, 0x00000000a8000000| Complete 
|  91|0x00000000a8100000, 0x00000000a8200000, 0x00000000a8200000|100%| E|CS|TAMS 0x00000000a8100000, 0x00000000a8100000| Complete 
|  92|0x00000000a8200000, 0x00000000a8300000, 0x00000000a8300000|100%| E|CS|TAMS 0x00000000a8200000, 0x00000000a8200000| Complete 
|  93|0x00000000a8300000, 0x00000000a8400000, 0x00000000a8400000|100%| E|CS|TAMS 0x00000000a8300000, 0x00000000a8300000| Complete 

Card table byte_map: [0x0000021c61bb0000,0x0000021c61ea0000] _byte_map_base: 0x0000021c6169d000

Marking Bits (Prev, Next): (CMBitMap*) 0x0000021c4eefe190, (CMBitMap*) 0x0000021c4eefe1d0
 Prev Bits: [0x0000021c62190000, 0x0000021c638f8000)
 Next Bits: [0x0000021c63900000, 0x0000021c65068000)

Polling page: 0x0000021c4ce20000

Metaspace:

Usage:
  Non-class:      7.82 MB used.
      Class:    797.07 KB used.
       Both:      8.60 MB used.

Virtual space:
  Non-class space:        8.00 MB reserved,       7.88 MB ( 98%) committed,  1 nodes.
      Class space:        1.00 GB reserved,     896.00 KB ( <1%) committed,  1 nodes.
             Both:        1.01 GB reserved,       8.75 MB ( <1%) committed. 

Chunk freelists:
   Non-Class:  112.00 KB
       Class:  3.14 MB
        Both:  3.25 MB

MaxMetaspaceSize: unlimited
CompressedClassSpaceSize: 1.00 GB
Initial GC threshold: 21.00 MB
Current GC threshold: 21.00 MB
CDS: off
MetaspaceReclaimPolicy: balanced
 - commit_granule_bytes: 65536.
 - commit_granule_words: 8192.
 - virtual_space_node_default_size: 1048576.
 - enlarge_chunks_in_place: 1.
 - new_chunks_are_fully_committed: 0.
 - uncommit_free_chunks: 1.
 - use_allocation_guard: 0.
 - handle_deallocations: 1.


Internal statistics:

num_allocs_failed_limit: 0.
num_arena_births: 14.
num_arena_deaths: 0.
num_vsnodes_births: 2.
num_vsnodes_deaths: 0.
num_space_committed: 140.
num_space_uncommitted: 0.
num_chunks_returned_to_freelist: 0.
num_chunks_taken_from_freelist: 66.
num_chunk_merges: 0.
num_chunk_splits: 35.
num_chunks_enlarged: 29.
num_purges: 0.
num_inconsistent_stats: 0.

CodeHeap 'non-profiled nmethods': size=120000Kb used=214Kb max_used=214Kb free=119785Kb
 bounds [0x0000021c59e40000, 0x0000021c5a0b0000, 0x0000021c61370000]
CodeHeap 'profiled nmethods': size=120000Kb used=1128Kb max_used=1128Kb free=118871Kb
 bounds [0x0000021c52370000, 0x0000021c525e0000, 0x0000021c598a0000]
CodeHeap 'non-nmethods': size=5760Kb used=1124Kb max_used=1142Kb free=4635Kb
 bounds [0x0000021c598a0000, 0x0000021c59b10000, 0x0000021c59e40000]
 total_blobs=1067 nmethods=659 adapters=321
 compilation: enabled
              stopped_count=0, restarted_count=0
 full_count=0

Compilation events (20 events):
Event: 53.295 Thread 0x0000021c68825fd0  646       3       sun.net.util.IPAddressUtil::scan (92 bytes)
Event: 53.297 Thread 0x0000021c68825fd0 nmethod 646 0x0000021c5247ba90 code [0x0000021c5247bd00, 0x0000021c5247c838]
Event: 53.438 Thread 0x0000021c68825fd0  647       3       java.security.AccessController::checkContext (49 bytes)
Event: 53.438 Thread 0x0000021c68825fd0 nmethod 647 0x0000021c5247cd90 code [0x0000021c5247cfa0, 0x0000021c5247d5f8]
Event: 53.737 Thread 0x0000021c68825fd0  648       3       jdk.internal.util.jar.JarIndex::addMapping (21 bytes)
Event: 53.737 Thread 0x0000021c68825fd0 nmethod 648 0x0000021c5247d810 code [0x0000021c5247d9c0, 0x0000021c5247db58]
Event: 53.749 Thread 0x0000021c68825fd0  649       3       java.lang.StringBuilder::<init> (6 bytes)
Event: 53.749 Thread 0x0000021c68825fd0 nmethod 649 0x0000021c5247dc10 code [0x0000021c5247dda0, 0x0000021c5247dee8]
Event: 54.409 Thread 0x0000021c68825fd0  650       3       java.io.WinNTFileSystem::normalizePrefix (132 bytes)
Event: 54.412 Thread 0x0000021c68825fd0 nmethod 650 0x0000021c5247df90 code [0x0000021c5247e3c0, 0x0000021c52480448]
Event: 54.466 Thread 0x0000021c68825fd0  651       3       jdk.internal.util.jar.JarIndex::get (49 bytes)
Event: 54.467 Thread 0x0000021c68825fd0 nmethod 651 0x0000021c52481090 code [0x0000021c524812c0, 0x0000021c52481b88]
Event: 54.467 Thread 0x0000021c68825fd0  652       3       java.lang.StringConcatHelper::initialCoder (14 bytes)
Event: 54.467 Thread 0x0000021c68825fd0 nmethod 652 0x0000021c52481e90 code [0x0000021c52482020, 0x0000021c52482138]
Event: 54.467 Thread 0x0000021c68825fd0  653       3       java.lang.String::concat (15 bytes)
Event: 54.468 Thread 0x0000021c68825620  656       4       java.lang.AbstractStringBuilder::append (45 bytes)
Event: 54.469 Thread 0x0000021c68825fd0 nmethod 653 0x0000021c52482190 code [0x0000021c524824e0, 0x0000021c52483a28]
Event: 54.469 Thread 0x0000021c68825fd0  654       3       java.lang.StringConcatHelper::simpleConcat (94 bytes)
Event: 54.471 Thread 0x0000021c68825fd0 nmethod 654 0x0000021c52484190 code [0x0000021c524844e0, 0x0000021c524859c8]
Event: 54.471 Thread 0x0000021c68825fd0  655       3       java.lang.StringConcatHelper::newString (67 bytes)

GC Heap History (0 events):
No events

Dll operation events (2 events):
Event: 0.285 Loaded shared library C:\Program Files\Android\Android Studio\jbr\bin\java.dll
Event: 30.765 Loaded shared library C:\Program Files\Android\Android Studio\jbr\bin\verify.dll

Deoptimization events (20 events):
Event: 46.989 Thread 0x0000021c4eeb29d0 DEOPT PACKING pc=0x0000021c59e63f24 sp=0x0000008be93fccf0
Event: 46.989 Thread 0x0000021c4eeb29d0 DEOPT UNPACKING pc=0x0000021c598f69a3 sp=0x0000008be93fcc68 mode 2
Event: 47.939 Thread 0x0000021c4eeb29d0 Uncommon trap: trap_request=0xffffffde fr.pc=0x0000021c59e660d8 relative=0x0000000000000e58
Event: 47.939 Thread 0x0000021c4eeb29d0 Uncommon trap: reason=class_check action=maybe_recompile pc=0x0000021c59e660d8 method=java.util.HashMap.putVal(ILjava/lang/Object;Ljava/lang/Object;ZZ)Ljava/lang/Object; @ 91 c2
Event: 47.940 Thread 0x0000021c4eeb29d0 DEOPT PACKING pc=0x0000021c59e660d8 sp=0x0000008be93f94f0
Event: 47.940 Thread 0x0000021c4eeb29d0 DEOPT UNPACKING pc=0x0000021c598f69a3 sp=0x0000008be93f9480 mode 2
Event: 48.975 Thread 0x0000021c4eeb29d0 Uncommon trap: trap_request=0xffffffde fr.pc=0x0000021c59e66180 relative=0x0000000000000f00
Event: 48.975 Thread 0x0000021c4eeb29d0 Uncommon trap: reason=class_check action=maybe_recompile pc=0x0000021c59e66180 method=java.util.HashMap.putVal(ILjava/lang/Object;Ljava/lang/Object;ZZ)Ljava/lang/Object; @ 203 c2
Event: 48.975 Thread 0x0000021c4eeb29d0 DEOPT PACKING pc=0x0000021c59e66180 sp=0x0000008be93f94f0
Event: 48.975 Thread 0x0000021c4eeb29d0 DEOPT UNPACKING pc=0x0000021c598f69a3 sp=0x0000008be93f9480 mode 2
Event: 48.984 Thread 0x0000021c4eeb29d0 Uncommon trap: trap_request=0xffffffde fr.pc=0x0000021c59e66180 relative=0x0000000000000f00
Event: 48.984 Thread 0x0000021c4eeb29d0 Uncommon trap: reason=class_check action=maybe_recompile pc=0x0000021c59e66180 method=java.util.HashMap.putVal(ILjava/lang/Object;Ljava/lang/Object;ZZ)Ljava/lang/Object; @ 203 c2
Event: 48.984 Thread 0x0000021c4eeb29d0 DEOPT PACKING pc=0x0000021c59e66180 sp=0x0000008be93f94f0
Event: 48.984 Thread 0x0000021c4eeb29d0 DEOPT UNPACKING pc=0x0000021c598f69a3 sp=0x0000008be93f9480 mode 2
Event: 50.176 Thread 0x0000021c4eeb29d0 DEOPT PACKING pc=0x0000021c523b0c98 sp=0x0000008be93f89d0
Event: 50.176 Thread 0x0000021c4eeb29d0 DEOPT UNPACKING pc=0x0000021c598f7143 sp=0x0000008be93f7e90 mode 0
Event: 52.824 Thread 0x0000021c4eeb29d0 Uncommon trap: trap_request=0xffffffde fr.pc=0x0000021c59e660d8 relative=0x0000000000000e58
Event: 52.824 Thread 0x0000021c4eeb29d0 Uncommon trap: reason=class_check action=maybe_recompile pc=0x0000021c59e660d8 method=java.util.HashMap.putVal(ILjava/lang/Object;Ljava/lang/Object;ZZ)Ljava/lang/Object; @ 91 c2
Event: 52.824 Thread 0x0000021c4eeb29d0 DEOPT PACKING pc=0x0000021c59e660d8 sp=0x0000008be93fba70
Event: 52.824 Thread 0x0000021c4eeb29d0 DEOPT UNPACKING pc=0x0000021c598f69a3 sp=0x0000008be93fba00 mode 2

Classes unloaded (0 events):
No events

Classes redefined (0 events):
No events

Internal exceptions (3 events):
Event: 36.522 Thread 0x0000021c4eeb29d0 Exception <a 'java/lang/NoSuchMethodError'{0x00000000a8026258}: 'int java.lang.invoke.DirectMethodHandle$Holder.invokeStaticInit(java.lang.Object, java.lang.Object)'> (0x00000000a8026258) 
thrown [s\src\hotspot\share\interpreter\linkResolver.cpp, line 771]
Event: 54.418 Thread 0x0000021c4eeb29d0 Exception <a 'java/lang/OutOfMemoryError'{0x00000000a7412088}> (0x00000000a7412088) 
thrown [s\src\hotspot\share\prims\jni.cpp, line 536]
Event: 54.462 Thread 0x0000021c4eeb29d0 Exception <a 'java/lang/OutOfMemoryError'{0x00000000a7412088}> (0x00000000a7412088) 
thrown [s\src\hotspot\share\oops\instanceKlass.cpp, line 1181]

VM Operations (20 events):
Event: 38.917 Executing VM operation: Cleanup
Event: 38.924 Executing VM operation: Cleanup done
Event: 39.938 Executing VM operation: Cleanup
Event: 39.949 Executing VM operation: Cleanup done
Event: 40.952 Executing VM operation: Cleanup
Event: 41.197 Executing VM operation: Cleanup done
Event: 47.233 Executing VM operation: Cleanup
Event: 47.282 Executing VM operation: Cleanup done
Event: 48.294 Executing VM operation: Cleanup
Event: 48.295 Executing VM operation: Cleanup done
Event: 49.300 Executing VM operation: Cleanup
Event: 49.327 Executing VM operation: Cleanup done
Event: 50.330 Executing VM operation: Cleanup
Event: 50.361 Executing VM operation: Cleanup done
Event: 51.367 Executing VM operation: Cleanup
Event: 51.391 Executing VM operation: Cleanup done
Event: 52.399 Executing VM operation: Cleanup
Event: 52.447 Executing VM operation: Cleanup done
Event: 53.451 Executing VM operation: Cleanup
Event: 53.452 Executing VM operation: Cleanup done

Events (20 events):
Event: 51.532 loading class java/util/concurrent/LinkedBlockingQueue$Node
Event: 51.700 loading class java/util/concurrent/LinkedBlockingQueue$Node done
Event: 51.719 loading class java/lang/SecurityException
Event: 51.729 loading class java/lang/SecurityException done
Event: 51.887 loading class java/util/Collections$EmptyEnumeration
Event: 51.890 loading class java/util/Collections$EmptyEnumeration done
Event: 51.890 loading class jdk/internal/loader/BuiltinClassLoader$1
Event: 52.103 loading class jdk/internal/loader/BuiltinClassLoader$1 done
Event: 52.592 loading class java/lang/CompoundEnumeration
Event: 52.595 loading class java/lang/CompoundEnumeration done
Event: 52.596 loading class jdk/internal/loader/URLClassPath$1
Event: 52.619 loading class jdk/internal/loader/URLClassPath$1 done
Event: 52.619 loading class java/net/URLClassLoader$3
Event: 52.631 loading class java/net/URLClassLoader$3 done
Event: 52.632 loading class java/net/URLClassLoader$3$1
Event: 52.632 loading class java/net/URLClassLoader$3$1 done
Event: 54.418 loading class java/util/zip/DataFormatException
Event: 54.436 loading class java/util/zip/DataFormatException done
Event: 54.436 loading class java/security/PrivilegedActionException
Event: 54.461 loading class java/security/PrivilegedActionException done


Dynamic libraries:
0x00007ff6a7d70000 - 0x00007ff6a7d7a000 	C:\Program Files\Android\Android Studio\jbr\bin\java.exe
0x00007ff9cbff0000 - 0x00007ff9cc207000 	C:\WINDOWS\SYSTEM32\ntdll.dll
0x00007ff9c9d30000 - 0x00007ff9c9df4000 	C:\WINDOWS\System32\KERNEL32.DLL
0x00007ff9c96d0000 - 0x00007ff9c9a7d000 	C:\WINDOWS\System32\KERNELBASE.dll
0x00007ff9c95b0000 - 0x00007ff9c96c1000 	C:\WINDOWS\System32\ucrtbase.dll
0x00007ff9bf170000 - 0x00007ff9bf187000 	C:\Program Files\Android\Android Studio\jbr\bin\jli.dll
0x00007ff9a3f30000 - 0x00007ff9a3f4b000 	C:\Program Files\Android\Android Studio\jbr\bin\VCRUNTIME140.dll
0x00007ff9cbc30000 - 0x00007ff9cbdde000 	C:\WINDOWS\System32\USER32.dll
0x00007ff9ac890000 - 0x00007ff9acb23000 	C:\WINDOWS\WinSxS\amd64_microsoft.windows.common-controls_6595b64144ccf1df_6.0.22621.3672_none_2713b9d173822955\COMCTL32.dll
0x00007ff9c9a80000 - 0x00007ff9c9aa6000 	C:\WINDOWS\System32\win32u.dll
0x00007ff9cbde0000 - 0x00007ff9cbe09000 	C:\WINDOWS\System32\GDI32.dll
0x00007ff9c9c10000 - 0x00007ff9c9d29000 	C:\WINDOWS\System32\gdi32full.dll
0x00007ff9c9fb0000 - 0x00007ff9ca057000 	C:\WINDOWS\System32\msvcrt.dll
0x00007ff9c9ab0000 - 0x00007ff9c9b4a000 	C:\WINDOWS\System32\msvcp_win.dll
0x00007ff9ca080000 - 0x00007ff9ca0b1000 	C:\WINDOWS\System32\IMM32.DLL
0x00007ff9b76e0000 - 0x00007ff9b76ec000 	C:\Program Files\Android\Android Studio\jbr\bin\vcruntime140_1.dll
0x00007ff959240000 - 0x00007ff9592cd000 	C:\Program Files\Android\Android Studio\jbr\bin\msvcp140.dll
0x00007ff934530000 - 0x00007ff93519e000 	C:\Program Files\Android\Android Studio\jbr\bin\server\jvm.dll
0x00007ff9ca0c0000 - 0x00007ff9ca172000 	C:\WINDOWS\System32\ADVAPI32.dll
0x00007ff9ca730000 - 0x00007ff9ca7d9000 	C:\WINDOWS\System32\sechost.dll
0x00007ff9c9410000 - 0x00007ff9c9438000 	C:\WINDOWS\System32\bcrypt.dll
0x00007ff9ca180000 - 0x00007ff9ca294000 	C:\WINDOWS\System32\RPCRT4.dll
0x00007ff9a3f20000 - 0x00007ff9a3f29000 	C:\WINDOWS\SYSTEM32\WSOCK32.dll
0x00007ff9c4b50000 - 0x00007ff9c4b84000 	C:\WINDOWS\SYSTEM32\WINMM.dll
0x00007ff9c0f10000 - 0x00007ff9c0f1a000 	C:\WINDOWS\SYSTEM32\VERSION.dll
0x00007ff9cb200000 - 0x00007ff9cb271000 	C:\WINDOWS\System32\WS2_32.dll
0x00007ff9c8350000 - 0x00007ff9c8368000 	C:\WINDOWS\SYSTEM32\kernel.appcore.dll
0x00007ff9a3f10000 - 0x00007ff9a3f1a000 	C:\Program Files\Android\Android Studio\jbr\bin\jimage.dll
0x00007ff9c6d70000 - 0x00007ff9c6fa2000 	C:\WINDOWS\SYSTEM32\DBGHELP.DLL
0x00007ff9cb3b0000 - 0x00007ff9cb738000 	C:\WINDOWS\System32\combase.dll
0x00007ff9cb280000 - 0x00007ff9cb357000 	C:\WINDOWS\System32\OLEAUT32.dll
0x00007ff9c1220000 - 0x00007ff9c1252000 	C:\WINDOWS\SYSTEM32\dbgcore.DLL
0x00007ff9c9320000 - 0x00007ff9c939b000 	C:\WINDOWS\System32\bcryptPrimitives.dll
0x00007ff99b3c0000 - 0x00007ff99b3e5000 	C:\Program Files\Android\Android Studio\jbr\bin\java.dll
0x00007ff99b3a0000 - 0x00007ff99b3b8000 	C:\Program Files\Android\Android Studio\jbr\bin\zip.dll
0x00007ff9ca9a0000 - 0x00007ff9cb1ff000 	C:\WINDOWS\System32\SHELL32.dll
0x00007ff9c7270000 - 0x00007ff9c7b6c000 	C:\WINDOWS\SYSTEM32\windows.storage.dll
0x00007ff9c7130000 - 0x00007ff9c726f000 	C:\WINDOWS\SYSTEM32\wintypes.dll
0x00007ff9ca3b0000 - 0x00007ff9ca4a4000 	C:\WINDOWS\System32\SHCORE.dll
0x00007ff9ca690000 - 0x00007ff9ca6ee000 	C:\WINDOWS\System32\shlwapi.dll
0x00007ff9c9250000 - 0x00007ff9c9271000 	C:\WINDOWS\SYSTEM32\profapi.dll
0x00007ff99b380000 - 0x00007ff99b399000 	C:\Program Files\Android\Android Studio\jbr\bin\net.dll
0x00007ff9c5000000 - 0x00007ff9c5136000 	C:\WINDOWS\SYSTEM32\WINHTTP.dll
0x00007ff9c87c0000 - 0x00007ff9c8829000 	C:\WINDOWS\system32\mswsock.dll
0x00007ff99aa20000 - 0x00007ff99aa36000 	C:\Program Files\Android\Android Studio\jbr\bin\nio.dll
0x00007ff99b370000 - 0x00007ff99b380000 	C:\Program Files\Android\Android Studio\jbr\bin\verify.dll

dbghelp: loaded successfully - version: 4.0.5 - missing functions: none
symbol engine: initialized successfully - sym options: 0x614 - pdb path: .;C:\Program Files\Android\Android Studio\jbr\bin;C:\WINDOWS\SYSTEM32;C:\WINDOWS\WinSxS\amd64_microsoft.windows.common-controls_6595b64144ccf1df_6.0.22621.3672_none_2713b9d173822955;C:\Program Files\Android\Android Studio\jbr\bin\server

VM Arguments:
jvm_args: -Dorg.gradle.appname=gradlew 
java_command: org.gradle.wrapper.GradleWrapperMain -q -Ptarget-platform=android-x64 -Ptarget=C:\Flutter\women_app\lib\main.dart -Pbase-application-name=android.app.Application -Pdart-defines=RkxVVFRFUl9XRUJfQVVUT19ERVRFQ1Q9dHJ1ZQ==,RkxVVFRFUl9XRUJfQ0FOVkFTS0lUX1VSTD1odHRwczovL3d3dy5nc3RhdGljLmNvbS9mbHV0dGVyLWNhbnZhc2tpdC8wNTQ1Zjg3MDVkZjMwMTg3N2Q3ODcxMDdiYWMxYTZlOWZjOWVlMWFkLw== -Pdart-obfuscation=false -Ptrack-widget-creation=true -Ptree-shake-icons=false -Pfilesystem-scheme=org-dartlang-root assembleDebug
java_class_path (initial): C:\Flutter\women_app\android\\gradle\wrapper\gradle-wrapper.jar
Launcher Type: SUN_STANDARD

[Global flags]
     intx CICompilerCount                          = 4                                         {product} {ergonomic}
     uint ConcGCThreads                            = 3                                         {product} {ergonomic}
     uint G1ConcRefinementThreads                  = 10                                        {product} {ergonomic}
   size_t G1HeapRegionSize                         = 1048576                                   {product} {ergonomic}
    uintx GCDrainStackTargetSize                   = 64                                        {product} {ergonomic}
   size_t InitialHeapSize                          = 98566144                                  {product} {ergonomic}
   size_t MarkStackSize                            = 4194304                                   {product} {ergonomic}
   size_t MaxHeapSize                              = 1570766848                                {product} {ergonomic}
   size_t MaxNewSize                               = 941621248                                 {product} {ergonomic}
   size_t MinHeapDeltaBytes                        = 1048576                                   {product} {ergonomic}
   size_t MinHeapSize                              = 8388608                                   {product} {ergonomic}
    uintx NonNMethodCodeHeapSize                   = 5839372                                {pd product} {ergonomic}
    uintx NonProfiledCodeHeapSize                  = 122909434                              {pd product} {ergonomic}
    uintx ProfiledCodeHeapSize                     = 122909434                              {pd product} {ergonomic}
    uintx ReservedCodeCacheSize                    = 251658240                              {pd product} {ergonomic}
     bool SegmentedCodeCache                       = true                                      {product} {ergonomic}
   size_t SoftMaxHeapSize                          = 1570766848                             {manageable} {ergonomic}
     bool UseCompressedClassPointers               = true                           {product lp64_product} {ergonomic}
     bool UseCompressedOops                        = true                           {product lp64_product} {ergonomic}
     bool UseG1GC                                  = true                                      {product} {ergonomic}
     bool UseLargePagesIndividualAllocation        = false                                  {pd product} {ergonomic}

Logging:
Log output configuration:
 #0: stdout all=warning uptime,level,tags
 #1: stderr all=off uptime,level,tags

Environment Variables:
JAVA_HOME=C:\Program Files\Android\Android Studio\jbr
CLASSPATH=C:\Flutter\women_app\android\\gradle\wrapper\gradle-wrapper.jar
PATH=C:\Program Files\Android\Android Studio\jbr\bin;C:\Program Files (x86)\VMware\VMware Workstation\bin\;C:\Program Files\Python311\Scripts\;C:\Program Files\Python311\;C:\Program Files\Common Files\Oracle\Java\javapath;C:\WINDOWS\system32;C:\WINDOWS;C:\WINDOWS\System32\Wbem;C:\WINDOWS\System32\WindowsPowerShell\v1.0\;C:\WINDOWS\System32\OpenSSH\;C:\Program Files\Java\jdk-20\bin;C:\Program Files\Git\cmd;C:\Program Files\Git\mingw64\bin;C:\Program Files\Git\usr\bin;C:\Users\ankit\AppData\Local\Pub\Cache\bin;C:\Program Files\nodejs\;C:\Program Files\MySQL\MySQL Server 8.0\bin;C:\MinGW\bin;C:\Users\ankit\AppData\Local\Microsoft\WindowsApps;C:\Users\ankit\AppData\Local\Programs\Microsoft VS Code\bin;C:\src\flutter\bin;C:\Android\sdk;C:\Android\sdk\platform-tools;C:\Users\ankit\AppData\Roaming\npm;C:\src\flutter\bin\mingit\cmd;C:\src\flutter\bin\mingit\cmd
USERNAME=ankit
OS=Windows_NT
PROCESSOR_IDENTIFIER=AMD64 Family 23 Model 104 Stepping 1, AuthenticAMD
TMP=C:\Users\ankit\AppData\Local\Temp
TEMP=C:\Users\ankit\AppData\Local\Temp


JNI global refs:
JNI global refs: 8, weak refs: 0

JNI global refs memory usage: 843, weak refs: 209


---------------  S Y S T E M  ---------------

OS:
 Windows 11 , 64 bit Build 22621 (10.0.22621.3672)
OS uptime: 2 days 19:41 hours

CPU: total 12 (initial active 12) (12 cores per cpu, 2 threads per core) family 23 model 104 stepping 1 microcode 0x0, cx8, cmov, fxsr, ht, mmx, 3dnowpref, sse, sse2, sse3, ssse3, sse4a, sse4.1, sse4.2, popcnt, lzcnt, tsc, tscinvbit, avx, avx2, aes, clmul, bmi1, bmi2, adx, sha, fma, vzeroupper, clflush, clflushopt

Memory: 4k page, system-wide physical 5989M (4M free)
TotalPageFile size 24421M (AvailPageFile size 0M)
current process WorkingSet (physical memory assigned to process): 1M, peak: 24M
current process commit charge ("private bytes"): 183M, peak: 183M

vm_info: OpenJDK 64-Bit Server VM (17.0.6+0-b2043.56-10027231) for windows-amd64 JRE (17.0.6+0-b2043.56-10027231), built on Apr 28 2023 00:43:19 by "androidbuild" with MS VC++ 16.10 / 16.11 (VS2019)

END.
